Log file open, 09/22/20 13:16:16
LogInit: Display: Running engine for game: BrickBreaker
LogPlatformFile: Not using cached read wrapper
LogTaskGraph: Started task graph with 5 named threads and 35 total threads with 3 sets of task threads.
LogStats: Stats thread started at 0.139976
LogD3D11RHI: Loaded GFSDK_Aftermath_Lib.x64.dll
LogICUInternationalization: ICU TimeZone Detection - Raw Offset: +2:00, Platform Override: ''
LogPluginManager: Mounting plugin Paper2D
LogPluginManager: Mounting plugin AISupport
LogPluginManager: Mounting plugin LightPropagationVolume
LogPluginManager: Mounting plugin CameraShakePreviewer
LogPluginManager: Mounting plugin ActorLayerUtilities
LogPluginManager: Mounting plugin AnimationSharing
LogPluginManager: Mounting plugin CLionSourceCodeAccess
LogPluginManager: Mounting plugin CodeLiteSourceCodeAccess
LogPluginManager: Mounting plugin GitSourceControl
LogPluginManager: Mounting plugin KDevelopSourceCodeAccess
LogPluginManager: Mounting plugin NullSourceCodeAccess
LogPluginManager: Mounting plugin PerforceSourceControl
LogPluginManager: Mounting plugin PlasticSourceControl
LogPluginManager: Mounting plugin RiderLink
LogPluginManager: Mounting plugin RiderSourceCodeAccess
LogPluginManager: Mounting plugin SubversionSourceControl
LogPluginManager: Mounting plugin UObjectPlugin
LogPluginManager: Mounting plugin VisualStudioCodeSourceCodeAccess
LogPluginManager: Mounting plugin VisualStudioSourceCodeAccess
LogPluginManager: Mounting plugin XCodeSourceCodeAccess
LogPluginManager: Mounting plugin AssetManagerEditor
LogPluginManager: Mounting plugin CryptoKeys
LogPluginManager: Mounting plugin CurveEditorTools
LogPluginManager: Mounting plugin DataValidation
LogPluginManager: Mounting plugin EditorScriptingUtilities
LogPluginManager: Mounting plugin FacialAnimation
LogPluginManager: Mounting plugin GameplayTagsEditor
LogPluginManager: Mounting plugin GeometryMode
LogPluginManager: Mounting plugin MacGraphicsSwitching
LogPluginManager: Mounting plugin MaterialAnalyzer
LogPluginManager: Mounting plugin MobileLauncherProfileWizard
LogPluginManager: Mounting plugin PluginBrowser
LogPluginManager: Mounting plugin SpeedTreeImporter
LogPluginManager: Mounting plugin DatasmithContent
LogPluginManager: Mounting plugin VariantManagerContent
LogPluginManager: Mounting plugin AlembicImporter
LogPluginManager: Mounting plugin AutomationUtils
LogPluginManager: Mounting plugin BackChannel
LogPluginManager: Mounting plugin ChaosCloth
LogPluginManager: Mounting plugin ChaosClothEditor
LogPluginManager: Mounting plugin ChaosEditor
LogPluginManager: Mounting plugin ChaosNiagara
LogPluginManager: Mounting plugin ChaosSolverPlugin
LogPluginManager: Mounting plugin CharacterAI
LogPluginManager: Mounting plugin GeometryCache
LogPluginManager: Mounting plugin GeometryCollectionPlugin
LogPluginManager: Mounting plugin GeometryProcessing
LogPluginManager: Mounting plugin PlanarCut
LogPluginManager: Mounting plugin PlatformCrypto
LogPluginManager: Mounting plugin ProxyLODPlugin
LogPluginManager: Mounting plugin SkeletalReduction
LogPluginManager: Mounting plugin Niagara
LogPluginManager: Mounting plugin MagicLeap
LogPluginManager: Mounting plugin MagicLeapLightEstimation
LogPluginManager: Mounting plugin MagicLeapMedia
LogPluginManager: Mounting plugin MagicLeapPassableWorld
LogPluginManager: Mounting plugin MLSDK
LogPluginManager: Mounting plugin AndroidMedia
LogPluginManager: Mounting plugin AvfMedia
LogPluginManager: Mounting plugin ImgMedia
LogPluginManager: Mounting plugin MediaCompositing
LogPluginManager: Mounting plugin MediaPlayerEditor
LogPluginManager: Mounting plugin WebMMedia
LogPluginManager: Mounting plugin WmfMedia
LogPluginManager: Mounting plugin MeshPainting
LogPluginManager: Mounting plugin TcpMessaging
LogPluginManager: Mounting plugin UdpMessaging
LogPluginManager: Mounting plugin ActorSequence
LogPluginManager: Mounting plugin LevelSequenceEditor
LogPluginManager: Mounting plugin MatineeToLevelSequence
LogPluginManager: Mounting plugin MovieRenderPipeline
LogPluginManager: Mounting plugin TemplateSequence
LogPluginManager: Mounting plugin NetcodeUnitTest
LogPluginManager: Mounting plugin NUTUnrealEngine4
LogPluginManager: Mounting plugin OnlineSubsystemGooglePlay
LogPluginManager: Mounting plugin OnlineSubsystemIOS
LogPluginManager: Mounting plugin OnlineSubsystem
LogPluginManager: Mounting plugin OnlineSubsystemNull
LogPluginManager: Mounting plugin OnlineSubsystemUtils
LogPluginManager: Mounting plugin LauncherChunkInstaller
LogPluginManager: Mounting plugin AndroidDeviceProfileSelector
LogPluginManager: Mounting plugin AndroidMoviePlayer
LogPluginManager: Mounting plugin AndroidPermission
LogPluginManager: Mounting plugin AppleImageUtils
LogPluginManager: Mounting plugin AppleMoviePlayer
LogPluginManager: Mounting plugin ArchVisCharacter
LogPluginManager: Mounting plugin AssetTags
LogPluginManager: Mounting plugin AudioCapture
LogPluginManager: Mounting plugin CableComponent
LogPluginManager: Mounting plugin CustomMeshComponent
LogPluginManager: Mounting plugin EditableMesh
LogPluginManager: Mounting plugin ExampleDeviceProfileSelector
LogPluginManager: Mounting plugin GoogleCloudMessaging
LogPluginManager: Mounting plugin GooglePAD
LogPluginManager: Mounting plugin IOSDeviceProfileSelector
LogPluginManager: Mounting plugin LinuxDeviceProfileSelector
LogPluginManager: Mounting plugin LocationServicesBPLibrary
LogPluginManager: Mounting plugin MobilePatchingUtils
LogPluginManager: Mounting plugin OculusVR
LogPluginManager: Mounting plugin PhysXVehicles
LogPluginManager: Mounting plugin PostSplashScreen
LogPluginManager: Mounting plugin ProceduralMeshComponent
LogPluginManager: Mounting plugin RuntimePhysXCooking
LogPluginManager: Mounting plugin SignificanceManager
LogPluginManager: Mounting plugin SoundFields
LogPluginManager: Mounting plugin SteamVR
LogPluginManager: Mounting plugin Synthesis
LogPluginManager: Mounting plugin WebMMoviePlayer
LogPluginManager: Mounting plugin WindowsMoviePlayer
LogPluginManager: Mounting plugin ScreenshotTools
LogInit: Using libcurl 7.55.1-DEV
LogInit:  - built for x86_64-pc-win32
LogInit:  - supports SSL with OpenSSL/1.1.1
LogInit:  - supports HTTP deflate (compression) using libz 1.2.8
LogInit:  - other features:
LogInit:      CURL_VERSION_SSL
LogInit:      CURL_VERSION_LIBZ
LogInit:      CURL_VERSION_IPV6
LogInit:      CURL_VERSION_ASYNCHDNS
LogInit:      CURL_VERSION_LARGEFILE
LogInit:      CURL_VERSION_IDN
LogInit:  CurlRequestOptions (configurable via config and command line):
LogInit:  - bVerifyPeer = true  - Libcurl will verify peer certificate
LogInit:  - bUseHttpProxy = false  - Libcurl will NOT use HTTP proxy
LogInit:  - bDontReuseConnections = false  - Libcurl will reuse connections
LogInit:  - MaxHostConnections = 16  - Libcurl will limit the number of connections to a host
LogInit:  - LocalHostAddr = Default
LogInit:  - BufferSize = 65536
LogOnline: OSS: Creating online subsystem instance for: NULL
LogInit: WinSock: version 1.1 (2.2), MaxSocks=32767, MaxUdp=65467
LogOnline: OSS: TryLoadSubsystemAndSetDefault: Loaded subsystem for module [NULL]
LogInit: Build: ++UE4+Release-4.25-CL-13942748
LogInit: Engine Version: 4.25.3-13942748+++UE4+Release-4.25
LogInit: Compatible Engine Version: 4.25.0-13144385+++UE4+Release-4.25
LogInit: Net CL: 13144385
LogInit: OS: Windows 10 (Release 2004) (), CPU: Intel(R) Core(TM) i5-10600K CPU @ 4.10GHz, GPU: NVIDIA GeForce RTX 2060 SUPER
LogInit: Compiled (64-bit): Jul 25 2020 02:07:48
LogInit: Compiled with Visual C++: 19.24.28315.00
LogInit: Build Configuration: Development
LogInit: Branch Name: ++UE4+Release-4.25
LogInit: Command Line: 
LogInit: Base Directory: C:/Program Files/Epic Games/UE_4.25/Engine/Binaries/Win64/
LogInit: Allocator: TBB
LogInit: Installed Engine Build: 1
LogDevObjectVersion: Number of dev versions registered: 26
LogDevObjectVersion:   Dev-Blueprints (B0D832E4-1F89-4F0D-ACCF-7EB736FD4AA2): 10
LogDevObjectVersion:   Dev-Build (E1C64328-A22C-4D53-A36C-8E866417BD8C): 0
LogDevObjectVersion:   Dev-Core (375EC13C-06E4-48FB-B500-84F0262A717E): 4
LogDevObjectVersion:   Dev-Editor (E4B068ED-F494-42E9-A231-DA0B2E46BB41): 38
LogDevObjectVersion:   Dev-Framework (CFFC743F-43B0-4480-9391-14DF171D2073): 37
LogDevObjectVersion:   Dev-Mobile (B02B49B5-BB20-44E9-A304-32B752E40360): 2
LogDevObjectVersion:   Dev-Networking (A4E4105C-59A1-49B5-A7C5-40C4547EDFEE): 0
LogDevObjectVersion:   Dev-Online (39C831C9-5AE6-47DC-9A44-9C173E1C8E7C): 0
LogDevObjectVersion:   Dev-Physics (78F01B33-EBEA-4F98-B9B4-84EACCB95AA2): 4
LogDevObjectVersion:   Dev-Platform (6631380F-2D4D-43E0-8009-CF276956A95A): 0
LogDevObjectVersion:   Dev-Rendering (12F88B9F-8875-4AFC-A67C-D90C383ABD29): 43
LogDevObjectVersion:   Dev-Sequencer (7B5AE74C-D270-4C10-A958-57980B212A5A): 12
LogDevObjectVersion:   Dev-VR (D7296918-1DD6-4BDD-9DE2-64A83CC13884): 3
LogDevObjectVersion:   Dev-LoadTimes (C2A15278-BFE7-4AFE-6C17-90FF531DF755): 1
LogDevObjectVersion:   Private-Geometry (6EACA3D4-40EC-4CC1-B786-8BED09428FC5): 3
LogDevObjectVersion:   Dev-AnimPhys (29E575DD-E0A3-4627-9D10-D276232CDCEA): 17
LogDevObjectVersion:   Dev-Anim (AF43A65D-7FD3-4947-9873-3E8ED9C1BB05): 7
LogDevObjectVersion:   Dev-ReflectionCapture (6B266CEC-1EC7-4B8F-A30B-E4D90942FC07): 1
LogDevObjectVersion:   Dev-Automation (0DF73D61-A23F-47EA-B727-89E90C41499A): 1
LogDevObjectVersion:   FortniteMain (601D1886-AC64-4F84-AA16-D3DE0DEAC7D6): 31
LogDevObjectVersion:   Dev-Enterprise (9DFFBCD6-494F-0158-E221-12823C92A888): 10
LogDevObjectVersion:   Dev-Niagara (F2AED0AC-9AFE-416F-8664-AA7FFA26D6FC): 1
LogDevObjectVersion:   Dev-Destruction (174F1F0B-B4C6-45A5-B13F-2EE8D0FB917D): 10
LogDevObjectVersion:   Dev-Physics-Ext (35F94A83-E258-406C-A318-09F59610247C): 37
LogDevObjectVersion:   Dev-PhysicsMaterial-Chaos (B68FC16E-8B1B-42E2-B453-215C058844FE): 1
LogDevObjectVersion:   Dev-CineCamera (B2E18506-4273-CFC2-A54E-F4BB758BBA07): 1
LogInit: Presizing for max 25165824 objects, including 0 objects not considered by GC, pre-allocating 0 bytes for permanent pool.
LogConfig: Applying CVar settings from Section [/Script/Engine.StreamingSettings] File [C:/Dev/Unreal Engine 4/CPP Tutorial/BrickBreaker/Saved/Config/Windows/Engine.ini]
LogConfig: Setting CVar [[s.MinBulkDataSizeForAsyncLoading:131072]]
LogConfig: Setting CVar [[s.AsyncLoadingThreadEnabled:0]]
LogConfig: Setting CVar [[s.EventDrivenLoaderEnabled:1]]
LogConfig: Setting CVar [[s.WarnIfTimeLimitExceeded:0]]
LogConfig: Setting CVar [[s.TimeLimitExceededMultiplier:1.5]]
LogConfig: Setting CVar [[s.TimeLimitExceededMinTime:0.005]]
LogConfig: Setting CVar [[s.UseBackgroundLevelStreaming:1]]
LogConfig: Setting CVar [[s.PriorityAsyncLoadingExtraTime:15.0]]
LogConfig: Setting CVar [[s.LevelStreamingActorsUpdateTimeLimit:5.0]]
LogConfig: Setting CVar [[s.PriorityLevelStreamingActorsUpdateExtraTime:5.0]]
LogConfig: Setting CVar [[s.LevelStreamingComponentsRegistrationGranularity:10]]
LogConfig: Setting CVar [[s.UnregisterComponentsTimeLimit:1.0]]
LogConfig: Setting CVar [[s.LevelStreamingComponentsUnregistrationGranularity:5]]
LogConfig: Setting CVar [[s.FlushStreamingOnExit:1]]
LogInit: Object subsystem initialized
LogConfig: Setting CVar [[con.DebugEarlyDefault:1]]
LogConfig: Setting CVar [[r.setres:1280x720]]
[2020.09.22-10.16.16:509][  0]LogConfig: Setting CVar [[r.VSync:0]]
[2020.09.22-10.16.16:509][  0]LogConfig: Setting CVar [[r.RHICmdBypass:0]]
[2020.09.22-10.16.16:509][  0]LogConfig: Applying CVar settings from Section [/Script/Engine.RendererSettings] File [C:/Dev/Unreal Engine 4/CPP Tutorial/BrickBreaker/Saved/Config/Windows/Engine.ini]
[2020.09.22-10.16.16:509][  0]LogConfig: Setting CVar [[r.GPUCrashDebugging:0]]
[2020.09.22-10.16.16:509][  0]LogConfig: Applying CVar settings from Section [/Script/Engine.RendererOverrideSettings] File [C:/Dev/Unreal Engine 4/CPP Tutorial/BrickBreaker/Saved/Config/Windows/Engine.ini]
[2020.09.22-10.16.16:509][  0]LogConfig: Applying CVar settings from Section [/Script/Engine.StreamingSettings] File [C:/Dev/Unreal Engine 4/CPP Tutorial/BrickBreaker/Saved/Config/Windows/Engine.ini]
[2020.09.22-10.16.16:509][  0]LogConfig: Setting CVar [[s.MinBulkDataSizeForAsyncLoading:131072]]
[2020.09.22-10.16.16:509][  0]LogConfig: Setting CVar [[s.AsyncLoadingThreadEnabled:0]]
[2020.09.22-10.16.16:509][  0]LogConfig: Setting CVar [[s.EventDrivenLoaderEnabled:1]]
[2020.09.22-10.16.16:509][  0]LogConfig: Setting CVar [[s.WarnIfTimeLimitExceeded:0]]
[2020.09.22-10.16.16:509][  0]LogConfig: Setting CVar [[s.TimeLimitExceededMultiplier:1.5]]
[2020.09.22-10.16.16:509][  0]LogConfig: Setting CVar [[s.TimeLimitExceededMinTime:0.005]]
[2020.09.22-10.16.16:509][  0]LogConfig: Setting CVar [[s.UseBackgroundLevelStreaming:1]]
[2020.09.22-10.16.16:509][  0]LogConfig: Setting CVar [[s.PriorityAsyncLoadingExtraTime:15.0]]
[2020.09.22-10.16.16:509][  0]LogConfig: Setting CVar [[s.LevelStreamingActorsUpdateTimeLimit:5.0]]
[2020.09.22-10.16.16:509][  0]LogConfig: Setting CVar [[s.PriorityLevelStreamingActorsUpdateExtraTime:5.0]]
[2020.09.22-10.16.16:509][  0]LogConfig: Setting CVar [[s.LevelStreamingComponentsRegistrationGranularity:10]]
[2020.09.22-10.16.16:509][  0]LogConfig: Setting CVar [[s.UnregisterComponentsTimeLimit:1.0]]
[2020.09.22-10.16.16:509][  0]LogConfig: Setting CVar [[s.LevelStreamingComponentsUnregistrationGranularity:5]]
[2020.09.22-10.16.16:509][  0]LogConfig: Setting CVar [[s.FlushStreamingOnExit:1]]
[2020.09.22-10.16.16:509][  0]LogConfig: Applying CVar settings from Section [/Script/Engine.GarbageCollectionSettings] File [C:/Dev/Unreal Engine 4/CPP Tutorial/BrickBreaker/Saved/Config/Windows/Engine.ini]
[2020.09.22-10.16.16:509][  0]LogConfig: Setting CVar [[gc.MaxObjectsNotConsideredByGC:1]]
[2020.09.22-10.16.16:509][  0]LogConfig: Setting CVar [[gc.SizeOfPermanentObjectPool:0]]
[2020.09.22-10.16.16:509][  0]LogConfig: Setting CVar [[gc.FlushStreamingOnGC:0]]
[2020.09.22-10.16.16:509][  0]LogConfig: Setting CVar [[gc.NumRetriesBeforeForcingGC:10]]
[2020.09.22-10.16.16:509][  0]LogConfig: Setting CVar [[gc.AllowParallelGC:1]]
[2020.09.22-10.16.16:509][  0]LogConfig: Setting CVar [[gc.TimeBetweenPurgingPendingKillObjects:61.1]]
[2020.09.22-10.16.16:509][  0]LogConfig: Setting CVar [[gc.MaxObjectsInEditor:25165824]]
[2020.09.22-10.16.16:509][  0]LogConfig: Setting CVar [[gc.IncrementalBeginDestroyEnabled:1]]
[2020.09.22-10.16.16:509][  0]LogConfig: Setting CVar [[gc.CreateGCClusters:1]]
[2020.09.22-10.16.16:509][  0]LogConfig: Setting CVar [[gc.MinGCClusterSize:5]]
[2020.09.22-10.16.16:509][  0]LogConfig: Setting CVar [[gc.ActorClusteringEnabled:0]]
[2020.09.22-10.16.16:509][  0]LogConfig: Setting CVar [[gc.BlueprintClusteringEnabled:0]]
[2020.09.22-10.16.16:509][  0]LogConfig: Setting CVar [[gc.UseDisregardForGCOnDedicatedServers:0]]
[2020.09.22-10.16.16:509][  0]LogConfig: Applying CVar settings from Section [/Script/Engine.NetworkSettings] File [C:/Dev/Unreal Engine 4/CPP Tutorial/BrickBreaker/Saved/Config/Windows/Engine.ini]
[2020.09.22-10.16.16:509][  0]LogConfig: Applying CVar settings from Section [/Script/UnrealEd.CookerSettings] File [C:/Dev/Unreal Engine 4/CPP Tutorial/BrickBreaker/Saved/Config/Windows/Engine.ini]
[2020.09.22-10.16.16:512][  0]LogConfig: Applying CVar settings from Section [ViewDistanceQuality@3] File [C:/Dev/Unreal Engine 4/CPP Tutorial/BrickBreaker/Saved/Config/Windows/Scalability.ini]
[2020.09.22-10.16.16:512][  0]LogConfig: Setting CVar [[r.SkeletalMeshLODBias:0]]
[2020.09.22-10.16.16:512][  0]LogConfig: Setting CVar [[r.ViewDistanceScale:1.0]]
[2020.09.22-10.16.16:512][  0]LogConfig: Applying CVar settings from Section [AntiAliasingQuality@3] File [C:/Dev/Unreal Engine 4/CPP Tutorial/BrickBreaker/Saved/Config/Windows/Scalability.ini]
[2020.09.22-10.16.16:512][  0]LogConfig: Setting CVar [[r.PostProcessAAQuality:4]]
[2020.09.22-10.16.16:512][  0]LogConfig: Applying CVar settings from Section [ShadowQuality@3] File [C:/Dev/Unreal Engine 4/CPP Tutorial/BrickBreaker/Saved/Config/Windows/Scalability.ini]
[2020.09.22-10.16.16:512][  0]LogConfig: Setting CVar [[r.LightFunctionQuality:1]]
[2020.09.22-10.16.16:512][  0]LogConfig: Setting CVar [[r.ShadowQuality:5]]
[2020.09.22-10.16.16:512][  0]LogConfig: Setting CVar [[r.Shadow.CSM.MaxCascades:10]]
[2020.09.22-10.16.16:512][  0]LogConfig: Setting CVar [[r.Shadow.MaxResolution:2048]]
[2020.09.22-10.16.16:512][  0]LogConfig: Setting CVar [[r.Shadow.MaxCSMResolution:2048]]
[2020.09.22-10.16.16:512][  0]LogConfig: Setting CVar [[r.Shadow.RadiusThreshold:0.01]]
[2020.09.22-10.16.16:512][  0]LogConfig: Setting CVar [[r.Shadow.DistanceScale:1.0]]
[2020.09.22-10.16.16:512][  0]LogConfig: Setting CVar [[r.Shadow.CSM.TransitionScale:1.0]]
[2020.09.22-10.16.16:512][  0]LogConfig: Setting CVar [[r.Shadow.PreShadowResolutionFactor:1.0]]
[2020.09.22-10.16.16:512][  0]LogConfig: Setting CVar [[r.DistanceFieldShadowing:1]]
[2020.09.22-10.16.16:512][  0]LogConfig: Setting CVar [[r.DistanceFieldAO:1]]
[2020.09.22-10.16.16:512][  0]LogConfig: Setting CVar [[r.AOQuality:2]]
[2020.09.22-10.16.16:512][  0]LogConfig: Setting CVar [[r.VolumetricFog:1]]
[2020.09.22-10.16.16:512][  0]LogConfig: Setting CVar [[r.VolumetricFog.GridPixelSize:8]]
[2020.09.22-10.16.16:512][  0]LogConfig: Setting CVar [[r.VolumetricFog.GridSizeZ:128]]
[2020.09.22-10.16.16:512][  0]LogConfig: Setting CVar [[r.VolumetricFog.HistoryMissSupersampleCount:4]]
[2020.09.22-10.16.16:512][  0]LogConfig: Setting CVar [[r.LightMaxDrawDistanceScale:1]]
[2020.09.22-10.16.16:512][  0]LogConfig: Setting CVar [[r.CapsuleShadows:1]]
[2020.09.22-10.16.16:512][  0]LogConfig: Applying CVar settings from Section [PostProcessQuality@3] File [C:/Dev/Unreal Engine 4/CPP Tutorial/BrickBreaker/Saved/Config/Windows/Scalability.ini]
[2020.09.22-10.16.16:512][  0]LogConfig: Setting CVar [[r.MotionBlurQuality:4]]
[2020.09.22-10.16.16:512][  0]LogConfig: Setting CVar [[r.AmbientOcclusionMipLevelFactor:0.4]]
[2020.09.22-10.16.16:512][  0]LogConfig: Setting CVar [[r.AmbientOcclusionMaxQuality:100]]
[2020.09.22-10.16.16:512][  0]LogConfig: Setting CVar [[r.AmbientOcclusionLevels:-1]]
[2020.09.22-10.16.16:512][  0]LogConfig: Setting CVar [[r.AmbientOcclusionRadiusScale:1.0]]
[2020.09.22-10.16.16:512][  0]LogConfig: Setting CVar [[r.DepthOfFieldQuality:2]]
[2020.09.22-10.16.16:512][  0]LogConfig: Setting CVar [[r.RenderTargetPoolMin:400]]
[2020.09.22-10.16.16:512][  0]LogConfig: Setting CVar [[r.LensFlareQuality:2]]
[2020.09.22-10.16.16:512][  0]LogConfig: Setting CVar [[r.SceneColorFringeQuality:1]]
[2020.09.22-10.16.16:512][  0]LogConfig: Setting CVar [[r.EyeAdaptationQuality:2]]
[2020.09.22-10.16.16:512][  0]LogConfig: Setting CVar [[r.BloomQuality:5]]
[2020.09.22-10.16.16:512][  0]LogConfig: Setting CVar [[r.FastBlurThreshold:100]]
[2020.09.22-10.16.16:512][  0]LogConfig: Setting CVar [[r.Upscale.Quality:3]]
[2020.09.22-10.16.16:512][  0]LogConfig: Setting CVar [[r.Tonemapper.GrainQuantization:1]]
[2020.09.22-10.16.16:512][  0]LogConfig: Setting CVar [[r.LightShaftQuality:1]]
[2020.09.22-10.16.16:512][  0]LogConfig: Setting CVar [[r.Filter.SizeScale:1]]
[2020.09.22-10.16.16:512][  0]LogConfig: Setting CVar [[r.Tonemapper.Quality:5]]
[2020.09.22-10.16.16:512][  0]LogConfig: Setting CVar [[r.DOF.Gather.AccumulatorQuality:1        ; higher gathering accumulator quality]]
[2020.09.22-10.16.16:512][  0]LogConfig: Setting CVar [[r.DOF.Gather.PostfilterMethod:1          ; Median3x3 postfilering method]]
[2020.09.22-10.16.16:512][  0]LogConfig: Setting CVar [[r.DOF.Gather.EnableBokehSettings:0       ; no bokeh simulation when gathering]]
[2020.09.22-10.16.16:512][  0]LogConfig: Setting CVar [[r.DOF.Gather.RingCount:4                 ; medium number of samples when gathering]]
[2020.09.22-10.16.16:512][  0]LogConfig: Setting CVar [[r.DOF.Scatter.ForegroundCompositing:1    ; additive foreground scattering]]
[2020.09.22-10.16.16:513][  0]LogConfig: Setting CVar [[r.DOF.Scatter.BackgroundCompositing:2    ; additive background scattering]]
[2020.09.22-10.16.16:513][  0]LogConfig: Setting CVar [[r.DOF.Scatter.EnableBokehSettings:1      ; bokeh simulation when scattering]]
[2020.09.22-10.16.16:513][  0]LogConfig: Setting CVar [[r.DOF.Scatter.MaxSpriteRatio:0.1         ; only a maximum of 10% of scattered bokeh]]
[2020.09.22-10.16.16:513][  0]LogConfig: Setting CVar [[r.DOF.Recombine.Quality:1                ; cheap slight out of focus]]
[2020.09.22-10.16.16:513][  0]LogConfig: Setting CVar [[r.DOF.Recombine.EnableBokehSettings:0    ; no bokeh simulation on slight out of focus]]
[2020.09.22-10.16.16:513][  0]LogConfig: Setting CVar [[r.DOF.TemporalAAQuality:1                ; more stable temporal accumulation]]
[2020.09.22-10.16.16:513][  0]LogConfig: Setting CVar [[r.DOF.Kernel.MaxForegroundRadius:0.025]]
[2020.09.22-10.16.16:513][  0]LogConfig: Setting CVar [[r.DOF.Kernel.MaxBackgroundRadius:0.025]]
[2020.09.22-10.16.16:513][  0]LogConfig: Applying CVar settings from Section [TextureQuality@3] File [C:/Dev/Unreal Engine 4/CPP Tutorial/BrickBreaker/Saved/Config/Windows/Scalability.ini]
[2020.09.22-10.16.16:513][  0]LogConfig: Setting CVar [[r.Streaming.MipBias:0]]
[2020.09.22-10.16.16:513][  0]LogConfig: Setting CVar [[r.Streaming.AmortizeCPUToGPUCopy:0]]
[2020.09.22-10.16.16:513][  0]LogConfig: Setting CVar [[r.Streaming.MaxNumTexturesToStreamPerFrame:0]]
[2020.09.22-10.16.16:513][  0]LogConfig: Setting CVar [[r.Streaming.Boost:1]]
[2020.09.22-10.16.16:513][  0]LogConfig: Setting CVar [[r.MaxAnisotropy:8]]
[2020.09.22-10.16.16:513][  0]LogConfig: Setting CVar [[r.VT.MaxAnisotropy:8]]
[2020.09.22-10.16.16:513][  0]LogConfig: Setting CVar [[r.Streaming.LimitPoolSizeToVRAM:0]]
[2020.09.22-10.16.16:513][  0]LogConfig: Setting CVar [[r.Streaming.PoolSize:1000]]
[2020.09.22-10.16.16:513][  0]LogConfig: Setting CVar [[r.Streaming.MaxEffectiveScreenSize:0]]
[2020.09.22-10.16.16:513][  0]LogConfig: Applying CVar settings from Section [EffectsQuality@3] File [C:/Dev/Unreal Engine 4/CPP Tutorial/BrickBreaker/Saved/Config/Windows/Scalability.ini]
[2020.09.22-10.16.16:513][  0]LogConfig: Setting CVar [[r.TranslucencyLightingVolumeDim:64]]
[2020.09.22-10.16.16:513][  0]LogConfig: Setting CVar [[r.RefractionQuality:2]]
[2020.09.22-10.16.16:513][  0]LogConfig: Setting CVar [[r.SSR.Quality:3]]
[2020.09.22-10.16.16:513][  0]LogConfig: Setting CVar [[r.SSR.HalfResSceneColor:0]]
[2020.09.22-10.16.16:513][  0]LogConfig: Setting CVar [[r.SceneColorFormat:4]]
[2020.09.22-10.16.16:513][  0]LogConfig: Setting CVar [[r.DetailMode:2]]
[2020.09.22-10.16.16:513][  0]LogConfig: Setting CVar [[r.TranslucencyVolumeBlur:1]]
[2020.09.22-10.16.16:513][  0]LogConfig: Setting CVar [[r.MaterialQualityLevel:1 ; High quality]]
[2020.09.22-10.16.16:513][  0]LogConfig: Setting CVar [[r.SSS.Scale:1]]
[2020.09.22-10.16.16:513][  0]LogConfig: Setting CVar [[r.SSS.SampleSet:2]]
[2020.09.22-10.16.16:513][  0]LogConfig: Setting CVar [[r.SSS.Quality:1]]
[2020.09.22-10.16.16:513][  0]LogConfig: Setting CVar [[r.SSS.HalfRes:0]]
[2020.09.22-10.16.16:513][  0]LogConfig: Setting CVar [[r.SSGI.Quality:3]]
[2020.09.22-10.16.16:513][  0]LogConfig: Setting CVar [[r.EmitterSpawnRateScale:1.0]]
[2020.09.22-10.16.16:513][  0]LogConfig: Setting CVar [[r.ParticleLightQuality:2]]
[2020.09.22-10.16.16:513][  0]LogConfig: Setting CVar [[r.SkyAtmosphere.AerialPerspectiveLUT.FastApplyOnOpaque:1 ; Always have FastSkyLUT 1 in this case to avoid wrong sky]]
[2020.09.22-10.16.16:513][  0]LogConfig: Setting CVar [[r.SkyAtmosphere.AerialPerspectiveLUT.SampleCountPerSlice:1]]
[2020.09.22-10.16.16:513][  0]LogConfig: Setting CVar [[r.SkyAtmosphere.AerialPerspectiveLUT.DepthResolution:16.0]]
[2020.09.22-10.16.16:513][  0]LogConfig: Setting CVar [[r.SkyAtmosphere.FastSkyLUT:1]]
[2020.09.22-10.16.16:513][  0]LogConfig: Setting CVar [[r.SkyAtmosphere.FastSkyLUT.SampleCountMin:4.0]]
[2020.09.22-10.16.16:513][  0]LogConfig: Setting CVar [[r.SkyAtmosphere.FastSkyLUT.SampleCountMax:32.0]]
[2020.09.22-10.16.16:513][  0]LogConfig: Setting CVar [[r.SkyAtmosphere.SampleCountMin:4.0]]
[2020.09.22-10.16.16:513][  0]LogConfig: Setting CVar [[r.SkyAtmosphere.SampleCountMax:32.0]]
[2020.09.22-10.16.16:513][  0]LogConfig: Setting CVar [[r.SkyAtmosphere.TransmittanceLUT.UseSmallFormat:0]]
[2020.09.22-10.16.16:513][  0]LogConfig: Setting CVar [[r.SkyAtmosphere.TransmittanceLUT.SampleCount:10.0]]
[2020.09.22-10.16.16:513][  0]LogConfig: Setting CVar [[r.SkyAtmosphere.MultiScatteringLUT.SampleCount:15.0]]
[2020.09.22-10.16.16:513][  0]LogConfig: Applying CVar settings from Section [FoliageQuality@3] File [C:/Dev/Unreal Engine 4/CPP Tutorial/BrickBreaker/Saved/Config/Windows/Scalability.ini]
[2020.09.22-10.16.16:513][  0]LogConfig: Setting CVar [[foliage.DensityScale:1.0]]
[2020.09.22-10.16.16:513][  0]LogConfig: Setting CVar [[grass.DensityScale:1.0]]
[2020.09.22-10.16.16:513][  0]LogConfig: Applying CVar settings from Section [ShadingQuality@3] File [C:/Dev/Unreal Engine 4/CPP Tutorial/BrickBreaker/Saved/Config/Windows/Scalability.ini]
[2020.09.22-10.16.16:513][  0]LogConfig: Setting CVar [[r.HairStrands.SkyLighting.SampleCount:16]]
[2020.09.22-10.16.16:513][  0]LogConfig: Setting CVar [[r.HairStrands.SkyLighting.JitterIntegration:0]]
[2020.09.22-10.16.16:513][  0]LogConfig: Setting CVar [[r.HairStrands.SkyAO.SampleCount:16]]
[2020.09.22-10.16.16:513][  0]LogConfig: Setting CVar [[r.HairStrands.DeepShadow.SuperSampling:0]]
[2020.09.22-10.16.16:513][  0]LogConfig: Setting CVar [[r.HairStrands.VisibilityPPLL:0]]
[2020.09.22-10.16.16:513][  0]LogConfig: Setting CVar [[r.HairStrands.RasterizationScale:0.5]]
[2020.09.22-10.16.16:513][  0]LogConfig: Setting CVar [[r.HairStrands.VelocityRasterizationScale:1]]
[2020.09.22-10.16.16:513][  0]LogInit: Selected Device Profile: [Windows]
[2020.09.22-10.16.16:513][  0]LogInit: Applying CVar settings loaded from the selected device profile: [Windows]
[2020.09.22-10.16.16:513][  0]LogHAL: Display: Platform has ~ 16 GB [17096294400 / 17179869184 / 16], which maps to Larger [LargestMinGB=32, LargerMinGB=12, DefaultMinGB=8, SmallerMinGB=6, SmallestMinGB=0)
[2020.09.22-10.16.16:513][  0]LogInit: Going up to parent DeviceProfile []
[2020.09.22-10.16.16:513][  0]LogConfig: Applying CVar settings from Section [ViewDistanceQuality@3] File [C:/Dev/Unreal Engine 4/CPP Tutorial/BrickBreaker/Saved/Config/Windows/Scalability.ini]
[2020.09.22-10.16.16:513][  0]LogConfig: Setting CVar [[r.SkeletalMeshLODBias:0]]
[2020.09.22-10.16.16:513][  0]LogConfig: Setting CVar [[r.ViewDistanceScale:1.0]]
[2020.09.22-10.16.16:513][  0]LogConfig: Applying CVar settings from Section [AntiAliasingQuality@3] File [C:/Dev/Unreal Engine 4/CPP Tutorial/BrickBreaker/Saved/Config/Windows/Scalability.ini]
[2020.09.22-10.16.16:513][  0]LogConfig: Setting CVar [[r.PostProcessAAQuality:4]]
[2020.09.22-10.16.16:513][  0]LogConfig: Applying CVar settings from Section [ShadowQuality@3] File [C:/Dev/Unreal Engine 4/CPP Tutorial/BrickBreaker/Saved/Config/Windows/Scalability.ini]
[2020.09.22-10.16.16:513][  0]LogConfig: Setting CVar [[r.LightFunctionQuality:1]]
[2020.09.22-10.16.16:513][  0]LogConfig: Setting CVar [[r.ShadowQuality:5]]
[2020.09.22-10.16.16:513][  0]LogConfig: Setting CVar [[r.Shadow.CSM.MaxCascades:10]]
[2020.09.22-10.16.16:513][  0]LogConfig: Setting CVar [[r.Shadow.MaxResolution:2048]]
[2020.09.22-10.16.16:513][  0]LogConfig: Setting CVar [[r.Shadow.MaxCSMResolution:2048]]
[2020.09.22-10.16.16:513][  0]LogConfig: Setting CVar [[r.Shadow.RadiusThreshold:0.01]]
[2020.09.22-10.16.16:513][  0]LogConfig: Setting CVar [[r.Shadow.DistanceScale:1.0]]
[2020.09.22-10.16.16:513][  0]LogConfig: Setting CVar [[r.Shadow.CSM.TransitionScale:1.0]]
[2020.09.22-10.16.16:513][  0]LogConfig: Setting CVar [[r.Shadow.PreShadowResolutionFactor:1.0]]
[2020.09.22-10.16.16:513][  0]LogConfig: Setting CVar [[r.DistanceFieldShadowing:1]]
[2020.09.22-10.16.16:513][  0]LogConfig: Setting CVar [[r.DistanceFieldAO:1]]
[2020.09.22-10.16.16:513][  0]LogConfig: Setting CVar [[r.AOQuality:2]]
[2020.09.22-10.16.16:513][  0]LogConfig: Setting CVar [[r.VolumetricFog:1]]
[2020.09.22-10.16.16:513][  0]LogConfig: Setting CVar [[r.VolumetricFog.GridPixelSize:8]]
[2020.09.22-10.16.16:513][  0]LogConfig: Setting CVar [[r.VolumetricFog.GridSizeZ:128]]
[2020.09.22-10.16.16:513][  0]LogConfig: Setting CVar [[r.VolumetricFog.HistoryMissSupersampleCount:4]]
[2020.09.22-10.16.16:513][  0]LogConfig: Setting CVar [[r.LightMaxDrawDistanceScale:1]]
[2020.09.22-10.16.16:513][  0]LogConfig: Setting CVar [[r.CapsuleShadows:1]]
[2020.09.22-10.16.16:513][  0]LogConfig: Applying CVar settings from Section [PostProcessQuality@3] File [C:/Dev/Unreal Engine 4/CPP Tutorial/BrickBreaker/Saved/Config/Windows/Scalability.ini]
[2020.09.22-10.16.16:513][  0]LogConfig: Setting CVar [[r.MotionBlurQuality:4]]
[2020.09.22-10.16.16:513][  0]LogConfig: Setting CVar [[r.AmbientOcclusionMipLevelFactor:0.4]]
[2020.09.22-10.16.16:513][  0]LogConfig: Setting CVar [[r.AmbientOcclusionMaxQuality:100]]
[2020.09.22-10.16.16:513][  0]LogConfig: Setting CVar [[r.AmbientOcclusionLevels:-1]]
[2020.09.22-10.16.16:513][  0]LogConfig: Setting CVar [[r.AmbientOcclusionRadiusScale:1.0]]
[2020.09.22-10.16.16:513][  0]LogConfig: Setting CVar [[r.DepthOfFieldQuality:2]]
[2020.09.22-10.16.16:513][  0]LogConfig: Setting CVar [[r.RenderTargetPoolMin:400]]
[2020.09.22-10.16.16:513][  0]LogConfig: Setting CVar [[r.LensFlareQuality:2]]
[2020.09.22-10.16.16:513][  0]LogConfig: Setting CVar [[r.SceneColorFringeQuality:1]]
[2020.09.22-10.16.16:513][  0]LogConfig: Setting CVar [[r.EyeAdaptationQuality:2]]
[2020.09.22-10.16.16:513][  0]LogConfig: Setting CVar [[r.BloomQuality:5]]
[2020.09.22-10.16.16:513][  0]LogConfig: Setting CVar [[r.FastBlurThreshold:100]]
[2020.09.22-10.16.16:513][  0]LogConfig: Setting CVar [[r.Upscale.Quality:3]]
[2020.09.22-10.16.16:513][  0]LogConfig: Setting CVar [[r.Tonemapper.GrainQuantization:1]]
[2020.09.22-10.16.16:513][  0]LogConfig: Setting CVar [[r.LightShaftQuality:1]]
[2020.09.22-10.16.16:513][  0]LogConfig: Setting CVar [[r.Filter.SizeScale:1]]
[2020.09.22-10.16.16:513][  0]LogConfig: Setting CVar [[r.Tonemapper.Quality:5]]
[2020.09.22-10.16.16:513][  0]LogConfig: Setting CVar [[r.DOF.Gather.AccumulatorQuality:1        ; higher gathering accumulator quality]]
[2020.09.22-10.16.16:513][  0]LogConfig: Setting CVar [[r.DOF.Gather.PostfilterMethod:1          ; Median3x3 postfilering method]]
[2020.09.22-10.16.16:513][  0]LogConfig: Setting CVar [[r.DOF.Gather.EnableBokehSettings:0       ; no bokeh simulation when gathering]]
[2020.09.22-10.16.16:513][  0]LogConfig: Setting CVar [[r.DOF.Gather.RingCount:4                 ; medium number of samples when gathering]]
[2020.09.22-10.16.16:513][  0]LogConfig: Setting CVar [[r.DOF.Scatter.ForegroundCompositing:1    ; additive foreground scattering]]
[2020.09.22-10.16.16:513][  0]LogConfig: Setting CVar [[r.DOF.Scatter.BackgroundCompositing:2    ; additive background scattering]]
[2020.09.22-10.16.16:513][  0]LogConfig: Setting CVar [[r.DOF.Scatter.EnableBokehSettings:1      ; bokeh simulation when scattering]]
[2020.09.22-10.16.16:513][  0]LogConfig: Setting CVar [[r.DOF.Scatter.MaxSpriteRatio:0.1         ; only a maximum of 10% of scattered bokeh]]
[2020.09.22-10.16.16:513][  0]LogConfig: Setting CVar [[r.DOF.Recombine.Quality:1                ; cheap slight out of focus]]
[2020.09.22-10.16.16:514][  0]LogConfig: Setting CVar [[r.DOF.Recombine.EnableBokehSettings:0    ; no bokeh simulation on slight out of focus]]
[2020.09.22-10.16.16:514][  0]LogConfig: Setting CVar [[r.DOF.TemporalAAQuality:1                ; more stable temporal accumulation]]
[2020.09.22-10.16.16:514][  0]LogConfig: Setting CVar [[r.DOF.Kernel.MaxForegroundRadius:0.025]]
[2020.09.22-10.16.16:514][  0]LogConfig: Setting CVar [[r.DOF.Kernel.MaxBackgroundRadius:0.025]]
[2020.09.22-10.16.16:514][  0]LogConfig: Applying CVar settings from Section [TextureQuality@3] File [C:/Dev/Unreal Engine 4/CPP Tutorial/BrickBreaker/Saved/Config/Windows/Scalability.ini]
[2020.09.22-10.16.16:514][  0]LogConfig: Setting CVar [[r.Streaming.MipBias:0]]
[2020.09.22-10.16.16:514][  0]LogConfig: Setting CVar [[r.Streaming.AmortizeCPUToGPUCopy:0]]
[2020.09.22-10.16.16:514][  0]LogConfig: Setting CVar [[r.Streaming.MaxNumTexturesToStreamPerFrame:0]]
[2020.09.22-10.16.16:514][  0]LogConfig: Setting CVar [[r.Streaming.Boost:1]]
[2020.09.22-10.16.16:514][  0]LogConfig: Setting CVar [[r.MaxAnisotropy:8]]
[2020.09.22-10.16.16:514][  0]LogConfig: Setting CVar [[r.VT.MaxAnisotropy:8]]
[2020.09.22-10.16.16:514][  0]LogConfig: Setting CVar [[r.Streaming.LimitPoolSizeToVRAM:0]]
[2020.09.22-10.16.16:514][  0]LogConfig: Setting CVar [[r.Streaming.PoolSize:1000]]
[2020.09.22-10.16.16:514][  0]LogConfig: Setting CVar [[r.Streaming.MaxEffectiveScreenSize:0]]
[2020.09.22-10.16.16:514][  0]LogConfig: Applying CVar settings from Section [EffectsQuality@3] File [C:/Dev/Unreal Engine 4/CPP Tutorial/BrickBreaker/Saved/Config/Windows/Scalability.ini]
[2020.09.22-10.16.16:514][  0]LogConfig: Setting CVar [[r.TranslucencyLightingVolumeDim:64]]
[2020.09.22-10.16.16:514][  0]LogConfig: Setting CVar [[r.RefractionQuality:2]]
[2020.09.22-10.16.16:514][  0]LogConfig: Setting CVar [[r.SSR.Quality:3]]
[2020.09.22-10.16.16:514][  0]LogConfig: Setting CVar [[r.SSR.HalfResSceneColor:0]]
[2020.09.22-10.16.16:514][  0]LogConfig: Setting CVar [[r.SceneColorFormat:4]]
[2020.09.22-10.16.16:514][  0]LogConfig: Setting CVar [[r.DetailMode:2]]
[2020.09.22-10.16.16:514][  0]LogConfig: Setting CVar [[r.TranslucencyVolumeBlur:1]]
[2020.09.22-10.16.16:514][  0]LogConfig: Setting CVar [[r.MaterialQualityLevel:1 ; High quality]]
[2020.09.22-10.16.16:514][  0]LogConfig: Setting CVar [[r.SSS.Scale:1]]
[2020.09.22-10.16.16:514][  0]LogConfig: Setting CVar [[r.SSS.SampleSet:2]]
[2020.09.22-10.16.16:514][  0]LogConfig: Setting CVar [[r.SSS.Quality:1]]
[2020.09.22-10.16.16:514][  0]LogConfig: Setting CVar [[r.SSS.HalfRes:0]]
[2020.09.22-10.16.16:514][  0]LogConfig: Setting CVar [[r.SSGI.Quality:3]]
[2020.09.22-10.16.16:514][  0]LogConfig: Setting CVar [[r.EmitterSpawnRateScale:1.0]]
[2020.09.22-10.16.16:514][  0]LogConfig: Setting CVar [[r.ParticleLightQuality:2]]
[2020.09.22-10.16.16:514][  0]LogConfig: Setting CVar [[r.SkyAtmosphere.AerialPerspectiveLUT.FastApplyOnOpaque:1 ; Always have FastSkyLUT 1 in this case to avoid wrong sky]]
[2020.09.22-10.16.16:514][  0]LogConfig: Setting CVar [[r.SkyAtmosphere.AerialPerspectiveLUT.SampleCountPerSlice:1]]
[2020.09.22-10.16.16:514][  0]LogConfig: Setting CVar [[r.SkyAtmosphere.AerialPerspectiveLUT.DepthResolution:16.0]]
[2020.09.22-10.16.16:514][  0]LogConfig: Setting CVar [[r.SkyAtmosphere.FastSkyLUT:1]]
[2020.09.22-10.16.16:514][  0]LogConfig: Setting CVar [[r.SkyAtmosphere.FastSkyLUT.SampleCountMin:4.0]]
[2020.09.22-10.16.16:514][  0]LogConfig: Setting CVar [[r.SkyAtmosphere.FastSkyLUT.SampleCountMax:32.0]]
[2020.09.22-10.16.16:514][  0]LogConfig: Setting CVar [[r.SkyAtmosphere.SampleCountMin:4.0]]
[2020.09.22-10.16.16:514][  0]LogConfig: Setting CVar [[r.SkyAtmosphere.SampleCountMax:32.0]]
[2020.09.22-10.16.16:514][  0]LogConfig: Setting CVar [[r.SkyAtmosphere.TransmittanceLUT.UseSmallFormat:0]]
[2020.09.22-10.16.16:514][  0]LogConfig: Setting CVar [[r.SkyAtmosphere.TransmittanceLUT.SampleCount:10.0]]
[2020.09.22-10.16.16:514][  0]LogConfig: Setting CVar [[r.SkyAtmosphere.MultiScatteringLUT.SampleCount:15.0]]
[2020.09.22-10.16.16:514][  0]LogConfig: Applying CVar settings from Section [FoliageQuality@3] File [C:/Dev/Unreal Engine 4/CPP Tutorial/BrickBreaker/Saved/Config/Windows/Scalability.ini]
[2020.09.22-10.16.16:514][  0]LogConfig: Setting CVar [[foliage.DensityScale:1.0]]
[2020.09.22-10.16.16:514][  0]LogConfig: Setting CVar [[grass.DensityScale:1.0]]
[2020.09.22-10.16.16:514][  0]LogConfig: Applying CVar settings from Section [ShadingQuality@3] File [C:/Dev/Unreal Engine 4/CPP Tutorial/BrickBreaker/Saved/Config/Windows/Scalability.ini]
[2020.09.22-10.16.16:514][  0]LogConfig: Setting CVar [[r.HairStrands.SkyLighting.SampleCount:16]]
[2020.09.22-10.16.16:514][  0]LogConfig: Setting CVar [[r.HairStrands.SkyLighting.JitterIntegration:0]]
[2020.09.22-10.16.16:514][  0]LogConfig: Setting CVar [[r.HairStrands.SkyAO.SampleCount:16]]
[2020.09.22-10.16.16:514][  0]LogConfig: Setting CVar [[r.HairStrands.DeepShadow.SuperSampling:0]]
[2020.09.22-10.16.16:514][  0]LogConfig: Setting CVar [[r.HairStrands.VisibilityPPLL:0]]
[2020.09.22-10.16.16:514][  0]LogConfig: Setting CVar [[r.HairStrands.RasterizationScale:0.5]]
[2020.09.22-10.16.16:514][  0]LogConfig: Setting CVar [[r.HairStrands.VelocityRasterizationScale:1]]
[2020.09.22-10.16.16:514][  0]LogConfig: Applying CVar settings from Section [Startup] File [../../../Engine/Config/ConsoleVariables.ini]
[2020.09.22-10.16.16:514][  0]LogConfig: Setting CVar [[net.UseAdaptiveNetUpdateFrequency:0]]
[2020.09.22-10.16.16:514][  0]LogConfig: Setting CVar [[p.chaos.AllowCreatePhysxBodies:1]]
[2020.09.22-10.16.16:514][  0]LogConfig: Setting CVar [[fx.SkipVectorVMBackendOptimizations:1]]
[2020.09.22-10.16.16:514][  0]LogConfig: Applying CVar settings from Section [ConsoleVariables] File [C:/Dev/Unreal Engine 4/CPP Tutorial/BrickBreaker/Saved/Config/Windows/Engine.ini]
[2020.09.22-10.16.16:514][  0]LogInit: Computer: DESKTOP-VTQU2OB
[2020.09.22-10.16.16:514][  0]LogInit: User: Bman
[2020.09.22-10.16.16:514][  0]LogInit: CPU Page size=4096, Cores=6
[2020.09.22-10.16.16:514][  0]LogInit: High frequency timer resolution =10.000000 MHz
[2020.09.22-10.16.16:514][  0]LogMemory: Memory total: Physical=15.9GB (16GB approx)
[2020.09.22-10.16.16:514][  0]LogMemory: Platform Memory Stats for Windows
[2020.09.22-10.16.16:514][  0]LogMemory: Process Physical Memory: 116.18 MB used, 116.19 MB peak
[2020.09.22-10.16.16:514][  0]LogMemory: Process Virtual Memory: 107.28 MB used, 107.28 MB peak
[2020.09.22-10.16.16:514][  0]LogMemory: Physical Memory: 9735.90 MB used,  6568.40 MB free, 16304.30 MB total
[2020.09.22-10.16.16:514][  0]LogMemory: Virtual Memory: 5176.77 MB used,  134212552.00 MB free, 134217728.00 MB total
[2020.09.22-10.16.16:518][  0]LogWindows: WindowsPlatformFeatures enabled
[2020.09.22-10.16.16:547][  0]LogInit: Physics initialised using underlying interface: PhysX
[2020.09.22-10.16.16:547][  0]LogInit: Using OS detected language (en-US).
[2020.09.22-10.16.16:547][  0]LogInit: Using OS detected locale (en-NZ).
[2020.09.22-10.16.16:549][  0]LogTextLocalizationManager: No specific localization for 'en-US' exists, so the 'en' localization will be used.
[2020.09.22-10.16.16:670][  0]LogInit: Setting process to per monitor DPI aware
[2020.09.22-10.16.16:692][  0]LogSlate: New Slate User Created.  User Index 0, Is Virtual User: 0
[2020.09.22-10.16.16:692][  0]LogSlate: Slate User Registered.  User Index 0, Is Virtual User: 0
[2020.09.22-10.16.16:782][  0]LogHMD: Failed to initialize OpenVR with code 110
[2020.09.22-10.16.16:782][  0]LogD3D11RHI: D3D11 min allowed feature level: 11_0
[2020.09.22-10.16.16:782][  0]LogD3D11RHI: D3D11 max allowed feature level: 11_0
[2020.09.22-10.16.16:782][  0]LogD3D11RHI: D3D11 adapters:
[2020.09.22-10.16.16:888][  0]LogD3D11RHI:    0. 'NVIDIA GeForce RTX 2060 SUPER' (Feature Level 11_0)
[2020.09.22-10.16.16:888][  0]LogD3D11RHI:       8031/0/8152 MB DedicatedVideo/DedicatedSystem/SharedSystem, Outputs:2, VendorId:0x10de
[2020.09.22-10.16.16:890][  0]LogD3D11RHI:    1. 'Microsoft Basic Render Driver' (Feature Level 11_0)
[2020.09.22-10.16.16:890][  0]LogD3D11RHI:       0/0/8152 MB DedicatedVideo/DedicatedSystem/SharedSystem, Outputs:0, VendorId:0x1414
[2020.09.22-10.16.16:890][  0]LogD3D11RHI: Chosen D3D11 Adapter: 0
[2020.09.22-10.16.16:894][  0]LogD3D11RHI: Creating new Direct3DDevice
[2020.09.22-10.16.16:894][  0]LogD3D11RHI:     GPU DeviceId: 0x1f06 (for the marketing name, search the web for "GPU Device Id")
[2020.09.22-10.16.16:894][  0]LogWindows: EnumDisplayDevices:
[2020.09.22-10.16.16:894][  0]LogWindows:    0. 'NVIDIA GeForce RTX 2060 SUPER' (P:1 D:1)
[2020.09.22-10.16.16:894][  0]LogWindows:    1. 'NVIDIA GeForce RTX 2060 SUPER' (P:0 D:1)
[2020.09.22-10.16.16:894][  0]LogWindows:    2. 'NVIDIA GeForce RTX 2060 SUPER' (P:0 D:0)
[2020.09.22-10.16.16:894][  0]LogWindows:    3. 'NVIDIA GeForce RTX 2060 SUPER' (P:0 D:0)
[2020.09.22-10.16.16:894][  0]LogWindows: DebugString: FoundDriverCount:4 
[2020.09.22-10.16.16:894][  0]LogD3D11RHI:     Adapter Name: NVIDIA GeForce RTX 2060 SUPER
[2020.09.22-10.16.16:894][  0]LogD3D11RHI:   Driver Version: 456.38 (internal:27.21.14.5638, unified:456.38)
[2020.09.22-10.16.16:894][  0]LogD3D11RHI:      Driver Date: 9-14-2020
[2020.09.22-10.16.16:894][  0]LogRHI: Texture pool is 5621 MB (70% of 8031 MB)
[2020.09.22-10.16.16:940][  0]LogD3D11RHI: RHI has support for 64 bit atomics
[2020.09.22-10.16.16:941][  0]LogD3D11RHI: [Aftermath] Enabled and primed
[2020.09.22-10.16.16:942][  0]LogD3D11RHI: Async texture creation enabled
[2020.09.22-10.16.16:942][  0]LogD3D11RHI: Array index from any shader is supported
[2020.09.22-10.16.16:957][  0]LogD3D11RHI: GPU Timing Frequency: 1000.000000 (Debug: 2 1)
[2020.09.22-10.16.17:153][  0]LogTargetPlatformManager: Display: Loaded TargetPlatform 'AllDesktop'
[2020.09.22-10.16.17:168][  0]LogTargetPlatformManager: Display: Loaded TargetPlatform 'Android'
[2020.09.22-10.16.17:168][  0]LogTargetPlatformManager: Display: Loaded TargetPlatform 'Android_ASTC'
[2020.09.22-10.16.17:168][  0]LogTargetPlatformManager: Display: Loaded TargetPlatform 'Android_DXT'
[2020.09.22-10.16.17:168][  0]LogTargetPlatformManager: Display: Loaded TargetPlatform 'Android_ETC2'
[2020.09.22-10.16.17:168][  0]LogTargetPlatformManager: Display: Loaded TargetPlatform 'AndroidClient'
[2020.09.22-10.16.17:168][  0]LogTargetPlatformManager: Display: Loaded TargetPlatform 'Android_ASTCClient'
[2020.09.22-10.16.17:168][  0]LogTargetPlatformManager: Display: Loaded TargetPlatform 'Android_DXTClient'
[2020.09.22-10.16.17:168][  0]LogTargetPlatformManager: Display: Loaded TargetPlatform 'Android_ETC2Client'
[2020.09.22-10.16.17:168][  0]LogTargetPlatformManager: Display: Loaded TargetPlatform 'Android_Multi'
[2020.09.22-10.16.17:168][  0]LogTargetPlatformManager: Display: Loaded TargetPlatform 'Android_MultiClient'
[2020.09.22-10.16.17:184][  0]LogTargetPlatformManager: Display: Loaded TargetPlatform 'IOSClient'
[2020.09.22-10.16.17:184][  0]LogTargetPlatformManager: Display: Loaded TargetPlatform 'IOS'
[2020.09.22-10.16.17:192][  0]LogTargetPlatformManager: Display: Loaded TargetPlatform 'Linux'
[2020.09.22-10.16.17:198][  0]LogTargetPlatformManager: Display: Loaded TargetPlatform 'LinuxNoEditor'
[2020.09.22-10.16.17:204][  0]LogTargetPlatformManager: Display: Loaded TargetPlatform 'LinuxClient'
[2020.09.22-10.16.17:211][  0]LogTargetPlatformManager: Display: Loaded TargetPlatform 'LinuxServer'
[2020.09.22-10.16.17:217][  0]LogTargetPlatformManager: Display: Loaded TargetPlatform 'LinuxAArch64NoEditor'
[2020.09.22-10.16.17:223][  0]LogTargetPlatformManager: Display: Loaded TargetPlatform 'LinuxAArch64Client'
[2020.09.22-10.16.17:229][  0]LogTargetPlatformManager: Display: Loaded TargetPlatform 'LinuxAArch64Server'
[2020.09.22-10.16.17:248][  0]LogTargetPlatformManager: Display: Loaded TargetPlatform 'Lumin'
[2020.09.22-10.16.17:248][  0]LogTargetPlatformManager: Display: Loaded TargetPlatform 'LuminClient'
[2020.09.22-10.16.17:259][  0]LogTargetPlatformManager: Display: Loaded TargetPlatform 'TVOSClient'
[2020.09.22-10.16.17:259][  0]LogTargetPlatformManager: Display: Loaded TargetPlatform 'TVOS'
[2020.09.22-10.16.17:265][  0]LogTargetPlatformManager: Display: Loaded TargetPlatform 'WindowsNoEditor'
[2020.09.22-10.16.17:272][  0]LogTargetPlatformManager: Display: Loaded TargetPlatform 'Windows'
[2020.09.22-10.16.17:278][  0]LogTargetPlatformManager: Display: Loaded TargetPlatform 'WindowsClient'
[2020.09.22-10.16.17:285][  0]LogTargetPlatformManager: Display: Loaded TargetPlatform 'WindowsServer'
[2020.09.22-10.16.17:285][  0]LogTargetPlatformManager: Display: Building Assets For Windows
[2020.09.22-10.16.17:289][  0]LogAudioDebug: Display: Lib vorbis DLL was dynamically loaded.
[2020.09.22-10.16.17:328][  0]LogShaderCompilers: Guid format shader working directory is -18 characters bigger than the processId version (../../../../../../Dev/Unreal Engine 4/CPP Tutorial/BrickBreaker/Intermediate/Shaders/WorkingDirectory/8212/).
[2020.09.22-10.16.17:328][  0]LogShaderCompilers: Cleaned the shader compiler working directory 'C:/Users/Bman/AppData/Local/Temp/UnrealShaderWorkingDir/FD04E5494E3464AB3075DAABCD543F59/'.
[2020.09.22-10.16.17:328][  0]LogXGEController: Cannot use XGE Controller as Incredibuild is not installed on this machine.
[2020.09.22-10.16.17:328][  0]LogShaderCompilers: Cannot use XGE Shader Compiler as Incredibuild is not installed on this machine.
[2020.09.22-10.16.17:328][  0]LogShaderCompilers: Display: Using Local Shader Compiler.
[2020.09.22-10.16.17:903][  0]LogDerivedDataCache: Display: Max Cache Size: 512 MB
[2020.09.22-10.16.17:954][  0]LogDerivedDataCache: Loaded boot cache 0.05s 75MB C:/Users/Bman/AppData/Local/UnrealEngine/4.25/DerivedDataCache/Boot.ddc.
[2020.09.22-10.16.17:954][  0]LogDerivedDataCache: Display: Loaded Boot cache: C:/Users/Bman/AppData/Local/UnrealEngine/4.25/DerivedDataCache/Boot.ddc
[2020.09.22-10.16.17:954][  0]LogDerivedDataCache: FDerivedDataBackendGraph:  Pak pak cache file ../../../../../../Dev/Unreal Engine 4/CPP Tutorial/BrickBreaker/DerivedDataCache/DDC.ddp not found, will not use a pak cache.
[2020.09.22-10.16.17:954][  0]LogDerivedDataCache: Unable to find inner node Pak for hierarchical cache Hierarchy.
[2020.09.22-10.16.17:954][  0]LogDerivedDataCache: FDerivedDataBackendGraph:  CompressedPak pak cache file ../../../../../../Dev/Unreal Engine 4/CPP Tutorial/BrickBreaker/DerivedDataCache/Compressed.ddp not found, will not use a pak cache.
[2020.09.22-10.16.17:954][  0]LogDerivedDataCache: Unable to find inner node CompressedPak for hierarchical cache Hierarchy.
[2020.09.22-10.16.17:966][  0]LogDerivedDataCache: Display: Pak cache opened for reading ../../../Engine/DerivedDataCache/Compressed.ddp.
[2020.09.22-10.16.17:967][  0]LogDerivedDataCache: FDerivedDataBackendGraph:  EnterprisePak pak cache file ../../../Enterprise/DerivedDataCache/Compressed.ddp not found, will not use a pak cache.
[2020.09.22-10.16.17:967][  0]LogDerivedDataCache: Unable to find inner node EnterprisePak for hierarchical cache Hierarchy.
[2020.09.22-10.16.17:968][  0]LogDerivedDataCache: Using Local data cache path C:/Users/Bman/AppData/Local/UnrealEngine/Common/DerivedDataCache: Writable
[2020.09.22-10.16.17:968][  0]LogDerivedDataCache: Shared data cache path not found in *engine.ini, will not use an Shared cache.
[2020.09.22-10.16.17:968][  0]LogDerivedDataCache: Unable to find inner node Shared for hierarchical cache Hierarchy.
[2020.09.22-10.16.18:007][  0]LogSlate: Using FreeType 2.10.0
[2020.09.22-10.16.18:007][  0]LogSlate: SlateFontServices - WITH_FREETYPE: 1, WITH_HARFBUZZ: 1
[2020.09.22-10.16.18:024][  0]LogAssetRegistry: FAssetRegistry took 0.0019 seconds to start up
[2020.09.22-10.16.18:201][  0]LogInit: Selected Device Profile: [Windows]
[2020.09.22-10.16.18:295][  0]LogMeshReduction: Using QuadricMeshReduction for automatic static mesh reduction
[2020.09.22-10.16.18:295][  0]LogMeshReduction: Using SimplygonMeshReduction for automatic skeletal mesh reduction
[2020.09.22-10.16.18:295][  0]LogMeshReduction: Using ProxyLODMeshReduction for automatic mesh merging
[2020.09.22-10.16.18:295][  0]LogMeshReduction: No distributed automatic mesh merging module available
[2020.09.22-10.16.18:295][  0]LogMeshMerging: No distributed automatic mesh merging module available
[2020.09.22-10.16.18:308][  0]LogNetVersion: BrickBreaker 1.0.0, NetCL: 13144385, EngineNetVer: 14, GameNetVer: 0 (Checksum: 867328231)
[2020.09.22-10.16.18:636][  0]LogAISub: UAISubsystem::UAISubsystem AISubsystem (000001426F151400), frame # 0
[2020.09.22-10.16.18:636][  0]LogAISub: UAISubsystem::UAISubsystem AIPerceptionSystem (000001426F09EAC0), frame # 0
[2020.09.22-10.16.18:637][  0]LogAISub: UAISubsystem::UAISubsystem EnvQueryManager (000001426F0E9E00), frame # 0
[2020.09.22-10.16.18:672][  0]LogPackageLocalizationCache: Processed 19 localized package path(s) for 1 prioritized culture(s) in 0.031400 seconds
[2020.09.22-10.16.18:676][  0]LogUObjectArray: 15917 objects as part of root set at end of initial load.
[2020.09.22-10.16.18:676][  0]LogUObjectAllocator: 3965568 out of 0 bytes used by permanent object pool.
[2020.09.22-10.16.18:676][  0]LogUObjectArray: CloseDisregardForGC: 0/0 objects in disregard for GC pool
[2020.09.22-10.16.18:909][  0]LogTcpMessaging: Initializing TcpMessaging bridge
[2020.09.22-10.16.18:911][  0]LogUdpMessaging: Initializing bridge on interface 0.0.0.0:0 to multicast group 230.0.0.1:6666.
[2020.09.22-10.16.18:965][  0]SourceControl: Source control is disabled
[2020.09.22-10.16.18:965][  0]SourceControl: Source control is disabled
[2020.09.22-10.16.18:967][  0]SourceControl: Source control is disabled
[2020.09.22-10.16.18:968][  0]SourceControl: Source control is disabled
[2020.09.22-10.16.18:976][  0]SourceControl: Source control is disabled
[2020.09.22-10.16.19:129][  0]LogAndroidPermission: UAndroidPermissionCallbackProxy::GetInstance
[2020.09.22-10.16.19:141][  0]LogAudioCaptureCore: Display: No Audio Capture implementations found. Audio input will be silent.
[2020.09.22-10.16.19:141][  0]LogAudioCaptureCore: Display: No Audio Capture implementations found. Audio input will be silent.
[2020.09.22-10.16.19:174][  0]LogOcInput: OculusInput pre-init called
[2020.09.22-10.16.19:182][  0]LogWindows: Failed to load 'OVRPlugin.dll' (GetLastError=126)
[2020.09.22-10.16.19:182][  0]LogWindows: File 'OVRPlugin.dll' does not exist
[2020.09.22-10.16.19:225][  0]LogEngine: Initializing Engine...
[2020.09.22-10.16.19:226][  0]LogHMD: Failed to initialize OpenVR with code 110
[2020.09.22-10.16.19:226][  0]LogMagicLeap: Warning: VR disabled because ZI is not enabled.  To enable, in the editor, Edit -> Project Settings -> Plugins -> Magic Leap Plugin -> Enable Zero Iteration
[2020.09.22-10.16.19:226][  0]LogStats: UGameplayTagsManager::InitializeManager -  0.000 s
[2020.09.22-10.16.19:329][  0]LogInit: Initializing FReadOnlyCVARCache
[2020.09.22-10.16.19:335][  0]LogAIModule: Creating AISystem for world Untitled
[2020.09.22-10.16.19:335][  0]LogAISub: UAISubsystem::UAISubsystem EnvQueryManager (0000014270CC7C00), frame # 0
[2020.09.22-10.16.19:335][  0]LogAISub: UAISubsystem::UAISubsystem AIPerceptionSystem (0000014270D0B100), frame # 0
[2020.09.22-10.16.19:348][  0]LogAudioMixer: Display: Audio Mixer Platform Settings:
[2020.09.22-10.16.19:348][  0]LogAudioMixer: Display: 	Sample Rate:						  48000
[2020.09.22-10.16.19:348][  0]LogAudioMixer: Display: 	Callback Buffer Frame Size Requested: 1024
[2020.09.22-10.16.19:348][  0]LogAudioMixer: Display: 	Callback Buffer Frame Size To Use:	  1024
[2020.09.22-10.16.19:348][  0]LogAudioMixer: Display: 	Number of buffers to queue:			  2
[2020.09.22-10.16.19:348][  0]LogAudioMixer: Display: 	Max Channels (voices):				  32
[2020.09.22-10.16.19:348][  0]LogAudioMixer: Display: 	Number of Async Source Workers:		  0
[2020.09.22-10.16.19:348][  0]LogAudio: Display: AudioDevice MaxSources: 32
[2020.09.22-10.16.19:348][  0]LogAudio: Display: Using built-in audio occlusion.
[2020.09.22-10.16.19:348][  0]LogAudioMixer: Display: Initializing audio mixer.
[2020.09.22-10.16.19:354][  0]LogAudioMixer: Display: 0: FrontLeft
[2020.09.22-10.16.19:354][  0]LogAudioMixer: Display: 1: FrontRight
[2020.09.22-10.16.19:379][  0]LogAudioMixer: Display: Using Audio Device Realtek HD Audio 2nd output (Realtek(R) Audio)
[2020.09.22-10.16.19:381][  0]LogAudioMixer: Display: Initializing Sound Submixes...
[2020.09.22-10.16.19:382][  0]LogAudioMixer: Display: Creating Master Submix 'MasterSubmixDefault'
[2020.09.22-10.16.19:382][  0]LogAudioMixer: Display: Creating Master Submix 'MasterReverbSubmixDefault'
[2020.09.22-10.16.19:383][  0]LogAudioMixer: Display: Creating Master Submix 'MasterEQSubmixDefault'
[2020.09.22-10.16.19:384][  0]LogInit: FAudioDevice initialized.
[2020.09.22-10.16.19:384][  0]LogNetVersion: Set ProjectVersion to 1.0.0.0. Version Checksum will be recalculated on next use.
[2020.09.22-10.16.19:481][  0]LogDerivedDataCache: Saved boot cache 0.10s 75MB C:/Users/Bman/AppData/Local/UnrealEngine/4.25/DerivedDataCache/Boot.ddc.
[2020.09.22-10.16.19:484][  0]LogInit: Texture streaming: Enabled
[2020.09.22-10.16.19:494][  0]LogEngineSessionManager: EngineSessionManager initialized
[2020.09.22-10.16.19:494][  0]LogEngineSessionManager: EngineSessionManager sent abnormal shutdown report. Type=Crashed, SessionId={2DBCA768-456F-358B-FF22-5F870FA7BD2A}
[2020.09.22-10.16.19:494][  0]LogEditorSessionSummary: Verbose: Initializing EditorSessionSummaryWriter for editor session tracking
[2020.09.22-10.16.19:495][  0]LogEditorSessionSummary: EditorSessionSummaryWriter initialized
[2020.09.22-10.16.19:528][  0]LogInit: Transaction tracking system initialized
[2020.09.22-10.16.19:544][  0]BlueprintLog: New page: Editor Load
[2020.09.22-10.16.19:593][  0]LocalizationService: Localization service is disabled
[2020.09.22-10.16.19:704][  0]LogCook: Display: Max memory allowance for cook 16384mb min free memory 0mb
[2020.09.22-10.16.19:704][  0]LogCook: Display: Mobile HDR setting 1
[2020.09.22-10.16.19:790][  0]LogFileCache: Scanning file cache for directory 'C:/Dev/Unreal Engine 4/CPP Tutorial/BrickBreaker/Content/' took 0.00s
[2020.09.22-10.16.19:928][  0]SourceControl: Source control is disabled
[2020.09.22-10.16.19:928][  0]LogUnrealEdMisc: Loading editor; pre map load, took 4.411
[2020.09.22-10.16.19:928][  0]Cmd: MAP LOAD FILE="../../../../../../Dev/Unreal Engine 4/CPP Tutorial/BrickBreaker/Content/Maps/Gameplay.umap" TEMPLATE=0 SHOWPROGRESS=1 FEATURELEVEL=3
[2020.09.22-10.16.19:929][  0]LightingResults: New page: Lighting Build
[2020.09.22-10.16.19:929][  0]LogWorld: UWorld::CleanupWorld for Untitled, bSessionEnded=true, bCleanupResources=true
[2020.09.22-10.16.19:929][  0]LogSlate: InvalidateAllWidgets triggered.  All widgets were invalidated
[2020.09.22-10.16.19:929][  0]MapCheck: New page: Map Check
[2020.09.22-10.16.19:929][  0]LightingResults: New page: Lighting Build
[2020.09.22-10.16.19:937][  0]LogAISub: UAISubsystem::~UAISubsystem EnvQueryManager (0000014270CC7C00), frame # 0
[2020.09.22-10.16.19:937][  0]LogAISub: UAISubsystem::~UAISubsystem AIPerceptionSystem (0000014270D0B100), frame # 0
[2020.09.22-10.16.19:938][  0]LogUObjectHash: Compacting FUObjectHashTables data took   0.52ms
[2020.09.22-10.16.19:940][  0]LogLinker: Warning: While loading '../../../../../../Dev/Unreal Engine 4/CPP Tutorial/BrickBreaker/Content/Meshes/SM_Ball.uasset' failed to load '/Game/Materials/CollisionMaterial': Can't find file.
[2020.09.22-10.16.19:940][  0]LogLinker: Warning: While loading '../../../../../../Dev/Unreal Engine 4/CPP Tutorial/BrickBreaker/Content/Meshes/SM_Ball.uasset' failed to load '/Game/Materials/CollisionMaterial': Can't find file.
[2020.09.22-10.16.19:940][  0]LogLinker: Warning: While loading '../../../../../../Dev/Unreal Engine 4/CPP Tutorial/BrickBreaker/Content/Meshes/SM_Ball.uasset' failed to load '/Game/Materials/CollisionMaterial': Can't find file.
[2020.09.22-10.16.19:940][  0]LogLinker: Warning: While loading '../../../../../../Dev/Unreal Engine 4/CPP Tutorial/BrickBreaker/Content/Meshes/SM_Ball.uasset' failed to load '/Game/Materials/CollisionMaterial': Can't find file.
[2020.09.22-10.16.19:943][  0]LogLinker: Warning: While loading '../../../../../../Dev/Unreal Engine 4/CPP Tutorial/BrickBreaker/Content/Meshes/SM_Wall.uasset' failed to load '/Game/Materials/CollisionMaterial': Can't find file.
[2020.09.22-10.16.19:943][  0]LogLinker: Warning: While loading '../../../../../../Dev/Unreal Engine 4/CPP Tutorial/BrickBreaker/Content/Meshes/SM_Wall.uasset' failed to load '/Game/Materials/CollisionMaterial': Can't find file.
[2020.09.22-10.16.19:943][  0]LogLinker: Warning: While loading '../../../../../../Dev/Unreal Engine 4/CPP Tutorial/BrickBreaker/Content/Meshes/SM_Wall.uasset' failed to load '/Game/Materials/CollisionMaterial': Can't find file.
[2020.09.22-10.16.19:943][  0]LogLinker: Warning: While loading '../../../../../../Dev/Unreal Engine 4/CPP Tutorial/BrickBreaker/Content/Meshes/SM_Wall.uasset' failed to load '/Game/Materials/CollisionMaterial': Can't find file.
[2020.09.22-10.16.19:945][  0]LogLinker: Warning: While loading '../../../../../../Dev/Unreal Engine 4/CPP Tutorial/BrickBreaker/Content/Meshes/SM_Ball.uasset' failed to load '/Game/Materials/CollisionMaterial': Can't find file.
[2020.09.22-10.16.19:945][  0]LoadErrors: Failed to load /Game/Materials/CollisionMaterial.CollisionMaterial Referenced by BodySetup_0
[2020.09.22-10.16.19:945][  0]LogLinker: Warning: While loading '../../../../../../Dev/Unreal Engine 4/CPP Tutorial/BrickBreaker/Content/Meshes/SM_Ball.uasset' failed to load '/Game/Materials/CollisionMaterial': Can't find file.
[2020.09.22-10.16.19:945][  0]LoadErrors: Failed to load /Game/Materials/CollisionMaterial.CollisionMaterial Referenced by BodySetup_0
[2020.09.22-10.16.19:946][  0]LogLinker: Warning: While loading '../../../../../../Dev/Unreal Engine 4/CPP Tutorial/BrickBreaker/Content/Meshes/SM_Wall.uasset' failed to load '/Game/Materials/CollisionMaterial': Can't find file.
[2020.09.22-10.16.19:946][  0]LoadErrors: Failed to load /Game/Materials/CollisionMaterial.CollisionMaterial Referenced by BodySetup_0
[2020.09.22-10.16.19:946][  0]LogLinker: Warning: While loading '../../../../../../Dev/Unreal Engine 4/CPP Tutorial/BrickBreaker/Content/Meshes/SM_Wall.uasset' failed to load '/Game/Materials/CollisionMaterial': Can't find file.
[2020.09.22-10.16.19:946][  0]LoadErrors: Failed to load /Game/Materials/CollisionMaterial.CollisionMaterial Referenced by BodySetup_0
[2020.09.22-10.16.19:953][  0]LogAIModule: Creating AISystem for world Gameplay
[2020.09.22-10.16.19:953][  0]LogAISub: UAISubsystem::UAISubsystem EnvQueryManager (00000142617C7E00), frame # 0
[2020.09.22-10.16.19:953][  0]LogAISub: UAISubsystem::UAISubsystem AIPerceptionSystem (000001426182B880), frame # 0
[2020.09.22-10.16.19:954][  0]LogEditorServer: Finished looking for orphan Actors (0.000 secs)
[2020.09.22-10.16.19:963][  0]LogUObjectHash: Compacting FUObjectHashTables data took   0.56ms
[2020.09.22-10.16.19:964][  0]Cmd: MAP CHECKDEP NOCLEARLOG
[2020.09.22-10.16.19:964][  0]MapCheck: Map check complete: 0 Error(s), 0 Warning(s), took 0.157ms to complete.
[2020.09.22-10.16.19:964][  0]LogFileHelpers: Loading map 'Gameplay' took 0.036
[2020.09.22-10.16.19:966][  0]LogUnrealEdMisc: Total Editor Startup Time, took 4.449
[2020.09.22-10.16.20:084][  0]LogSlate: Updating window title bar state: overlay mode, drag disabled, window buttons hidden, title bar hidden
[2020.09.22-10.16.20:091][  0]LogSlate: Updating window title bar state: overlay mode, drag disabled, window buttons hidden, title bar hidden
[2020.09.22-10.16.20:097][  0]LogSlate: Updating window title bar state: overlay mode, drag disabled, window buttons hidden, title bar hidden
[2020.09.22-10.16.20:102][  0]LogSlate: Updating window title bar state: overlay mode, drag disabled, window buttons hidden, title bar hidden
[2020.09.22-10.16.20:108][  0]LogCollectionManager: Loaded 0 collections in 0.002466 seconds
[2020.09.22-10.16.20:119][  0]LogFileCache: Scanning file cache for directory 'C:/Dev/Unreal Engine 4/CPP Tutorial/BrickBreaker/Saved/Collections/' took 0.00s
[2020.09.22-10.16.20:119][  0]LogFileCache: Scanning file cache for directory 'C:/Dev/Unreal Engine 4/CPP Tutorial/BrickBreaker/Content/Developers/Bman/Collections/' took 0.00s
[2020.09.22-10.16.20:119][  0]LogFileCache: Scanning file cache for directory 'C:/Dev/Unreal Engine 4/CPP Tutorial/BrickBreaker/Content/Collections/' took 0.00s
[2020.09.22-10.16.20:119][  0]LogContentBrowser: Native class hierarchy populated in 0.0070 seconds. Added 3431 classes and 823 folders.
[2020.09.22-10.16.20:120][  0]LogContentBrowser: Native class hierarchy updated for 'WidgetCarousel' in 0.0002 seconds. Added 0 classes and 0 folders.
[2020.09.22-10.16.20:151][  0]LogContentBrowser: Native class hierarchy updated for 'AddContentDialog' in 0.0003 seconds. Added 0 classes and 0 folders.
[2020.09.22-10.16.20:154][  0]LogContentBrowser: Native class hierarchy updated for 'SceneOutliner' in 0.0002 seconds. Added 2 classes and 0 folders.
[2020.09.22-10.16.20:190][  0]LogSlate: Took 0.000178 seconds to synchronously load lazily loaded font '../../../Engine/Content/Slate/Fonts/Roboto-Regular.ttf' (155K)
[2020.09.22-10.16.20:191][  0]LogSlate: Took 0.000149 seconds to synchronously load lazily loaded font '../../../Engine/Content/Slate/Fonts/Roboto-Bold.ttf' (160K)
[2020.09.22-10.16.20:194][  0]LogSlate: Took 0.000111 seconds to synchronously load lazily loaded font '../../../Engine/Content/Editor/Slate/Fonts/FontAwesome.ttf' (139K)
[2020.09.22-10.16.20:242][  0]LogRenderer: Reallocating scene render targets to support 776x376 Format 10 NumSamples 1 (Frame:1).
[2020.09.22-10.16.20:325][  0]LogContentBrowser: Native class hierarchy updated for 'HierarchicalLODOutliner' in 0.0005 seconds. Added 0 classes and 0 folders.
[2020.09.22-10.16.20:325][  0]LogLoad: (Engine Initialization) Total time: 4.81 seconds
[2020.09.22-10.16.20:325][  0]LogLoad: (Engine Initialization) Total Blueprint compile time: 0.00 seconds
[2020.09.22-10.16.20:357][  0]LogAssetRegistry: Asset discovery search completed in 2.3343 seconds
[2020.09.22-10.16.20:362][  0]LogCollectionManager: Fixed up redirectors for 0 collections in 0.000002 seconds (updated 0 objects)
[2020.09.22-10.16.20:364][  0]LogContentStreaming: Texture pool size now 1000 MB
[2020.09.22-10.16.20:424][  0]LogSlate: Took 0.000181 seconds to synchronously load lazily loaded font '../../../Engine/Content/Slate/Fonts/Roboto-Light.ttf' (167K)
[2020.09.22-10.16.20:427][  0]LogSlate: Took 0.000129 seconds to synchronously load lazily loaded font '../../../Engine/Content/Slate/Fonts/DroidSansMono.ttf' (77K)
[2020.09.22-10.16.21:830][156]LogSlate: Window 'Message Log' being destroyed
[2020.09.22-10.16.21:833][156]LogSlate: Window 'Message Log' being destroyed
[2020.09.22-10.17.10:007][668]LogHotReload: New module detected: UE4Editor-BrickBreaker-0018.dll
[2020.09.22-10.17.11:369][673]LogHotReload: Starting Hot-Reload from IDE
[2020.09.22-10.17.11:372][673]LogSlate: Took 0.000122 seconds to synchronously load lazily loaded font '../../../Engine/Content/Slate/Fonts/Roboto-Light.ttf' (167K)
[2020.09.22-10.17.11:405][673]LogContentBrowser: Native class hierarchy updated for 'BrickBreaker' in 0.0007 seconds. Added 4 classes and 2 folders.
[2020.09.22-10.17.11:408][673]Display: HotReload successful (2 functions remapped  0 scriptstructs remapped)
[2020.09.22-10.17.11:466][673]LogContentBrowser: Native class hierarchy populated in 0.0113 seconds. Added 3431 classes and 823 folders.
[2020.09.22-10.17.11:486][673]Display: HotReload took  0.1s.
[2020.09.22-10.22.22:238][598]LogHotReload: New module detected: UE4Editor-BrickBreaker-0019.dll
[2020.09.22-10.22.22:589][600]LogHotReload: Starting Hot-Reload from IDE
[2020.09.22-10.22.22:623][600]LogContentBrowser: Native class hierarchy updated for 'BrickBreaker' in 0.0007 seconds. Added 4 classes and 2 folders.
[2020.09.22-10.22.22:625][600]Display: HotReload successful (2 functions remapped  0 scriptstructs remapped)
[2020.09.22-10.22.22:666][600]LogContentBrowser: Native class hierarchy populated in 0.0137 seconds. Added 3431 classes and 823 folders.
[2020.09.22-10.22.22:673][600]Display: HotReload took  0.1s.
[2020.09.22-10.23.09:242][923]LogTemp: Repeating last play command: Selected Viewport
[2020.09.22-10.23.09:254][923]LogPlayLevel: PlayLevel: No blueprints needed recompiling
[2020.09.22-10.23.09:254][923]PIE: New page: PIE session: Gameplay (22/09/2020, 4:23:09 pm)
[2020.09.22-10.23.09:276][923]LogOnline: OSS: Creating online subsystem instance for: NULL
[2020.09.22-10.23.09:277][923]LogOnline: OSS: TryLoadSubsystemAndSetDefault: Loaded subsystem for module [NULL]
[2020.09.22-10.23.09:277][923]LogPlayLevel: Creating play world package: /Game/Maps/UEDPIE_0_Gameplay
[2020.09.22-10.23.09:279][923]LogPlayLevel: PIE: StaticDuplicateObject took: (0.001190s)
[2020.09.22-10.23.09:279][923]LogAIModule: Creating AISystem for world Gameplay
[2020.09.22-10.23.09:279][923]LogAISub: UAISubsystem::UAISubsystem EnvQueryManager (0000014209A2C800), frame # 1923
[2020.09.22-10.23.09:280][923]LogAISub: UAISubsystem::UAISubsystem AIPerceptionSystem (0000014209B77380), frame # 1923
[2020.09.22-10.23.09:280][923]LogPlayLevel: PIE: World Init took: (0.001222s)
[2020.09.22-10.23.09:280][923]LogPlayLevel: PIE: Created PIE world by copying editor world from /Game/Maps/Gameplay.Gameplay to /Game/Maps/UEDPIE_0_Gameplay.Gameplay (0.002543s)
[2020.09.22-10.23.09:288][923]LogUObjectHash: Compacting FUObjectHashTables data took   0.50ms
[2020.09.22-10.23.09:290][923]LogAudioMixer: Display: Audio Mixer Platform Settings:
[2020.09.22-10.23.09:290][923]LogAudioMixer: Display: 	Sample Rate:						  48000
[2020.09.22-10.23.09:290][923]LogAudioMixer: Display: 	Callback Buffer Frame Size Requested: 1024
[2020.09.22-10.23.09:290][923]LogAudioMixer: Display: 	Callback Buffer Frame Size To Use:	  1024
[2020.09.22-10.23.09:290][923]LogAudioMixer: Display: 	Number of buffers to queue:			  2
[2020.09.22-10.23.09:290][923]LogAudioMixer: Display: 	Max Channels (voices):				  32
[2020.09.22-10.23.09:290][923]LogAudioMixer: Display: 	Number of Async Source Workers:		  0
[2020.09.22-10.23.09:290][923]LogAudio: Display: AudioDevice MaxSources: 32
[2020.09.22-10.23.09:291][923]LogAudio: Display: Using built-in audio occlusion.
[2020.09.22-10.23.09:291][923]LogAudioMixer: Display: Initializing audio mixer.
[2020.09.22-10.23.09:294][923]LogAudioMixer: Display: 0: FrontLeft
[2020.09.22-10.23.09:294][923]LogAudioMixer: Display: 1: FrontRight
[2020.09.22-10.23.09:308][923]LogAudioMixer: Display: Using Audio Device Realtek HD Audio 2nd output (Realtek(R) Audio)
[2020.09.22-10.23.09:309][923]LogAudioMixer: Display: Initializing Sound Submixes...
[2020.09.22-10.23.09:309][923]LogAudioMixer: Display: Creating Master Submix 'MasterSubmixDefault'
[2020.09.22-10.23.09:309][923]LogAudioMixer: Display: Creating Master Submix 'MasterReverbSubmixDefault'
[2020.09.22-10.23.09:309][923]LogAudioMixer: Display: Creating Master Submix 'MasterEQSubmixDefault'
[2020.09.22-10.23.09:321][923]LogInit: FAudioDevice initialized.
[2020.09.22-10.23.09:327][923]LogLinker: Warning: While loading '../../../../../../Dev/Unreal Engine 4/CPP Tutorial/BrickBreaker/Content/Meshes/SM_Paddle.uasset' failed to load '/Game/Materials/CollisionMaterial': Can't find file.
[2020.09.22-10.23.09:328][923]LogLinker: Warning: While loading '../../../../../../Dev/Unreal Engine 4/CPP Tutorial/BrickBreaker/Content/Meshes/SM_Paddle.uasset' failed to load '/Game/Materials/CollisionMaterial': Can't find file.
[2020.09.22-10.23.09:328][923]LogLinker: Warning: While loading '../../../../../../Dev/Unreal Engine 4/CPP Tutorial/BrickBreaker/Content/Meshes/SM_Paddle.uasset' failed to load '/Game/Materials/CollisionMaterial': Can't find file.
[2020.09.22-10.23.09:328][923]LogLinker: Warning: While loading '../../../../../../Dev/Unreal Engine 4/CPP Tutorial/BrickBreaker/Content/Meshes/SM_Paddle.uasset' failed to load '/Game/Materials/CollisionMaterial': Can't find file.
[2020.09.22-10.23.09:333][923]LogLinker: Warning: While loading '../../../../../../Dev/Unreal Engine 4/CPP Tutorial/BrickBreaker/Content/Meshes/SM_Paddle.uasset' failed to load '/Game/Materials/CollisionMaterial': Can't find file.
[2020.09.22-10.23.09:333][923]LogLinker: Warning: While loading '../../../../../../Dev/Unreal Engine 4/CPP Tutorial/BrickBreaker/Content/Meshes/SM_Paddle.uasset' failed to load '/Game/Materials/CollisionMaterial': Can't find file.
[2020.09.22-10.23.09:336][923]LogLoad: Game class is 'BrickBreaker_GameMode_BP_C'
[2020.09.22-10.23.09:337][923]LogWorld: Bringing World /Game/Maps/UEDPIE_0_Gameplay.Gameplay up for play (max tick rate 0) at 2020.09.22-13.23.09
[2020.09.22-10.23.09:338][923]LogWorld: Bringing up level for play took: 0.000941
[2020.09.22-10.23.09:338][923]LogOnline: OSS: Creating online subsystem instance for: :Context_1
[2020.09.22-10.23.09:358][923]LogContentBrowser: Native class hierarchy updated for 'MovieSceneCapture' in 0.0003 seconds. Added 20 classes and 0 folders.
[2020.09.22-10.23.09:360][923]PIE: Server logged in
[2020.09.22-10.23.09:361][923]PIE: Play in editor total start time 0.11 seconds.
[2020.09.22-10.23.23:336][594]LogSlate: Updating window title bar state: overlay mode, drag disabled, window buttons hidden, title bar hidden
[2020.09.22-10.23.23:336][594]LogWorld: BeginTearingDown for /Game/Maps/UEDPIE_0_Gameplay
[2020.09.22-10.23.23:336][594]LogWorld: UWorld::CleanupWorld for Gameplay, bSessionEnded=true, bCleanupResources=true
[2020.09.22-10.23.23:336][594]LogSlate: InvalidateAllWidgets triggered.  All widgets were invalidated
[2020.09.22-10.23.23:346][594]LogPlayLevel: Display: Shutting down PIE online subsystems
[2020.09.22-10.23.23:347][594]LogSlate: InvalidateAllWidgets triggered.  All widgets were invalidated
[2020.09.22-10.23.23:368][594]LogSlate: Updating window title bar state: overlay mode, drag disabled, window buttons hidden, title bar hidden
[2020.09.22-10.23.23:369][594]LogAISub: UAISubsystem::~UAISubsystem EnvQueryManager (0000014209A2C800), frame # 3594
[2020.09.22-10.23.23:369][594]LogAISub: UAISubsystem::~UAISubsystem AIPerceptionSystem (0000014209B77380), frame # 3594
[2020.09.22-10.23.23:370][594]LogUObjectHash: Compacting FUObjectHashTables data took   0.68ms
[2020.09.22-10.23.23:416][598]LogPlayLevel: Display: Destroying online subsystem :Context_1
[2020.09.22-10.23.39:612][313]LogHotReload: New module detected: UE4Editor-BrickBreaker-0020.dll
[2020.09.22-10.23.39:960][315]LogHotReload: Starting Hot-Reload from IDE
[2020.09.22-10.23.39:982][315]LogContentBrowser: Native class hierarchy updated for 'BrickBreaker' in 0.0003 seconds. Added 4 classes and 2 folders.
[2020.09.22-10.23.39:984][315]Display: HotReload successful (2 functions remapped  0 scriptstructs remapped)
[2020.09.22-10.23.40:013][315]LogContentBrowser: Native class hierarchy populated in 0.0076 seconds. Added 3431 classes and 823 folders.
[2020.09.22-10.23.40:016][315]Display: HotReload took  0.1s.
[2020.09.22-10.23.43:615][548]LogTemp: Repeating last play command: Selected Viewport
[2020.09.22-10.23.43:634][548]LogPlayLevel: PlayLevel: No blueprints needed recompiling
[2020.09.22-10.23.43:634][548]PIE: New page: PIE session: Gameplay (22/09/2020, 4:23:43 pm)
[2020.09.22-10.23.43:634][548]LogPlayLevel: Creating play world package: /Game/Maps/UEDPIE_0_Gameplay
[2020.09.22-10.23.43:636][548]LogPlayLevel: PIE: StaticDuplicateObject took: (0.001260s)
[2020.09.22-10.23.43:637][548]LogAIModule: Creating AISystem for world Gameplay
[2020.09.22-10.23.43:637][548]LogAISub: UAISubsystem::UAISubsystem EnvQueryManager (0000014209F9D200), frame # 4548
[2020.09.22-10.23.43:637][548]LogAISub: UAISubsystem::UAISubsystem AIPerceptionSystem (00000142074A9580), frame # 4548
[2020.09.22-10.23.43:637][548]LogPlayLevel: PIE: World Init took: (0.001090s)
[2020.09.22-10.23.43:637][548]LogPlayLevel: PIE: Created PIE world by copying editor world from /Game/Maps/Gameplay.Gameplay to /Game/Maps/UEDPIE_0_Gameplay.Gameplay (0.002470s)
[2020.09.22-10.23.43:646][548]LogUObjectHash: Compacting FUObjectHashTables data took   0.54ms
[2020.09.22-10.23.43:648][548]LogAudioMixer: Display: Audio Mixer Platform Settings:
[2020.09.22-10.23.43:648][548]LogAudioMixer: Display: 	Sample Rate:						  48000
[2020.09.22-10.23.43:648][548]LogAudioMixer: Display: 	Callback Buffer Frame Size Requested: 1024
[2020.09.22-10.23.43:648][548]LogAudioMixer: Display: 	Callback Buffer Frame Size To Use:	  1024
[2020.09.22-10.23.43:648][548]LogAudioMixer: Display: 	Number of buffers to queue:			  2
[2020.09.22-10.23.43:648][548]LogAudioMixer: Display: 	Max Channels (voices):				  32
[2020.09.22-10.23.43:649][548]LogAudioMixer: Display: 	Number of Async Source Workers:		  0
[2020.09.22-10.23.43:649][548]LogAudio: Display: AudioDevice MaxSources: 32
[2020.09.22-10.23.43:649][548]LogAudio: Display: Using built-in audio occlusion.
[2020.09.22-10.23.43:649][548]LogAudioMixer: Display: Initializing audio mixer.
[2020.09.22-10.23.43:652][548]LogAudioMixer: Display: 0: FrontLeft
[2020.09.22-10.23.43:652][548]LogAudioMixer: Display: 1: FrontRight
[2020.09.22-10.23.43:665][548]LogAudioMixer: Display: Using Audio Device Realtek HD Audio 2nd output (Realtek(R) Audio)
[2020.09.22-10.23.43:665][548]LogAudioMixer: Display: Initializing Sound Submixes...
[2020.09.22-10.23.43:665][548]LogAudioMixer: Display: Creating Master Submix 'MasterSubmixDefault'
[2020.09.22-10.23.43:665][548]LogAudioMixer: Display: Creating Master Submix 'MasterReverbSubmixDefault'
[2020.09.22-10.23.43:666][548]LogAudioMixer: Display: Creating Master Submix 'MasterEQSubmixDefault'
[2020.09.22-10.23.43:677][548]LogInit: FAudioDevice initialized.
[2020.09.22-10.23.43:684][548]LogLoad: Game class is 'BrickBreaker_GameMode_BP_C'
[2020.09.22-10.23.43:685][548]LogWorld: Bringing World /Game/Maps/UEDPIE_0_Gameplay.Gameplay up for play (max tick rate 0) at 2020.09.22-13.23.43
[2020.09.22-10.23.43:685][548]LogWorld: Bringing up level for play took: 0.000658
[2020.09.22-10.23.43:685][548]LogOnline: OSS: Creating online subsystem instance for: :Context_4
[2020.09.22-10.23.43:688][548]PIE: Server logged in
[2020.09.22-10.23.43:689][548]PIE: Play in editor total start time 0.057 seconds.
[2020.09.22-10.23.48:820][755]LogWindows: Error: === Critical error: ===
[2020.09.22-10.23.48:820][755]LogWindows: Error: 
[2020.09.22-10.23.48:820][755]LogWindows: Error: Fatal error!
[2020.09.22-10.23.48:820][755]LogWindows: Error: 
[2020.09.22-10.23.48:820][755]LogWindows: Error: Unhandled Exception: EXCEPTION_ACCESS_VIOLATION reading address 0x00000000
[2020.09.22-10.23.48:820][755]LogWindows: Error: 
[2020.09.22-10.23.48:820][755]LogWindows: Error: [Callstack] 0x00007ffcc34b4617 UE4Editor-BrickBreaker-0020.dll!APaddle_Player_Controller::Launch() [C:\Dev\Unreal Engine 4\CPP Tutorial\BrickBreaker\Source\BrickBreaker\Paddle_Player_Controller.cpp:51]
[2020.09.22-10.23.48:820][755]LogWindows: Error: [Callstack] 0x00007ffc5dcc7c4a UE4Editor-Engine.dll!FInputActionUnifiedDelegate::Execute() [D:\Build\++UE4+Licensee\Sync\Engine\Source\Runtime\Engine\Classes\Components\InputComponent.h:288]
[2020.09.22-10.23.48:820][755]LogWindows: Error: [Callstack] 0x00007ffc5dcf3b9e UE4Editor-Engine.dll!UPlayerInput::ProcessInputStack() [D:\Build\++UE4+Licensee\Sync\Engine\Source\Runtime\Engine\Private\UserInterface\PlayerInput.cpp:1321]
[2020.09.22-10.23.48:820][755]LogWindows: Error: [Callstack] 0x00007ffc5d7fa8c8 UE4Editor-Engine.dll!APlayerController::ProcessPlayerInput() [D:\Build\++UE4+Licensee\Sync\Engine\Source\Runtime\Engine\Private\PlayerController.cpp:2567]
[2020.09.22-10.23.48:820][755]LogWindows: Error: [Callstack] 0x00007ffc5d80e0f4 UE4Editor-Engine.dll!APlayerController::TickPlayerInput() [D:\Build\++UE4+Licensee\Sync\Engine\Source\Runtime\Engine\Private\PlayerController.cpp:4580]
[2020.09.22-10.23.48:820][755]LogWindows: Error: [Callstack] 0x00007ffc5d7f895b UE4Editor-Engine.dll!APlayerController::PlayerTick() [D:\Build\++UE4+Licensee\Sync\Engine\Source\Runtime\Engine\Private\PlayerController.cpp:2228]
[2020.09.22-10.23.48:820][755]LogWindows: Error: [Callstack] 0x00007ffc5d80c5c1 UE4Editor-Engine.dll!APlayerController::TickActor() [D:\Build\++UE4+Licensee\Sync\Engine\Source\Runtime\Engine\Private\PlayerController.cpp:4726]
[2020.09.22-10.23.48:820][755]LogWindows: Error: [Callstack] 0x00007ffc5cae94c4 UE4Editor-Engine.dll!FActorTickFunction::ExecuteTick() [D:\Build\++UE4+Licensee\Sync\Engine\Source\Runtime\Engine\Private\Actor.cpp:171]
[2020.09.22-10.23.48:820][755]LogWindows: Error: [Callstack] 0x00007ffc5dba7e0f UE4Editor-Engine.dll!FTickFunctionTask::DoTask() [D:\Build\++UE4+Licensee\Sync\Engine\Source\Runtime\Engine\Private\TickTaskManager.cpp:283]
[2020.09.22-10.23.48:820][755]LogWindows: Error: [Callstack] 0x00007ffc5dbace67 UE4Editor-Engine.dll!TGraphTask<FTickFunctionTask>::ExecuteTask() [D:\Build\++UE4+Licensee\Sync\Engine\Source\Runtime\Core\Public\Async\TaskGraphInterfaces.h:849]
[2020.09.22-10.23.48:820][755]LogWindows: Error: [Callstack] 0x00007ffc748987d8 UE4Editor-Core.dll!FNamedTaskThread::ProcessTasksNamedThread() [D:\Build\++UE4+Licensee\Sync\Engine\Source\Runtime\Core\Private\Async\TaskGraph.cpp:692]
[2020.09.22-10.23.48:820][755]LogWindows: Error: [Callstack] 0x00007ffc74898aa3 UE4Editor-Core.dll!FNamedTaskThread::ProcessTasksUntilQuit() [D:\Build\++UE4+Licensee\Sync\Engine\Source\Runtime\Core\Private\Async\TaskGraph.cpp:587]
[2020.09.22-10.23.48:820][755]LogWindows: Error: [Callstack] 0x00007ffc748af027 UE4Editor-Core.dll!FTaskGraphImplementation::WaitUntilTasksComplete() [D:\Build\++UE4+Licensee\Sync\Engine\Source\Runtime\Core\Private\Async\TaskGraph.cpp:1478]
[2020.09.22-10.23.48:820][755]LogWindows: Error: [Callstack] 0x00007ffc5dbc8e52 UE4Editor-Engine.dll!FTickTaskSequencer::ReleaseTickGroup() [D:\Build\++UE4+Licensee\Sync\Engine\Source\Runtime\Engine\Private\TickTaskManager.cpp:558]
[2020.09.22-10.23.48:820][755]LogWindows: Error: [Callstack] 0x00007ffc5dbce11a UE4Editor-Engine.dll!FTickTaskManager::RunTickGroup() [D:\Build\++UE4+Licensee\Sync\Engine\Source\Runtime\Engine\Private\TickTaskManager.cpp:1523]
[2020.09.22-10.23.48:820][755]LogWindows: Error: [Callstack] 0x00007ffc5d38bfff UE4Editor-Engine.dll!UWorld::RunTickGroup() [D:\Build\++UE4+Licensee\Sync\Engine\Source\Runtime\Engine\Private\LevelTick.cpp:783]
[2020.09.22-10.23.48:820][755]LogWindows: Error: [Callstack] 0x00007ffc5d396897 UE4Editor-Engine.dll!UWorld::Tick() [D:\Build\++UE4+Licensee\Sync\Engine\Source\Runtime\Engine\Private\LevelTick.cpp:1558]
[2020.09.22-10.23.48:820][755]LogWindows: Error: [Callstack] 0x00007ffc5b44af57 UE4Editor-UnrealEd.dll!UEditorEngine::Tick() [D:\Build\++UE4+Licensee\Sync\Engine\Source\Editor\UnrealEd\Private\EditorEngine.cpp:1693]
[2020.09.22-10.23.48:820][755]LogWindows: Error: [Callstack] 0x00007ffc5bd21d06 UE4Editor-UnrealEd.dll!UUnrealEdEngine::Tick() [D:\Build\++UE4+Licensee\Sync\Engine\Source\Editor\UnrealEd\Private\UnrealEdEngine.cpp:414]
[2020.09.22-10.23.48:820][755]LogWindows: Error: [Callstack] 0x00007ff7b7fc7800 UE4Editor.exe!FEngineLoop::Tick() [D:\Build\++UE4+Licensee\Sync\Engine\Source\Runtime\Launch\Private\LaunchEngineLoop.cpp:4850]
[2020.09.22-10.23.48:820][755]LogWindows: Error: [Callstack] 0x00007ff7b7fdba7c UE4Editor.exe!GuardedMain() [D:\Build\++UE4+Licensee\Sync\Engine\Source\Runtime\Launch\Private\Launch.cpp:169]
[2020.09.22-10.23.48:820][755]LogWindows: Error: [Callstack] 0x00007ff7b7fdbb5a UE4Editor.exe!GuardedMainWrapper() [D:\Build\++UE4+Licensee\Sync\Engine\Source\Runtime\Launch\Private\Windows\LaunchWindows.cpp:137]
[2020.09.22-10.23.48:820][755]LogWindows: Error: [Callstack] 0x00007ff7b7fee31d UE4Editor.exe!WinMain() [D:\Build\++UE4+Licensee\Sync\Engine\Source\Runtime\Launch\Private\Windows\LaunchWindows.cpp:268]
[2020.09.22-10.23.48:820][755]LogWindows: Error: [Callstack] 0x00007ff7b7ff145a UE4Editor.exe!__scrt_common_main_seh() [d:\agent\_work\5\s\src\vctools\crt\vcstartup\src\startup\exe_common.inl:288]
[2020.09.22-10.23.48:820][755]LogWindows: Error: [Callstack] 0x00007ffcd53b6fd4 KERNEL32.DLL!UnknownFunction []
[2020.09.22-10.23.48:820][755]LogWindows: Error: [Callstack] 0x00007ffcd5d7cec1 ntdll.dll!UnknownFunction []
[2020.09.22-10.23.48:820][755]LogWindows: Error: 
[2020.09.22-10.23.48:829][755]LogExit: Executing StaticShutdownAfterError
[2020.09.22-10.23.48:832][755]LogWindows: FPlatformMisc::RequestExit(1)
[2020.09.22-10.23.48:832][755]LogCore: Engine exit requested (reason: Win RequestExit)
[2020.09.22-10.23.48:835][755]Log file closed, 09/22/20 13:23:48
