Log file open, 09/21/20 11:01:06
LogInit: Display: Running engine for game: BrickBreaker
LogPlatformFile: Not using cached read wrapper
LogTaskGraph: Started task graph with 5 named threads and 35 total threads with 3 sets of task threads.
LogStats: Stats thread started at 0.137354
LogD3D11RHI: Loaded GFSDK_Aftermath_Lib.x64.dll
LogICUInternationalization: ICU TimeZone Detection - Raw Offset: +2:00, Platform Override: ''
LogPluginManager: Mounting plugin Paper2D
LogPluginManager: Mounting plugin AISupport
LogPluginManager: Mounting plugin LightPropagationVolume
LogPluginManager: Mounting plugin CameraShakePreviewer
LogPluginManager: Mounting plugin ActorLayerUtilities
LogPluginManager: Mounting plugin AnimationSharing
LogPluginManager: Mounting plugin CLionSourceCodeAccess
LogPluginManager: Mounting plugin CodeLiteSourceCodeAccess
LogPluginManager: Mounting plugin GitSourceControl
LogPluginManager: Mounting plugin KDevelopSourceCodeAccess
LogPluginManager: Mounting plugin NullSourceCodeAccess
LogPluginManager: Mounting plugin PerforceSourceControl
LogPluginManager: Mounting plugin PlasticSourceControl
LogPluginManager: Mounting plugin RiderLink
LogPluginManager: Mounting plugin RiderSourceCodeAccess
LogPluginManager: Mounting plugin SubversionSourceControl
LogPluginManager: Mounting plugin UObjectPlugin
LogPluginManager: Mounting plugin VisualStudioCodeSourceCodeAccess
LogPluginManager: Mounting plugin VisualStudioSourceCodeAccess
LogPluginManager: Mounting plugin XCodeSourceCodeAccess
LogPluginManager: Mounting plugin AssetManagerEditor
LogPluginManager: Mounting plugin CryptoKeys
LogPluginManager: Mounting plugin CurveEditorTools
LogPluginManager: Mounting plugin DataValidation
LogPluginManager: Mounting plugin EditorScriptingUtilities
LogPluginManager: Mounting plugin FacialAnimation
LogPluginManager: Mounting plugin GameplayTagsEditor
LogPluginManager: Mounting plugin GeometryMode
LogPluginManager: Mounting plugin MacGraphicsSwitching
LogPluginManager: Mounting plugin MaterialAnalyzer
LogPluginManager: Mounting plugin MobileLauncherProfileWizard
LogPluginManager: Mounting plugin PluginBrowser
LogPluginManager: Mounting plugin SpeedTreeImporter
LogPluginManager: Mounting plugin DatasmithContent
LogPluginManager: Mounting plugin VariantManagerContent
LogPluginManager: Mounting plugin AlembicImporter
LogPluginManager: Mounting plugin AutomationUtils
LogPluginManager: Mounting plugin BackChannel
LogPluginManager: Mounting plugin ChaosCloth
LogPluginManager: Mounting plugin ChaosClothEditor
LogPluginManager: Mounting plugin ChaosEditor
LogPluginManager: Mounting plugin ChaosNiagara
LogPluginManager: Mounting plugin ChaosSolverPlugin
LogPluginManager: Mounting plugin CharacterAI
LogPluginManager: Mounting plugin GeometryCache
LogPluginManager: Mounting plugin GeometryCollectionPlugin
LogPluginManager: Mounting plugin GeometryProcessing
LogPluginManager: Mounting plugin PlanarCut
LogPluginManager: Mounting plugin PlatformCrypto
LogPluginManager: Mounting plugin ProxyLODPlugin
LogPluginManager: Mounting plugin SkeletalReduction
LogPluginManager: Mounting plugin Niagara
LogPluginManager: Mounting plugin MagicLeap
LogPluginManager: Mounting plugin MagicLeapLightEstimation
LogPluginManager: Mounting plugin MagicLeapMedia
LogPluginManager: Mounting plugin MagicLeapPassableWorld
LogPluginManager: Mounting plugin MLSDK
LogPluginManager: Mounting plugin AndroidMedia
LogPluginManager: Mounting plugin AvfMedia
LogPluginManager: Mounting plugin ImgMedia
LogPluginManager: Mounting plugin MediaCompositing
LogPluginManager: Mounting plugin MediaPlayerEditor
LogPluginManager: Mounting plugin WebMMedia
LogPluginManager: Mounting plugin WmfMedia
LogPluginManager: Mounting plugin MeshPainting
LogPluginManager: Mounting plugin TcpMessaging
LogPluginManager: Mounting plugin UdpMessaging
LogPluginManager: Mounting plugin ActorSequence
LogPluginManager: Mounting plugin LevelSequenceEditor
LogPluginManager: Mounting plugin MatineeToLevelSequence
LogPluginManager: Mounting plugin MovieRenderPipeline
LogPluginManager: Mounting plugin TemplateSequence
LogPluginManager: Mounting plugin NetcodeUnitTest
LogPluginManager: Mounting plugin NUTUnrealEngine4
LogPluginManager: Mounting plugin OnlineSubsystemGooglePlay
LogPluginManager: Mounting plugin OnlineSubsystemIOS
LogPluginManager: Mounting plugin OnlineSubsystem
LogPluginManager: Mounting plugin OnlineSubsystemNull
LogPluginManager: Mounting plugin OnlineSubsystemUtils
LogPluginManager: Mounting plugin LauncherChunkInstaller
LogPluginManager: Mounting plugin AndroidDeviceProfileSelector
LogPluginManager: Mounting plugin AndroidMoviePlayer
LogPluginManager: Mounting plugin AndroidPermission
LogPluginManager: Mounting plugin AppleImageUtils
LogPluginManager: Mounting plugin AppleMoviePlayer
LogPluginManager: Mounting plugin ArchVisCharacter
LogPluginManager: Mounting plugin AssetTags
LogPluginManager: Mounting plugin AudioCapture
LogPluginManager: Mounting plugin CableComponent
LogPluginManager: Mounting plugin CustomMeshComponent
LogPluginManager: Mounting plugin EditableMesh
LogPluginManager: Mounting plugin ExampleDeviceProfileSelector
LogPluginManager: Mounting plugin GoogleCloudMessaging
LogPluginManager: Mounting plugin GooglePAD
LogPluginManager: Mounting plugin IOSDeviceProfileSelector
LogPluginManager: Mounting plugin LinuxDeviceProfileSelector
LogPluginManager: Mounting plugin LocationServicesBPLibrary
LogPluginManager: Mounting plugin MobilePatchingUtils
LogPluginManager: Mounting plugin OculusVR
LogPluginManager: Mounting plugin PhysXVehicles
LogPluginManager: Mounting plugin PostSplashScreen
LogPluginManager: Mounting plugin ProceduralMeshComponent
LogPluginManager: Mounting plugin RuntimePhysXCooking
LogPluginManager: Mounting plugin SignificanceManager
LogPluginManager: Mounting plugin SoundFields
LogPluginManager: Mounting plugin SteamVR
LogPluginManager: Mounting plugin Synthesis
LogPluginManager: Mounting plugin WebMMoviePlayer
LogPluginManager: Mounting plugin WindowsMoviePlayer
LogPluginManager: Mounting plugin ScreenshotTools
LogInit: Using libcurl 7.55.1-DEV
LogInit:  - built for x86_64-pc-win32
LogInit:  - supports SSL with OpenSSL/1.1.1
LogInit:  - supports HTTP deflate (compression) using libz 1.2.8
LogInit:  - other features:
LogInit:      CURL_VERSION_SSL
LogInit:      CURL_VERSION_LIBZ
LogInit:      CURL_VERSION_IPV6
LogInit:      CURL_VERSION_ASYNCHDNS
LogInit:      CURL_VERSION_LARGEFILE
LogInit:      CURL_VERSION_IDN
LogInit:  CurlRequestOptions (configurable via config and command line):
LogInit:  - bVerifyPeer = true  - Libcurl will verify peer certificate
LogInit:  - bUseHttpProxy = false  - Libcurl will NOT use HTTP proxy
LogInit:  - bDontReuseConnections = false  - Libcurl will reuse connections
LogInit:  - MaxHostConnections = 16  - Libcurl will limit the number of connections to a host
LogInit:  - LocalHostAddr = Default
LogInit:  - BufferSize = 65536
LogOnline: OSS: Creating online subsystem instance for: NULL
LogInit: WinSock: version 1.1 (2.2), MaxSocks=32767, MaxUdp=65467
LogOnline: OSS: TryLoadSubsystemAndSetDefault: Loaded subsystem for module [NULL]
LogInit: Build: ++UE4+Release-4.25-CL-13942748
LogInit: Engine Version: 4.25.3-13942748+++UE4+Release-4.25
LogInit: Compatible Engine Version: 4.25.0-13144385+++UE4+Release-4.25
LogInit: Net CL: 13144385
LogInit: OS: Windows 10 (Release 2004) (), CPU: Intel(R) Core(TM) i5-10600K CPU @ 4.10GHz, GPU: NVIDIA GeForce RTX 2060 SUPER
LogInit: Compiled (64-bit): Jul 25 2020 02:07:48
LogInit: Compiled with Visual C++: 19.24.28315.00
LogInit: Build Configuration: Development
LogInit: Branch Name: ++UE4+Release-4.25
LogInit: Command Line: 
LogInit: Base Directory: C:/Program Files/Epic Games/UE_4.25/Engine/Binaries/Win64/
LogInit: Allocator: TBB
LogInit: Installed Engine Build: 1
LogDevObjectVersion: Number of dev versions registered: 26
LogDevObjectVersion:   Dev-Blueprints (B0D832E4-1F89-4F0D-ACCF-7EB736FD4AA2): 10
LogDevObjectVersion:   Dev-Build (E1C64328-A22C-4D53-A36C-8E866417BD8C): 0
LogDevObjectVersion:   Dev-Core (375EC13C-06E4-48FB-B500-84F0262A717E): 4
LogDevObjectVersion:   Dev-Editor (E4B068ED-F494-42E9-A231-DA0B2E46BB41): 38
LogDevObjectVersion:   Dev-Framework (CFFC743F-43B0-4480-9391-14DF171D2073): 37
LogDevObjectVersion:   Dev-Mobile (B02B49B5-BB20-44E9-A304-32B752E40360): 2
LogDevObjectVersion:   Dev-Networking (A4E4105C-59A1-49B5-A7C5-40C4547EDFEE): 0
LogDevObjectVersion:   Dev-Online (39C831C9-5AE6-47DC-9A44-9C173E1C8E7C): 0
LogDevObjectVersion:   Dev-Physics (78F01B33-EBEA-4F98-B9B4-84EACCB95AA2): 4
LogDevObjectVersion:   Dev-Platform (6631380F-2D4D-43E0-8009-CF276956A95A): 0
LogDevObjectVersion:   Dev-Rendering (12F88B9F-8875-4AFC-A67C-D90C383ABD29): 43
LogDevObjectVersion:   Dev-Sequencer (7B5AE74C-D270-4C10-A958-57980B212A5A): 12
LogDevObjectVersion:   Dev-VR (D7296918-1DD6-4BDD-9DE2-64A83CC13884): 3
LogDevObjectVersion:   Dev-LoadTimes (C2A15278-BFE7-4AFE-6C17-90FF531DF755): 1
LogDevObjectVersion:   Private-Geometry (6EACA3D4-40EC-4CC1-B786-8BED09428FC5): 3
LogDevObjectVersion:   Dev-AnimPhys (29E575DD-E0A3-4627-9D10-D276232CDCEA): 17
LogDevObjectVersion:   Dev-Anim (AF43A65D-7FD3-4947-9873-3E8ED9C1BB05): 7
LogDevObjectVersion:   Dev-ReflectionCapture (6B266CEC-1EC7-4B8F-A30B-E4D90942FC07): 1
LogDevObjectVersion:   Dev-Automation (0DF73D61-A23F-47EA-B727-89E90C41499A): 1
LogDevObjectVersion:   FortniteMain (601D1886-AC64-4F84-AA16-D3DE0DEAC7D6): 31
LogDevObjectVersion:   Dev-Enterprise (9DFFBCD6-494F-0158-E221-12823C92A888): 10
LogDevObjectVersion:   Dev-Niagara (F2AED0AC-9AFE-416F-8664-AA7FFA26D6FC): 1
LogDevObjectVersion:   Dev-Destruction (174F1F0B-B4C6-45A5-B13F-2EE8D0FB917D): 10
LogDevObjectVersion:   Dev-Physics-Ext (35F94A83-E258-406C-A318-09F59610247C): 37
LogDevObjectVersion:   Dev-PhysicsMaterial-Chaos (B68FC16E-8B1B-42E2-B453-215C058844FE): 1
LogDevObjectVersion:   Dev-CineCamera (B2E18506-4273-CFC2-A54E-F4BB758BBA07): 1
LogInit: Presizing for max 25165824 objects, including 0 objects not considered by GC, pre-allocating 0 bytes for permanent pool.
LogConfig: Applying CVar settings from Section [/Script/Engine.StreamingSettings] File [C:/Dev/Unreal Engine 4/CPP Tutorial/BrickBreaker/Saved/Config/Windows/Engine.ini]
LogConfig: Setting CVar [[s.MinBulkDataSizeForAsyncLoading:131072]]
LogConfig: Setting CVar [[s.AsyncLoadingThreadEnabled:0]]
LogConfig: Setting CVar [[s.EventDrivenLoaderEnabled:1]]
LogConfig: Setting CVar [[s.WarnIfTimeLimitExceeded:0]]
LogConfig: Setting CVar [[s.TimeLimitExceededMultiplier:1.5]]
LogConfig: Setting CVar [[s.TimeLimitExceededMinTime:0.005]]
LogConfig: Setting CVar [[s.UseBackgroundLevelStreaming:1]]
LogConfig: Setting CVar [[s.PriorityAsyncLoadingExtraTime:15.0]]
LogConfig: Setting CVar [[s.LevelStreamingActorsUpdateTimeLimit:5.0]]
LogConfig: Setting CVar [[s.PriorityLevelStreamingActorsUpdateExtraTime:5.0]]
LogConfig: Setting CVar [[s.LevelStreamingComponentsRegistrationGranularity:10]]
LogConfig: Setting CVar [[s.UnregisterComponentsTimeLimit:1.0]]
LogConfig: Setting CVar [[s.LevelStreamingComponentsUnregistrationGranularity:5]]
LogConfig: Setting CVar [[s.FlushStreamingOnExit:1]]
LogInit: Object subsystem initialized
LogConfig: Setting CVar [[con.DebugEarlyDefault:1]]
LogConfig: Setting CVar [[r.setres:1280x720]]
[2020.09.21-08.01.06:581][  0]LogConfig: Setting CVar [[r.VSync:0]]
[2020.09.21-08.01.06:581][  0]LogConfig: Setting CVar [[r.RHICmdBypass:0]]
[2020.09.21-08.01.06:581][  0]LogConfig: Applying CVar settings from Section [/Script/Engine.RendererSettings] File [C:/Dev/Unreal Engine 4/CPP Tutorial/BrickBreaker/Saved/Config/Windows/Engine.ini]
[2020.09.21-08.01.06:581][  0]LogConfig: Setting CVar [[r.GPUCrashDebugging:0]]
[2020.09.21-08.01.06:581][  0]LogConfig: Applying CVar settings from Section [/Script/Engine.RendererOverrideSettings] File [C:/Dev/Unreal Engine 4/CPP Tutorial/BrickBreaker/Saved/Config/Windows/Engine.ini]
[2020.09.21-08.01.06:581][  0]LogConfig: Applying CVar settings from Section [/Script/Engine.StreamingSettings] File [C:/Dev/Unreal Engine 4/CPP Tutorial/BrickBreaker/Saved/Config/Windows/Engine.ini]
[2020.09.21-08.01.06:581][  0]LogConfig: Setting CVar [[s.MinBulkDataSizeForAsyncLoading:131072]]
[2020.09.21-08.01.06:581][  0]LogConfig: Setting CVar [[s.AsyncLoadingThreadEnabled:0]]
[2020.09.21-08.01.06:581][  0]LogConfig: Setting CVar [[s.EventDrivenLoaderEnabled:1]]
[2020.09.21-08.01.06:581][  0]LogConfig: Setting CVar [[s.WarnIfTimeLimitExceeded:0]]
[2020.09.21-08.01.06:581][  0]LogConfig: Setting CVar [[s.TimeLimitExceededMultiplier:1.5]]
[2020.09.21-08.01.06:581][  0]LogConfig: Setting CVar [[s.TimeLimitExceededMinTime:0.005]]
[2020.09.21-08.01.06:581][  0]LogConfig: Setting CVar [[s.UseBackgroundLevelStreaming:1]]
[2020.09.21-08.01.06:581][  0]LogConfig: Setting CVar [[s.PriorityAsyncLoadingExtraTime:15.0]]
[2020.09.21-08.01.06:581][  0]LogConfig: Setting CVar [[s.LevelStreamingActorsUpdateTimeLimit:5.0]]
[2020.09.21-08.01.06:581][  0]LogConfig: Setting CVar [[s.PriorityLevelStreamingActorsUpdateExtraTime:5.0]]
[2020.09.21-08.01.06:581][  0]LogConfig: Setting CVar [[s.LevelStreamingComponentsRegistrationGranularity:10]]
[2020.09.21-08.01.06:581][  0]LogConfig: Setting CVar [[s.UnregisterComponentsTimeLimit:1.0]]
[2020.09.21-08.01.06:581][  0]LogConfig: Setting CVar [[s.LevelStreamingComponentsUnregistrationGranularity:5]]
[2020.09.21-08.01.06:581][  0]LogConfig: Setting CVar [[s.FlushStreamingOnExit:1]]
[2020.09.21-08.01.06:581][  0]LogConfig: Applying CVar settings from Section [/Script/Engine.GarbageCollectionSettings] File [C:/Dev/Unreal Engine 4/CPP Tutorial/BrickBreaker/Saved/Config/Windows/Engine.ini]
[2020.09.21-08.01.06:581][  0]LogConfig: Setting CVar [[gc.MaxObjectsNotConsideredByGC:1]]
[2020.09.21-08.01.06:581][  0]LogConfig: Setting CVar [[gc.SizeOfPermanentObjectPool:0]]
[2020.09.21-08.01.06:581][  0]LogConfig: Setting CVar [[gc.FlushStreamingOnGC:0]]
[2020.09.21-08.01.06:581][  0]LogConfig: Setting CVar [[gc.NumRetriesBeforeForcingGC:10]]
[2020.09.21-08.01.06:581][  0]LogConfig: Setting CVar [[gc.AllowParallelGC:1]]
[2020.09.21-08.01.06:581][  0]LogConfig: Setting CVar [[gc.TimeBetweenPurgingPendingKillObjects:61.1]]
[2020.09.21-08.01.06:581][  0]LogConfig: Setting CVar [[gc.MaxObjectsInEditor:25165824]]
[2020.09.21-08.01.06:581][  0]LogConfig: Setting CVar [[gc.IncrementalBeginDestroyEnabled:1]]
[2020.09.21-08.01.06:581][  0]LogConfig: Setting CVar [[gc.CreateGCClusters:1]]
[2020.09.21-08.01.06:581][  0]LogConfig: Setting CVar [[gc.MinGCClusterSize:5]]
[2020.09.21-08.01.06:581][  0]LogConfig: Setting CVar [[gc.ActorClusteringEnabled:0]]
[2020.09.21-08.01.06:581][  0]LogConfig: Setting CVar [[gc.BlueprintClusteringEnabled:0]]
[2020.09.21-08.01.06:581][  0]LogConfig: Setting CVar [[gc.UseDisregardForGCOnDedicatedServers:0]]
[2020.09.21-08.01.06:581][  0]LogConfig: Applying CVar settings from Section [/Script/Engine.NetworkSettings] File [C:/Dev/Unreal Engine 4/CPP Tutorial/BrickBreaker/Saved/Config/Windows/Engine.ini]
[2020.09.21-08.01.06:581][  0]LogConfig: Applying CVar settings from Section [/Script/UnrealEd.CookerSettings] File [C:/Dev/Unreal Engine 4/CPP Tutorial/BrickBreaker/Saved/Config/Windows/Engine.ini]
[2020.09.21-08.01.06:584][  0]LogConfig: Applying CVar settings from Section [ViewDistanceQuality@3] File [C:/Dev/Unreal Engine 4/CPP Tutorial/BrickBreaker/Saved/Config/Windows/Scalability.ini]
[2020.09.21-08.01.06:584][  0]LogConfig: Setting CVar [[r.SkeletalMeshLODBias:0]]
[2020.09.21-08.01.06:584][  0]LogConfig: Setting CVar [[r.ViewDistanceScale:1.0]]
[2020.09.21-08.01.06:585][  0]LogConfig: Applying CVar settings from Section [AntiAliasingQuality@3] File [C:/Dev/Unreal Engine 4/CPP Tutorial/BrickBreaker/Saved/Config/Windows/Scalability.ini]
[2020.09.21-08.01.06:585][  0]LogConfig: Setting CVar [[r.PostProcessAAQuality:4]]
[2020.09.21-08.01.06:585][  0]LogConfig: Applying CVar settings from Section [ShadowQuality@3] File [C:/Dev/Unreal Engine 4/CPP Tutorial/BrickBreaker/Saved/Config/Windows/Scalability.ini]
[2020.09.21-08.01.06:585][  0]LogConfig: Setting CVar [[r.LightFunctionQuality:1]]
[2020.09.21-08.01.06:585][  0]LogConfig: Setting CVar [[r.ShadowQuality:5]]
[2020.09.21-08.01.06:585][  0]LogConfig: Setting CVar [[r.Shadow.CSM.MaxCascades:10]]
[2020.09.21-08.01.06:585][  0]LogConfig: Setting CVar [[r.Shadow.MaxResolution:2048]]
[2020.09.21-08.01.06:585][  0]LogConfig: Setting CVar [[r.Shadow.MaxCSMResolution:2048]]
[2020.09.21-08.01.06:585][  0]LogConfig: Setting CVar [[r.Shadow.RadiusThreshold:0.01]]
[2020.09.21-08.01.06:585][  0]LogConfig: Setting CVar [[r.Shadow.DistanceScale:1.0]]
[2020.09.21-08.01.06:585][  0]LogConfig: Setting CVar [[r.Shadow.CSM.TransitionScale:1.0]]
[2020.09.21-08.01.06:585][  0]LogConfig: Setting CVar [[r.Shadow.PreShadowResolutionFactor:1.0]]
[2020.09.21-08.01.06:585][  0]LogConfig: Setting CVar [[r.DistanceFieldShadowing:1]]
[2020.09.21-08.01.06:585][  0]LogConfig: Setting CVar [[r.DistanceFieldAO:1]]
[2020.09.21-08.01.06:585][  0]LogConfig: Setting CVar [[r.AOQuality:2]]
[2020.09.21-08.01.06:585][  0]LogConfig: Setting CVar [[r.VolumetricFog:1]]
[2020.09.21-08.01.06:585][  0]LogConfig: Setting CVar [[r.VolumetricFog.GridPixelSize:8]]
[2020.09.21-08.01.06:585][  0]LogConfig: Setting CVar [[r.VolumetricFog.GridSizeZ:128]]
[2020.09.21-08.01.06:585][  0]LogConfig: Setting CVar [[r.VolumetricFog.HistoryMissSupersampleCount:4]]
[2020.09.21-08.01.06:585][  0]LogConfig: Setting CVar [[r.LightMaxDrawDistanceScale:1]]
[2020.09.21-08.01.06:585][  0]LogConfig: Setting CVar [[r.CapsuleShadows:1]]
[2020.09.21-08.01.06:585][  0]LogConfig: Applying CVar settings from Section [PostProcessQuality@3] File [C:/Dev/Unreal Engine 4/CPP Tutorial/BrickBreaker/Saved/Config/Windows/Scalability.ini]
[2020.09.21-08.01.06:585][  0]LogConfig: Setting CVar [[r.MotionBlurQuality:4]]
[2020.09.21-08.01.06:585][  0]LogConfig: Setting CVar [[r.AmbientOcclusionMipLevelFactor:0.4]]
[2020.09.21-08.01.06:585][  0]LogConfig: Setting CVar [[r.AmbientOcclusionMaxQuality:100]]
[2020.09.21-08.01.06:585][  0]LogConfig: Setting CVar [[r.AmbientOcclusionLevels:-1]]
[2020.09.21-08.01.06:585][  0]LogConfig: Setting CVar [[r.AmbientOcclusionRadiusScale:1.0]]
[2020.09.21-08.01.06:585][  0]LogConfig: Setting CVar [[r.DepthOfFieldQuality:2]]
[2020.09.21-08.01.06:585][  0]LogConfig: Setting CVar [[r.RenderTargetPoolMin:400]]
[2020.09.21-08.01.06:585][  0]LogConfig: Setting CVar [[r.LensFlareQuality:2]]
[2020.09.21-08.01.06:585][  0]LogConfig: Setting CVar [[r.SceneColorFringeQuality:1]]
[2020.09.21-08.01.06:585][  0]LogConfig: Setting CVar [[r.EyeAdaptationQuality:2]]
[2020.09.21-08.01.06:585][  0]LogConfig: Setting CVar [[r.BloomQuality:5]]
[2020.09.21-08.01.06:585][  0]LogConfig: Setting CVar [[r.FastBlurThreshold:100]]
[2020.09.21-08.01.06:585][  0]LogConfig: Setting CVar [[r.Upscale.Quality:3]]
[2020.09.21-08.01.06:585][  0]LogConfig: Setting CVar [[r.Tonemapper.GrainQuantization:1]]
[2020.09.21-08.01.06:585][  0]LogConfig: Setting CVar [[r.LightShaftQuality:1]]
[2020.09.21-08.01.06:585][  0]LogConfig: Setting CVar [[r.Filter.SizeScale:1]]
[2020.09.21-08.01.06:585][  0]LogConfig: Setting CVar [[r.Tonemapper.Quality:5]]
[2020.09.21-08.01.06:585][  0]LogConfig: Setting CVar [[r.DOF.Gather.AccumulatorQuality:1        ; higher gathering accumulator quality]]
[2020.09.21-08.01.06:585][  0]LogConfig: Setting CVar [[r.DOF.Gather.PostfilterMethod:1          ; Median3x3 postfilering method]]
[2020.09.21-08.01.06:585][  0]LogConfig: Setting CVar [[r.DOF.Gather.EnableBokehSettings:0       ; no bokeh simulation when gathering]]
[2020.09.21-08.01.06:585][  0]LogConfig: Setting CVar [[r.DOF.Gather.RingCount:4                 ; medium number of samples when gathering]]
[2020.09.21-08.01.06:585][  0]LogConfig: Setting CVar [[r.DOF.Scatter.ForegroundCompositing:1    ; additive foreground scattering]]
[2020.09.21-08.01.06:585][  0]LogConfig: Setting CVar [[r.DOF.Scatter.BackgroundCompositing:2    ; additive background scattering]]
[2020.09.21-08.01.06:585][  0]LogConfig: Setting CVar [[r.DOF.Scatter.EnableBokehSettings:1      ; bokeh simulation when scattering]]
[2020.09.21-08.01.06:585][  0]LogConfig: Setting CVar [[r.DOF.Scatter.MaxSpriteRatio:0.1         ; only a maximum of 10% of scattered bokeh]]
[2020.09.21-08.01.06:585][  0]LogConfig: Setting CVar [[r.DOF.Recombine.Quality:1                ; cheap slight out of focus]]
[2020.09.21-08.01.06:585][  0]LogConfig: Setting CVar [[r.DOF.Recombine.EnableBokehSettings:0    ; no bokeh simulation on slight out of focus]]
[2020.09.21-08.01.06:585][  0]LogConfig: Setting CVar [[r.DOF.TemporalAAQuality:1                ; more stable temporal accumulation]]
[2020.09.21-08.01.06:585][  0]LogConfig: Setting CVar [[r.DOF.Kernel.MaxForegroundRadius:0.025]]
[2020.09.21-08.01.06:585][  0]LogConfig: Setting CVar [[r.DOF.Kernel.MaxBackgroundRadius:0.025]]
[2020.09.21-08.01.06:585][  0]LogConfig: Applying CVar settings from Section [TextureQuality@3] File [C:/Dev/Unreal Engine 4/CPP Tutorial/BrickBreaker/Saved/Config/Windows/Scalability.ini]
[2020.09.21-08.01.06:585][  0]LogConfig: Setting CVar [[r.Streaming.MipBias:0]]
[2020.09.21-08.01.06:585][  0]LogConfig: Setting CVar [[r.Streaming.AmortizeCPUToGPUCopy:0]]
[2020.09.21-08.01.06:585][  0]LogConfig: Setting CVar [[r.Streaming.MaxNumTexturesToStreamPerFrame:0]]
[2020.09.21-08.01.06:585][  0]LogConfig: Setting CVar [[r.Streaming.Boost:1]]
[2020.09.21-08.01.06:585][  0]LogConfig: Setting CVar [[r.MaxAnisotropy:8]]
[2020.09.21-08.01.06:585][  0]LogConfig: Setting CVar [[r.VT.MaxAnisotropy:8]]
[2020.09.21-08.01.06:585][  0]LogConfig: Setting CVar [[r.Streaming.LimitPoolSizeToVRAM:0]]
[2020.09.21-08.01.06:585][  0]LogConfig: Setting CVar [[r.Streaming.PoolSize:1000]]
[2020.09.21-08.01.06:585][  0]LogConfig: Setting CVar [[r.Streaming.MaxEffectiveScreenSize:0]]
[2020.09.21-08.01.06:585][  0]LogConfig: Applying CVar settings from Section [EffectsQuality@3] File [C:/Dev/Unreal Engine 4/CPP Tutorial/BrickBreaker/Saved/Config/Windows/Scalability.ini]
[2020.09.21-08.01.06:585][  0]LogConfig: Setting CVar [[r.TranslucencyLightingVolumeDim:64]]
[2020.09.21-08.01.06:585][  0]LogConfig: Setting CVar [[r.RefractionQuality:2]]
[2020.09.21-08.01.06:585][  0]LogConfig: Setting CVar [[r.SSR.Quality:3]]
[2020.09.21-08.01.06:585][  0]LogConfig: Setting CVar [[r.SSR.HalfResSceneColor:0]]
[2020.09.21-08.01.06:585][  0]LogConfig: Setting CVar [[r.SceneColorFormat:4]]
[2020.09.21-08.01.06:585][  0]LogConfig: Setting CVar [[r.DetailMode:2]]
[2020.09.21-08.01.06:585][  0]LogConfig: Setting CVar [[r.TranslucencyVolumeBlur:1]]
[2020.09.21-08.01.06:585][  0]LogConfig: Setting CVar [[r.MaterialQualityLevel:1 ; High quality]]
[2020.09.21-08.01.06:585][  0]LogConfig: Setting CVar [[r.SSS.Scale:1]]
[2020.09.21-08.01.06:585][  0]LogConfig: Setting CVar [[r.SSS.SampleSet:2]]
[2020.09.21-08.01.06:585][  0]LogConfig: Setting CVar [[r.SSS.Quality:1]]
[2020.09.21-08.01.06:585][  0]LogConfig: Setting CVar [[r.SSS.HalfRes:0]]
[2020.09.21-08.01.06:585][  0]LogConfig: Setting CVar [[r.SSGI.Quality:3]]
[2020.09.21-08.01.06:585][  0]LogConfig: Setting CVar [[r.EmitterSpawnRateScale:1.0]]
[2020.09.21-08.01.06:585][  0]LogConfig: Setting CVar [[r.ParticleLightQuality:2]]
[2020.09.21-08.01.06:585][  0]LogConfig: Setting CVar [[r.SkyAtmosphere.AerialPerspectiveLUT.FastApplyOnOpaque:1 ; Always have FastSkyLUT 1 in this case to avoid wrong sky]]
[2020.09.21-08.01.06:585][  0]LogConfig: Setting CVar [[r.SkyAtmosphere.AerialPerspectiveLUT.SampleCountPerSlice:1]]
[2020.09.21-08.01.06:585][  0]LogConfig: Setting CVar [[r.SkyAtmosphere.AerialPerspectiveLUT.DepthResolution:16.0]]
[2020.09.21-08.01.06:585][  0]LogConfig: Setting CVar [[r.SkyAtmosphere.FastSkyLUT:1]]
[2020.09.21-08.01.06:585][  0]LogConfig: Setting CVar [[r.SkyAtmosphere.FastSkyLUT.SampleCountMin:4.0]]
[2020.09.21-08.01.06:585][  0]LogConfig: Setting CVar [[r.SkyAtmosphere.FastSkyLUT.SampleCountMax:32.0]]
[2020.09.21-08.01.06:585][  0]LogConfig: Setting CVar [[r.SkyAtmosphere.SampleCountMin:4.0]]
[2020.09.21-08.01.06:585][  0]LogConfig: Setting CVar [[r.SkyAtmosphere.SampleCountMax:32.0]]
[2020.09.21-08.01.06:585][  0]LogConfig: Setting CVar [[r.SkyAtmosphere.TransmittanceLUT.UseSmallFormat:0]]
[2020.09.21-08.01.06:585][  0]LogConfig: Setting CVar [[r.SkyAtmosphere.TransmittanceLUT.SampleCount:10.0]]
[2020.09.21-08.01.06:585][  0]LogConfig: Setting CVar [[r.SkyAtmosphere.MultiScatteringLUT.SampleCount:15.0]]
[2020.09.21-08.01.06:585][  0]LogConfig: Applying CVar settings from Section [FoliageQuality@3] File [C:/Dev/Unreal Engine 4/CPP Tutorial/BrickBreaker/Saved/Config/Windows/Scalability.ini]
[2020.09.21-08.01.06:585][  0]LogConfig: Setting CVar [[foliage.DensityScale:1.0]]
[2020.09.21-08.01.06:585][  0]LogConfig: Setting CVar [[grass.DensityScale:1.0]]
[2020.09.21-08.01.06:585][  0]LogConfig: Applying CVar settings from Section [ShadingQuality@3] File [C:/Dev/Unreal Engine 4/CPP Tutorial/BrickBreaker/Saved/Config/Windows/Scalability.ini]
[2020.09.21-08.01.06:585][  0]LogConfig: Setting CVar [[r.HairStrands.SkyLighting.SampleCount:16]]
[2020.09.21-08.01.06:585][  0]LogConfig: Setting CVar [[r.HairStrands.SkyLighting.JitterIntegration:0]]
[2020.09.21-08.01.06:585][  0]LogConfig: Setting CVar [[r.HairStrands.SkyAO.SampleCount:16]]
[2020.09.21-08.01.06:585][  0]LogConfig: Setting CVar [[r.HairStrands.DeepShadow.SuperSampling:0]]
[2020.09.21-08.01.06:585][  0]LogConfig: Setting CVar [[r.HairStrands.VisibilityPPLL:0]]
[2020.09.21-08.01.06:585][  0]LogConfig: Setting CVar [[r.HairStrands.RasterizationScale:0.5]]
[2020.09.21-08.01.06:585][  0]LogConfig: Setting CVar [[r.HairStrands.VelocityRasterizationScale:1]]
[2020.09.21-08.01.06:585][  0]LogInit: Selected Device Profile: [Windows]
[2020.09.21-08.01.06:585][  0]LogInit: Applying CVar settings loaded from the selected device profile: [Windows]
[2020.09.21-08.01.06:585][  0]LogHAL: Display: Platform has ~ 16 GB [17096294400 / 17179869184 / 16], which maps to Larger [LargestMinGB=32, LargerMinGB=12, DefaultMinGB=8, SmallerMinGB=6, SmallestMinGB=0)
[2020.09.21-08.01.06:585][  0]LogInit: Going up to parent DeviceProfile []
[2020.09.21-08.01.06:585][  0]LogConfig: Applying CVar settings from Section [ViewDistanceQuality@3] File [C:/Dev/Unreal Engine 4/CPP Tutorial/BrickBreaker/Saved/Config/Windows/Scalability.ini]
[2020.09.21-08.01.06:585][  0]LogConfig: Setting CVar [[r.SkeletalMeshLODBias:0]]
[2020.09.21-08.01.06:585][  0]LogConfig: Setting CVar [[r.ViewDistanceScale:1.0]]
[2020.09.21-08.01.06:586][  0]LogConfig: Applying CVar settings from Section [AntiAliasingQuality@3] File [C:/Dev/Unreal Engine 4/CPP Tutorial/BrickBreaker/Saved/Config/Windows/Scalability.ini]
[2020.09.21-08.01.06:586][  0]LogConfig: Setting CVar [[r.PostProcessAAQuality:4]]
[2020.09.21-08.01.06:586][  0]LogConfig: Applying CVar settings from Section [ShadowQuality@3] File [C:/Dev/Unreal Engine 4/CPP Tutorial/BrickBreaker/Saved/Config/Windows/Scalability.ini]
[2020.09.21-08.01.06:586][  0]LogConfig: Setting CVar [[r.LightFunctionQuality:1]]
[2020.09.21-08.01.06:586][  0]LogConfig: Setting CVar [[r.ShadowQuality:5]]
[2020.09.21-08.01.06:586][  0]LogConfig: Setting CVar [[r.Shadow.CSM.MaxCascades:10]]
[2020.09.21-08.01.06:586][  0]LogConfig: Setting CVar [[r.Shadow.MaxResolution:2048]]
[2020.09.21-08.01.06:586][  0]LogConfig: Setting CVar [[r.Shadow.MaxCSMResolution:2048]]
[2020.09.21-08.01.06:586][  0]LogConfig: Setting CVar [[r.Shadow.RadiusThreshold:0.01]]
[2020.09.21-08.01.06:586][  0]LogConfig: Setting CVar [[r.Shadow.DistanceScale:1.0]]
[2020.09.21-08.01.06:586][  0]LogConfig: Setting CVar [[r.Shadow.CSM.TransitionScale:1.0]]
[2020.09.21-08.01.06:586][  0]LogConfig: Setting CVar [[r.Shadow.PreShadowResolutionFactor:1.0]]
[2020.09.21-08.01.06:586][  0]LogConfig: Setting CVar [[r.DistanceFieldShadowing:1]]
[2020.09.21-08.01.06:586][  0]LogConfig: Setting CVar [[r.DistanceFieldAO:1]]
[2020.09.21-08.01.06:586][  0]LogConfig: Setting CVar [[r.AOQuality:2]]
[2020.09.21-08.01.06:586][  0]LogConfig: Setting CVar [[r.VolumetricFog:1]]
[2020.09.21-08.01.06:586][  0]LogConfig: Setting CVar [[r.VolumetricFog.GridPixelSize:8]]
[2020.09.21-08.01.06:586][  0]LogConfig: Setting CVar [[r.VolumetricFog.GridSizeZ:128]]
[2020.09.21-08.01.06:586][  0]LogConfig: Setting CVar [[r.VolumetricFog.HistoryMissSupersampleCount:4]]
[2020.09.21-08.01.06:586][  0]LogConfig: Setting CVar [[r.LightMaxDrawDistanceScale:1]]
[2020.09.21-08.01.06:586][  0]LogConfig: Setting CVar [[r.CapsuleShadows:1]]
[2020.09.21-08.01.06:586][  0]LogConfig: Applying CVar settings from Section [PostProcessQuality@3] File [C:/Dev/Unreal Engine 4/CPP Tutorial/BrickBreaker/Saved/Config/Windows/Scalability.ini]
[2020.09.21-08.01.06:586][  0]LogConfig: Setting CVar [[r.MotionBlurQuality:4]]
[2020.09.21-08.01.06:586][  0]LogConfig: Setting CVar [[r.AmbientOcclusionMipLevelFactor:0.4]]
[2020.09.21-08.01.06:586][  0]LogConfig: Setting CVar [[r.AmbientOcclusionMaxQuality:100]]
[2020.09.21-08.01.06:586][  0]LogConfig: Setting CVar [[r.AmbientOcclusionLevels:-1]]
[2020.09.21-08.01.06:586][  0]LogConfig: Setting CVar [[r.AmbientOcclusionRadiusScale:1.0]]
[2020.09.21-08.01.06:586][  0]LogConfig: Setting CVar [[r.DepthOfFieldQuality:2]]
[2020.09.21-08.01.06:586][  0]LogConfig: Setting CVar [[r.RenderTargetPoolMin:400]]
[2020.09.21-08.01.06:586][  0]LogConfig: Setting CVar [[r.LensFlareQuality:2]]
[2020.09.21-08.01.06:586][  0]LogConfig: Setting CVar [[r.SceneColorFringeQuality:1]]
[2020.09.21-08.01.06:586][  0]LogConfig: Setting CVar [[r.EyeAdaptationQuality:2]]
[2020.09.21-08.01.06:586][  0]LogConfig: Setting CVar [[r.BloomQuality:5]]
[2020.09.21-08.01.06:586][  0]LogConfig: Setting CVar [[r.FastBlurThreshold:100]]
[2020.09.21-08.01.06:586][  0]LogConfig: Setting CVar [[r.Upscale.Quality:3]]
[2020.09.21-08.01.06:586][  0]LogConfig: Setting CVar [[r.Tonemapper.GrainQuantization:1]]
[2020.09.21-08.01.06:586][  0]LogConfig: Setting CVar [[r.LightShaftQuality:1]]
[2020.09.21-08.01.06:586][  0]LogConfig: Setting CVar [[r.Filter.SizeScale:1]]
[2020.09.21-08.01.06:586][  0]LogConfig: Setting CVar [[r.Tonemapper.Quality:5]]
[2020.09.21-08.01.06:586][  0]LogConfig: Setting CVar [[r.DOF.Gather.AccumulatorQuality:1        ; higher gathering accumulator quality]]
[2020.09.21-08.01.06:586][  0]LogConfig: Setting CVar [[r.DOF.Gather.PostfilterMethod:1          ; Median3x3 postfilering method]]
[2020.09.21-08.01.06:586][  0]LogConfig: Setting CVar [[r.DOF.Gather.EnableBokehSettings:0       ; no bokeh simulation when gathering]]
[2020.09.21-08.01.06:586][  0]LogConfig: Setting CVar [[r.DOF.Gather.RingCount:4                 ; medium number of samples when gathering]]
[2020.09.21-08.01.06:586][  0]LogConfig: Setting CVar [[r.DOF.Scatter.ForegroundCompositing:1    ; additive foreground scattering]]
[2020.09.21-08.01.06:586][  0]LogConfig: Setting CVar [[r.DOF.Scatter.BackgroundCompositing:2    ; additive background scattering]]
[2020.09.21-08.01.06:586][  0]LogConfig: Setting CVar [[r.DOF.Scatter.EnableBokehSettings:1      ; bokeh simulation when scattering]]
[2020.09.21-08.01.06:586][  0]LogConfig: Setting CVar [[r.DOF.Scatter.MaxSpriteRatio:0.1         ; only a maximum of 10% of scattered bokeh]]
[2020.09.21-08.01.06:586][  0]LogConfig: Setting CVar [[r.DOF.Recombine.Quality:1                ; cheap slight out of focus]]
[2020.09.21-08.01.06:586][  0]LogConfig: Setting CVar [[r.DOF.Recombine.EnableBokehSettings:0    ; no bokeh simulation on slight out of focus]]
[2020.09.21-08.01.06:586][  0]LogConfig: Setting CVar [[r.DOF.TemporalAAQuality:1                ; more stable temporal accumulation]]
[2020.09.21-08.01.06:586][  0]LogConfig: Setting CVar [[r.DOF.Kernel.MaxForegroundRadius:0.025]]
[2020.09.21-08.01.06:586][  0]LogConfig: Setting CVar [[r.DOF.Kernel.MaxBackgroundRadius:0.025]]
[2020.09.21-08.01.06:586][  0]LogConfig: Applying CVar settings from Section [TextureQuality@3] File [C:/Dev/Unreal Engine 4/CPP Tutorial/BrickBreaker/Saved/Config/Windows/Scalability.ini]
[2020.09.21-08.01.06:586][  0]LogConfig: Setting CVar [[r.Streaming.MipBias:0]]
[2020.09.21-08.01.06:586][  0]LogConfig: Setting CVar [[r.Streaming.AmortizeCPUToGPUCopy:0]]
[2020.09.21-08.01.06:586][  0]LogConfig: Setting CVar [[r.Streaming.MaxNumTexturesToStreamPerFrame:0]]
[2020.09.21-08.01.06:586][  0]LogConfig: Setting CVar [[r.Streaming.Boost:1]]
[2020.09.21-08.01.06:586][  0]LogConfig: Setting CVar [[r.MaxAnisotropy:8]]
[2020.09.21-08.01.06:586][  0]LogConfig: Setting CVar [[r.VT.MaxAnisotropy:8]]
[2020.09.21-08.01.06:586][  0]LogConfig: Setting CVar [[r.Streaming.LimitPoolSizeToVRAM:0]]
[2020.09.21-08.01.06:586][  0]LogConfig: Setting CVar [[r.Streaming.PoolSize:1000]]
[2020.09.21-08.01.06:586][  0]LogConfig: Setting CVar [[r.Streaming.MaxEffectiveScreenSize:0]]
[2020.09.21-08.01.06:586][  0]LogConfig: Applying CVar settings from Section [EffectsQuality@3] File [C:/Dev/Unreal Engine 4/CPP Tutorial/BrickBreaker/Saved/Config/Windows/Scalability.ini]
[2020.09.21-08.01.06:586][  0]LogConfig: Setting CVar [[r.TranslucencyLightingVolumeDim:64]]
[2020.09.21-08.01.06:586][  0]LogConfig: Setting CVar [[r.RefractionQuality:2]]
[2020.09.21-08.01.06:586][  0]LogConfig: Setting CVar [[r.SSR.Quality:3]]
[2020.09.21-08.01.06:586][  0]LogConfig: Setting CVar [[r.SSR.HalfResSceneColor:0]]
[2020.09.21-08.01.06:586][  0]LogConfig: Setting CVar [[r.SceneColorFormat:4]]
[2020.09.21-08.01.06:586][  0]LogConfig: Setting CVar [[r.DetailMode:2]]
[2020.09.21-08.01.06:586][  0]LogConfig: Setting CVar [[r.TranslucencyVolumeBlur:1]]
[2020.09.21-08.01.06:586][  0]LogConfig: Setting CVar [[r.MaterialQualityLevel:1 ; High quality]]
[2020.09.21-08.01.06:586][  0]LogConfig: Setting CVar [[r.SSS.Scale:1]]
[2020.09.21-08.01.06:586][  0]LogConfig: Setting CVar [[r.SSS.SampleSet:2]]
[2020.09.21-08.01.06:586][  0]LogConfig: Setting CVar [[r.SSS.Quality:1]]
[2020.09.21-08.01.06:586][  0]LogConfig: Setting CVar [[r.SSS.HalfRes:0]]
[2020.09.21-08.01.06:586][  0]LogConfig: Setting CVar [[r.SSGI.Quality:3]]
[2020.09.21-08.01.06:586][  0]LogConfig: Setting CVar [[r.EmitterSpawnRateScale:1.0]]
[2020.09.21-08.01.06:586][  0]LogConfig: Setting CVar [[r.ParticleLightQuality:2]]
[2020.09.21-08.01.06:586][  0]LogConfig: Setting CVar [[r.SkyAtmosphere.AerialPerspectiveLUT.FastApplyOnOpaque:1 ; Always have FastSkyLUT 1 in this case to avoid wrong sky]]
[2020.09.21-08.01.06:586][  0]LogConfig: Setting CVar [[r.SkyAtmosphere.AerialPerspectiveLUT.SampleCountPerSlice:1]]
[2020.09.21-08.01.06:586][  0]LogConfig: Setting CVar [[r.SkyAtmosphere.AerialPerspectiveLUT.DepthResolution:16.0]]
[2020.09.21-08.01.06:586][  0]LogConfig: Setting CVar [[r.SkyAtmosphere.FastSkyLUT:1]]
[2020.09.21-08.01.06:586][  0]LogConfig: Setting CVar [[r.SkyAtmosphere.FastSkyLUT.SampleCountMin:4.0]]
[2020.09.21-08.01.06:586][  0]LogConfig: Setting CVar [[r.SkyAtmosphere.FastSkyLUT.SampleCountMax:32.0]]
[2020.09.21-08.01.06:586][  0]LogConfig: Setting CVar [[r.SkyAtmosphere.SampleCountMin:4.0]]
[2020.09.21-08.01.06:586][  0]LogConfig: Setting CVar [[r.SkyAtmosphere.SampleCountMax:32.0]]
[2020.09.21-08.01.06:586][  0]LogConfig: Setting CVar [[r.SkyAtmosphere.TransmittanceLUT.UseSmallFormat:0]]
[2020.09.21-08.01.06:586][  0]LogConfig: Setting CVar [[r.SkyAtmosphere.TransmittanceLUT.SampleCount:10.0]]
[2020.09.21-08.01.06:586][  0]LogConfig: Setting CVar [[r.SkyAtmosphere.MultiScatteringLUT.SampleCount:15.0]]
[2020.09.21-08.01.06:586][  0]LogConfig: Applying CVar settings from Section [FoliageQuality@3] File [C:/Dev/Unreal Engine 4/CPP Tutorial/BrickBreaker/Saved/Config/Windows/Scalability.ini]
[2020.09.21-08.01.06:586][  0]LogConfig: Setting CVar [[foliage.DensityScale:1.0]]
[2020.09.21-08.01.06:586][  0]LogConfig: Setting CVar [[grass.DensityScale:1.0]]
[2020.09.21-08.01.06:586][  0]LogConfig: Applying CVar settings from Section [ShadingQuality@3] File [C:/Dev/Unreal Engine 4/CPP Tutorial/BrickBreaker/Saved/Config/Windows/Scalability.ini]
[2020.09.21-08.01.06:586][  0]LogConfig: Setting CVar [[r.HairStrands.SkyLighting.SampleCount:16]]
[2020.09.21-08.01.06:586][  0]LogConfig: Setting CVar [[r.HairStrands.SkyLighting.JitterIntegration:0]]
[2020.09.21-08.01.06:586][  0]LogConfig: Setting CVar [[r.HairStrands.SkyAO.SampleCount:16]]
[2020.09.21-08.01.06:586][  0]LogConfig: Setting CVar [[r.HairStrands.DeepShadow.SuperSampling:0]]
[2020.09.21-08.01.06:586][  0]LogConfig: Setting CVar [[r.HairStrands.VisibilityPPLL:0]]
[2020.09.21-08.01.06:586][  0]LogConfig: Setting CVar [[r.HairStrands.RasterizationScale:0.5]]
[2020.09.21-08.01.06:586][  0]LogConfig: Setting CVar [[r.HairStrands.VelocityRasterizationScale:1]]
[2020.09.21-08.01.06:586][  0]LogConfig: Applying CVar settings from Section [Startup] File [../../../Engine/Config/ConsoleVariables.ini]
[2020.09.21-08.01.06:587][  0]LogConfig: Setting CVar [[net.UseAdaptiveNetUpdateFrequency:0]]
[2020.09.21-08.01.06:587][  0]LogConfig: Setting CVar [[p.chaos.AllowCreatePhysxBodies:1]]
[2020.09.21-08.01.06:587][  0]LogConfig: Setting CVar [[fx.SkipVectorVMBackendOptimizations:1]]
[2020.09.21-08.01.06:587][  0]LogConfig: Applying CVar settings from Section [ConsoleVariables] File [C:/Dev/Unreal Engine 4/CPP Tutorial/BrickBreaker/Saved/Config/Windows/Engine.ini]
[2020.09.21-08.01.06:587][  0]LogInit: Computer: DESKTOP-VTQU2OB
[2020.09.21-08.01.06:587][  0]LogInit: User: Bman
[2020.09.21-08.01.06:587][  0]LogInit: CPU Page size=4096, Cores=6
[2020.09.21-08.01.06:587][  0]LogInit: High frequency timer resolution =10.000000 MHz
[2020.09.21-08.01.06:587][  0]LogMemory: Memory total: Physical=15.9GB (16GB approx)
[2020.09.21-08.01.06:587][  0]LogMemory: Platform Memory Stats for Windows
[2020.09.21-08.01.06:587][  0]LogMemory: Process Physical Memory: 116.24 MB used, 116.24 MB peak
[2020.09.21-08.01.06:587][  0]LogMemory: Process Virtual Memory: 109.26 MB used, 109.26 MB peak
[2020.09.21-08.01.06:587][  0]LogMemory: Physical Memory: 5373.10 MB used,  10931.20 MB free, 16304.30 MB total
[2020.09.21-08.01.06:587][  0]LogMemory: Virtual Memory: 5178.84 MB used,  134212552.00 MB free, 134217728.00 MB total
[2020.09.21-08.01.06:590][  0]LogWindows: WindowsPlatformFeatures enabled
[2020.09.21-08.01.06:618][  0]LogInit: Physics initialised using underlying interface: PhysX
[2020.09.21-08.01.06:618][  0]LogInit: Using OS detected language (en-US).
[2020.09.21-08.01.06:618][  0]LogInit: Using OS detected locale (en-NZ).
[2020.09.21-08.01.06:620][  0]LogTextLocalizationManager: No specific localization for 'en-US' exists, so the 'en' localization will be used.
[2020.09.21-08.01.06:742][  0]LogInit: Setting process to per monitor DPI aware
[2020.09.21-08.01.06:764][  0]LogSlate: New Slate User Created.  User Index 0, Is Virtual User: 0
[2020.09.21-08.01.06:764][  0]LogSlate: Slate User Registered.  User Index 0, Is Virtual User: 0
[2020.09.21-08.01.06:851][  0]LogHMD: Failed to initialize OpenVR with code 110
[2020.09.21-08.01.06:851][  0]LogD3D11RHI: D3D11 min allowed feature level: 11_0
[2020.09.21-08.01.06:851][  0]LogD3D11RHI: D3D11 max allowed feature level: 11_0
[2020.09.21-08.01.06:851][  0]LogD3D11RHI: D3D11 adapters:
[2020.09.21-08.01.06:920][  0]LogD3D11RHI:    0. 'NVIDIA GeForce RTX 2060 SUPER' (Feature Level 11_0)
[2020.09.21-08.01.06:920][  0]LogD3D11RHI:       8031/0/8152 MB DedicatedVideo/DedicatedSystem/SharedSystem, Outputs:2, VendorId:0x10de
[2020.09.21-08.01.06:922][  0]LogD3D11RHI:    1. 'Microsoft Basic Render Driver' (Feature Level 11_0)
[2020.09.21-08.01.06:922][  0]LogD3D11RHI:       0/0/8152 MB DedicatedVideo/DedicatedSystem/SharedSystem, Outputs:0, VendorId:0x1414
[2020.09.21-08.01.06:922][  0]LogD3D11RHI: Chosen D3D11 Adapter: 0
[2020.09.21-08.01.06:927][  0]LogD3D11RHI: Creating new Direct3DDevice
[2020.09.21-08.01.06:927][  0]LogD3D11RHI:     GPU DeviceId: 0x1f06 (for the marketing name, search the web for "GPU Device Id")
[2020.09.21-08.01.06:927][  0]LogWindows: EnumDisplayDevices:
[2020.09.21-08.01.06:927][  0]LogWindows:    0. 'NVIDIA GeForce RTX 2060 SUPER' (P:1 D:1)
[2020.09.21-08.01.06:927][  0]LogWindows:    1. 'NVIDIA GeForce RTX 2060 SUPER' (P:0 D:1)
[2020.09.21-08.01.06:927][  0]LogWindows:    2. 'NVIDIA GeForce RTX 2060 SUPER' (P:0 D:0)
[2020.09.21-08.01.06:927][  0]LogWindows:    3. 'NVIDIA GeForce RTX 2060 SUPER' (P:0 D:0)
[2020.09.21-08.01.06:927][  0]LogWindows: DebugString: FoundDriverCount:4 
[2020.09.21-08.01.06:927][  0]LogD3D11RHI:     Adapter Name: NVIDIA GeForce RTX 2060 SUPER
[2020.09.21-08.01.06:927][  0]LogD3D11RHI:   Driver Version: 456.38 (internal:27.21.14.5638, unified:456.38)
[2020.09.21-08.01.06:927][  0]LogD3D11RHI:      Driver Date: 9-14-2020
[2020.09.21-08.01.06:927][  0]LogRHI: Texture pool is 5621 MB (70% of 8031 MB)
[2020.09.21-08.01.06:973][  0]LogD3D11RHI: RHI has support for 64 bit atomics
[2020.09.21-08.01.06:974][  0]LogD3D11RHI: [Aftermath] Enabled and primed
[2020.09.21-08.01.06:974][  0]LogD3D11RHI: Async texture creation enabled
[2020.09.21-08.01.06:974][  0]LogD3D11RHI: Array index from any shader is supported
[2020.09.21-08.01.07:003][  0]LogD3D11RHI: GPU Timing Frequency: 1000.000000 (Debug: 2 2)
[2020.09.21-08.01.07:198][  0]LogTargetPlatformManager: Display: Loaded TargetPlatform 'AllDesktop'
[2020.09.21-08.01.07:213][  0]LogTargetPlatformManager: Display: Loaded TargetPlatform 'Android'
[2020.09.21-08.01.07:213][  0]LogTargetPlatformManager: Display: Loaded TargetPlatform 'Android_ASTC'
[2020.09.21-08.01.07:213][  0]LogTargetPlatformManager: Display: Loaded TargetPlatform 'Android_DXT'
[2020.09.21-08.01.07:213][  0]LogTargetPlatformManager: Display: Loaded TargetPlatform 'Android_ETC2'
[2020.09.21-08.01.07:213][  0]LogTargetPlatformManager: Display: Loaded TargetPlatform 'AndroidClient'
[2020.09.21-08.01.07:213][  0]LogTargetPlatformManager: Display: Loaded TargetPlatform 'Android_ASTCClient'
[2020.09.21-08.01.07:213][  0]LogTargetPlatformManager: Display: Loaded TargetPlatform 'Android_DXTClient'
[2020.09.21-08.01.07:213][  0]LogTargetPlatformManager: Display: Loaded TargetPlatform 'Android_ETC2Client'
[2020.09.21-08.01.07:213][  0]LogTargetPlatformManager: Display: Loaded TargetPlatform 'Android_Multi'
[2020.09.21-08.01.07:213][  0]LogTargetPlatformManager: Display: Loaded TargetPlatform 'Android_MultiClient'
[2020.09.21-08.01.07:229][  0]LogTargetPlatformManager: Display: Loaded TargetPlatform 'IOSClient'
[2020.09.21-08.01.07:229][  0]LogTargetPlatformManager: Display: Loaded TargetPlatform 'IOS'
[2020.09.21-08.01.07:236][  0]LogTargetPlatformManager: Display: Loaded TargetPlatform 'Linux'
[2020.09.21-08.01.07:243][  0]LogTargetPlatformManager: Display: Loaded TargetPlatform 'LinuxNoEditor'
[2020.09.21-08.01.07:249][  0]LogTargetPlatformManager: Display: Loaded TargetPlatform 'LinuxClient'
[2020.09.21-08.01.07:256][  0]LogTargetPlatformManager: Display: Loaded TargetPlatform 'LinuxServer'
[2020.09.21-08.01.07:262][  0]LogTargetPlatformManager: Display: Loaded TargetPlatform 'LinuxAArch64NoEditor'
[2020.09.21-08.01.07:268][  0]LogTargetPlatformManager: Display: Loaded TargetPlatform 'LinuxAArch64Client'
[2020.09.21-08.01.07:275][  0]LogTargetPlatformManager: Display: Loaded TargetPlatform 'LinuxAArch64Server'
[2020.09.21-08.01.07:294][  0]LogTargetPlatformManager: Display: Loaded TargetPlatform 'Lumin'
[2020.09.21-08.01.07:294][  0]LogTargetPlatformManager: Display: Loaded TargetPlatform 'LuminClient'
[2020.09.21-08.01.07:305][  0]LogTargetPlatformManager: Display: Loaded TargetPlatform 'TVOSClient'
[2020.09.21-08.01.07:306][  0]LogTargetPlatformManager: Display: Loaded TargetPlatform 'TVOS'
[2020.09.21-08.01.07:312][  0]LogTargetPlatformManager: Display: Loaded TargetPlatform 'WindowsNoEditor'
[2020.09.21-08.01.07:319][  0]LogTargetPlatformManager: Display: Loaded TargetPlatform 'Windows'
[2020.09.21-08.01.07:325][  0]LogTargetPlatformManager: Display: Loaded TargetPlatform 'WindowsClient'
[2020.09.21-08.01.07:331][  0]LogTargetPlatformManager: Display: Loaded TargetPlatform 'WindowsServer'
[2020.09.21-08.01.07:331][  0]LogTargetPlatformManager: Display: Building Assets For Windows
[2020.09.21-08.01.07:336][  0]LogAudioDebug: Display: Lib vorbis DLL was dynamically loaded.
[2020.09.21-08.01.07:374][  0]LogShaderCompilers: Guid format shader working directory is -18 characters bigger than the processId version (../../../../../../Dev/Unreal Engine 4/CPP Tutorial/BrickBreaker/Intermediate/Shaders/WorkingDirectory/6040/).
[2020.09.21-08.01.07:374][  0]LogShaderCompilers: Cleaned the shader compiler working directory 'C:/Users/Bman/AppData/Local/Temp/UnrealShaderWorkingDir/89955DF8443FF04924F92A909F2EC542/'.
[2020.09.21-08.01.07:374][  0]LogXGEController: Cannot use XGE Controller as Incredibuild is not installed on this machine.
[2020.09.21-08.01.07:374][  0]LogShaderCompilers: Cannot use XGE Shader Compiler as Incredibuild is not installed on this machine.
[2020.09.21-08.01.07:374][  0]LogShaderCompilers: Display: Using Local Shader Compiler.
[2020.09.21-08.01.07:946][  0]LogDerivedDataCache: Display: Max Cache Size: 512 MB
[2020.09.21-08.01.07:994][  0]LogDerivedDataCache: Loaded boot cache 0.05s 75MB C:/Users/Bman/AppData/Local/UnrealEngine/4.25/DerivedDataCache/Boot.ddc.
[2020.09.21-08.01.07:994][  0]LogDerivedDataCache: Display: Loaded Boot cache: C:/Users/Bman/AppData/Local/UnrealEngine/4.25/DerivedDataCache/Boot.ddc
[2020.09.21-08.01.07:994][  0]LogDerivedDataCache: FDerivedDataBackendGraph:  Pak pak cache file ../../../../../../Dev/Unreal Engine 4/CPP Tutorial/BrickBreaker/DerivedDataCache/DDC.ddp not found, will not use a pak cache.
[2020.09.21-08.01.07:994][  0]LogDerivedDataCache: Unable to find inner node Pak for hierarchical cache Hierarchy.
[2020.09.21-08.01.07:994][  0]LogDerivedDataCache: FDerivedDataBackendGraph:  CompressedPak pak cache file ../../../../../../Dev/Unreal Engine 4/CPP Tutorial/BrickBreaker/DerivedDataCache/Compressed.ddp not found, will not use a pak cache.
[2020.09.21-08.01.07:994][  0]LogDerivedDataCache: Unable to find inner node CompressedPak for hierarchical cache Hierarchy.
[2020.09.21-08.01.08:002][  0]LogDerivedDataCache: Display: Pak cache opened for reading ../../../Engine/DerivedDataCache/Compressed.ddp.
[2020.09.21-08.01.08:002][  0]LogDerivedDataCache: FDerivedDataBackendGraph:  EnterprisePak pak cache file ../../../Enterprise/DerivedDataCache/Compressed.ddp not found, will not use a pak cache.
[2020.09.21-08.01.08:002][  0]LogDerivedDataCache: Unable to find inner node EnterprisePak for hierarchical cache Hierarchy.
[2020.09.21-08.01.08:003][  0]LogDerivedDataCache: Using Local data cache path C:/Users/Bman/AppData/Local/UnrealEngine/Common/DerivedDataCache: Writable
[2020.09.21-08.01.08:004][  0]LogDerivedDataCache: Shared data cache path not found in *engine.ini, will not use an Shared cache.
[2020.09.21-08.01.08:004][  0]LogDerivedDataCache: Unable to find inner node Shared for hierarchical cache Hierarchy.
[2020.09.21-08.01.08:043][  0]LogSlate: Using FreeType 2.10.0
[2020.09.21-08.01.08:043][  0]LogSlate: SlateFontServices - WITH_FREETYPE: 1, WITH_HARFBUZZ: 1
[2020.09.21-08.01.08:061][  0]LogAssetRegistry: FAssetRegistry took 0.0018 seconds to start up
[2020.09.21-08.01.08:223][  0]LogInit: Selected Device Profile: [Windows]
[2020.09.21-08.01.08:305][  0]LogMeshReduction: Using QuadricMeshReduction for automatic static mesh reduction
[2020.09.21-08.01.08:305][  0]LogMeshReduction: Using SimplygonMeshReduction for automatic skeletal mesh reduction
[2020.09.21-08.01.08:305][  0]LogMeshReduction: Using ProxyLODMeshReduction for automatic mesh merging
[2020.09.21-08.01.08:305][  0]LogMeshReduction: No distributed automatic mesh merging module available
[2020.09.21-08.01.08:305][  0]LogMeshMerging: No distributed automatic mesh merging module available
[2020.09.21-08.01.08:315][  0]LogNetVersion: BrickBreaker 1.0.0, NetCL: 13144385, EngineNetVer: 14, GameNetVer: 0 (Checksum: 867328231)
[2020.09.21-08.01.08:602][  0]LogAISub: UAISubsystem::UAISubsystem AISubsystem (0000017E0684D400), frame # 0
[2020.09.21-08.01.08:602][  0]LogAISub: UAISubsystem::UAISubsystem AIPerceptionSystem (0000017E067A2AC0), frame # 0
[2020.09.21-08.01.08:603][  0]LogAISub: UAISubsystem::UAISubsystem EnvQueryManager (0000017E067E9E00), frame # 0
[2020.09.21-08.01.08:628][  0]LogPackageLocalizationCache: Processed 19 localized package path(s) for 1 prioritized culture(s) in 0.021277 seconds
[2020.09.21-08.01.08:632][  0]LogUObjectArray: 15917 objects as part of root set at end of initial load.
[2020.09.21-08.01.08:632][  0]LogUObjectAllocator: 3965568 out of 0 bytes used by permanent object pool.
[2020.09.21-08.01.08:632][  0]LogUObjectArray: CloseDisregardForGC: 0/0 objects in disregard for GC pool
[2020.09.21-08.01.08:856][  0]LogTcpMessaging: Initializing TcpMessaging bridge
[2020.09.21-08.01.08:859][  0]LogUdpMessaging: Initializing bridge on interface 0.0.0.0:0 to multicast group 230.0.0.1:6666.
[2020.09.21-08.01.08:913][  0]SourceControl: Source control is disabled
[2020.09.21-08.01.08:913][  0]SourceControl: Source control is disabled
[2020.09.21-08.01.08:915][  0]SourceControl: Source control is disabled
[2020.09.21-08.01.08:917][  0]SourceControl: Source control is disabled
[2020.09.21-08.01.08:923][  0]SourceControl: Source control is disabled
[2020.09.21-08.01.09:079][  0]LogAndroidPermission: UAndroidPermissionCallbackProxy::GetInstance
[2020.09.21-08.01.09:091][  0]LogAudioCaptureCore: Display: No Audio Capture implementations found. Audio input will be silent.
[2020.09.21-08.01.09:091][  0]LogAudioCaptureCore: Display: No Audio Capture implementations found. Audio input will be silent.
[2020.09.21-08.01.09:124][  0]LogOcInput: OculusInput pre-init called
[2020.09.21-08.01.09:132][  0]LogWindows: Failed to load 'OVRPlugin.dll' (GetLastError=126)
[2020.09.21-08.01.09:132][  0]LogWindows: File 'OVRPlugin.dll' does not exist
[2020.09.21-08.01.09:173][  0]LogEngine: Initializing Engine...
[2020.09.21-08.01.09:174][  0]LogHMD: Failed to initialize OpenVR with code 110
[2020.09.21-08.01.09:174][  0]LogMagicLeap: Warning: VR disabled because ZI is not enabled.  To enable, in the editor, Edit -> Project Settings -> Plugins -> Magic Leap Plugin -> Enable Zero Iteration
[2020.09.21-08.01.09:175][  0]LogStats: UGameplayTagsManager::InitializeManager -  0.000 s
[2020.09.21-08.01.09:272][  0]LogInit: Initializing FReadOnlyCVARCache
[2020.09.21-08.01.09:278][  0]LogAIModule: Creating AISystem for world Untitled
[2020.09.21-08.01.09:278][  0]LogAISub: UAISubsystem::UAISubsystem EnvQueryManager (0000017E0843BC00), frame # 0
[2020.09.21-08.01.09:278][  0]LogAISub: UAISubsystem::UAISubsystem AIPerceptionSystem (0000017E08473100), frame # 0
[2020.09.21-08.01.09:291][  0]LogAudioMixer: Display: Audio Mixer Platform Settings:
[2020.09.21-08.01.09:291][  0]LogAudioMixer: Display: 	Sample Rate:						  48000
[2020.09.21-08.01.09:291][  0]LogAudioMixer: Display: 	Callback Buffer Frame Size Requested: 1024
[2020.09.21-08.01.09:291][  0]LogAudioMixer: Display: 	Callback Buffer Frame Size To Use:	  1024
[2020.09.21-08.01.09:291][  0]LogAudioMixer: Display: 	Number of buffers to queue:			  2
[2020.09.21-08.01.09:291][  0]LogAudioMixer: Display: 	Max Channels (voices):				  32
[2020.09.21-08.01.09:291][  0]LogAudioMixer: Display: 	Number of Async Source Workers:		  0
[2020.09.21-08.01.09:291][  0]LogAudio: Display: AudioDevice MaxSources: 32
[2020.09.21-08.01.09:291][  0]LogAudio: Display: Using built-in audio occlusion.
[2020.09.21-08.01.09:291][  0]LogAudioMixer: Display: Initializing audio mixer.
[2020.09.21-08.01.09:297][  0]LogAudioMixer: Display: 0: FrontLeft
[2020.09.21-08.01.09:297][  0]LogAudioMixer: Display: 1: FrontRight
[2020.09.21-08.01.09:321][  0]LogAudioMixer: Display: Using Audio Device Realtek HD Audio 2nd output (Realtek(R) Audio)
[2020.09.21-08.01.09:325][  0]LogAudioMixer: Display: Initializing Sound Submixes...
[2020.09.21-08.01.09:327][  0]LogAudioMixer: Display: Creating Master Submix 'MasterSubmixDefault'
[2020.09.21-08.01.09:327][  0]LogAudioMixer: Display: Creating Master Submix 'MasterReverbSubmixDefault'
[2020.09.21-08.01.09:327][  0]LogAudioMixer: Display: Creating Master Submix 'MasterEQSubmixDefault'
[2020.09.21-08.01.09:328][  0]LogInit: FAudioDevice initialized.
[2020.09.21-08.01.09:328][  0]LogNetVersion: Set ProjectVersion to 1.0.0.0. Version Checksum will be recalculated on next use.
[2020.09.21-08.01.09:402][  0]LogDerivedDataCache: Saved boot cache 0.08s 75MB C:/Users/Bman/AppData/Local/UnrealEngine/4.25/DerivedDataCache/Boot.ddc.
[2020.09.21-08.01.09:406][  0]LogInit: Texture streaming: Enabled
[2020.09.21-08.01.09:416][  0]LogEngineSessionManager: EngineSessionManager initialized
[2020.09.21-08.01.09:416][  0]LogEditorSessionSummary: Verbose: Initializing EditorSessionSummaryWriter for editor session tracking
[2020.09.21-08.01.09:417][  0]LogEditorSessionSummary: EditorSessionSummaryWriter initialized
[2020.09.21-08.01.09:448][  0]LogInit: Transaction tracking system initialized
[2020.09.21-08.01.09:462][  0]BlueprintLog: New page: Editor Load
[2020.09.21-08.01.09:504][  0]LocalizationService: Localization service is disabled
[2020.09.21-08.01.09:607][  0]LogCook: Display: Max memory allowance for cook 16384mb min free memory 0mb
[2020.09.21-08.01.09:607][  0]LogCook: Display: Mobile HDR setting 1
[2020.09.21-08.01.09:689][  0]LogFileCache: Scanning file cache for directory 'C:/Dev/Unreal Engine 4/CPP Tutorial/BrickBreaker/Content/' took 0.00s
[2020.09.21-08.01.09:822][  0]SourceControl: Source control is disabled
[2020.09.21-08.01.09:823][  0]LogUnrealEdMisc: Loading editor; pre map load, took 4.207
[2020.09.21-08.01.09:823][  0]Cmd: MAP LOAD FILE="../../../../../../Dev/Unreal Engine 4/CPP Tutorial/BrickBreaker/Content/Maps/Gameplay.umap" TEMPLATE=0 SHOWPROGRESS=1 FEATURELEVEL=3
[2020.09.21-08.01.09:823][  0]LightingResults: New page: Lighting Build
[2020.09.21-08.01.09:823][  0]LogWorld: UWorld::CleanupWorld for Untitled, bSessionEnded=true, bCleanupResources=true
[2020.09.21-08.01.09:823][  0]LogSlate: InvalidateAllWidgets triggered.  All widgets were invalidated
[2020.09.21-08.01.09:823][  0]MapCheck: New page: Map Check
[2020.09.21-08.01.09:823][  0]LightingResults: New page: Lighting Build
[2020.09.21-08.01.09:832][  0]LogAISub: UAISubsystem::~UAISubsystem EnvQueryManager (0000017E0843BC00), frame # 0
[2020.09.21-08.01.09:832][  0]LogAISub: UAISubsystem::~UAISubsystem AIPerceptionSystem (0000017E08473100), frame # 0
[2020.09.21-08.01.09:833][  0]LogUObjectHash: Compacting FUObjectHashTables data took   0.61ms
[2020.09.21-08.01.09:836][  0]LogLinker: Warning: While loading '../../../../../../Dev/Unreal Engine 4/CPP Tutorial/BrickBreaker/Content/Meshes/SM_Wall.uasset' failed to load '/Game/Materials/CollisionMaterial': Can't find file.
[2020.09.21-08.01.09:836][  0]LogLinker: Warning: While loading '../../../../../../Dev/Unreal Engine 4/CPP Tutorial/BrickBreaker/Content/Meshes/SM_Wall.uasset' failed to load '/Game/Materials/CollisionMaterial': Can't find file.
[2020.09.21-08.01.09:836][  0]LogLinker: Warning: While loading '../../../../../../Dev/Unreal Engine 4/CPP Tutorial/BrickBreaker/Content/Meshes/SM_Wall.uasset' failed to load '/Game/Materials/CollisionMaterial': Can't find file.
[2020.09.21-08.01.09:836][  0]LogLinker: Warning: While loading '../../../../../../Dev/Unreal Engine 4/CPP Tutorial/BrickBreaker/Content/Meshes/SM_Wall.uasset' failed to load '/Game/Materials/CollisionMaterial': Can't find file.
[2020.09.21-08.01.09:838][  0]LogLinker: Warning: While loading '../../../../../../Dev/Unreal Engine 4/CPP Tutorial/BrickBreaker/Content/Meshes/SM_Wall.uasset' failed to load '/Game/Materials/CollisionMaterial': Can't find file.
[2020.09.21-08.01.09:838][  0]LoadErrors: Failed to load /Game/Materials/CollisionMaterial.CollisionMaterial Referenced by BodySetup_0
[2020.09.21-08.01.09:838][  0]LogLinker: Warning: While loading '../../../../../../Dev/Unreal Engine 4/CPP Tutorial/BrickBreaker/Content/Meshes/SM_Wall.uasset' failed to load '/Game/Materials/CollisionMaterial': Can't find file.
[2020.09.21-08.01.09:838][  0]LoadErrors: Failed to load /Game/Materials/CollisionMaterial.CollisionMaterial Referenced by BodySetup_0
[2020.09.21-08.01.09:890][  0]LogAIModule: Creating AISystem for world Gameplay
[2020.09.21-08.01.09:890][  0]LogAISub: UAISubsystem::UAISubsystem EnvQueryManager (0000017E0FCC8A00), frame # 0
[2020.09.21-08.01.09:890][  0]LogAISub: UAISubsystem::UAISubsystem AIPerceptionSystem (0000017E1054E700), frame # 0
[2020.09.21-08.01.09:891][  0]LogEditorServer: Finished looking for orphan Actors (0.000 secs)
[2020.09.21-08.01.09:899][  0]LogUObjectHash: Compacting FUObjectHashTables data took   0.65ms
[2020.09.21-08.01.09:900][  0]Cmd: MAP CHECKDEP NOCLEARLOG
[2020.09.21-08.01.09:900][  0]MapCheck: Map check complete: 0 Error(s), 0 Warning(s), took 0.227ms to complete.
[2020.09.21-08.01.09:900][  0]LogFileHelpers: Loading map 'Gameplay' took 0.077
[2020.09.21-08.01.09:902][  0]LogUnrealEdMisc: Total Editor Startup Time, took 4.287
[2020.09.21-08.01.10:050][  0]LogSlate: Updating window title bar state: overlay mode, drag disabled, window buttons hidden, title bar hidden
[2020.09.21-08.01.10:055][  0]LogSlate: Updating window title bar state: overlay mode, drag disabled, window buttons hidden, title bar hidden
[2020.09.21-08.01.10:061][  0]LogSlate: Updating window title bar state: overlay mode, drag disabled, window buttons hidden, title bar hidden
[2020.09.21-08.01.10:068][  0]LogSlate: Updating window title bar state: overlay mode, drag disabled, window buttons hidden, title bar hidden
[2020.09.21-08.01.10:076][  0]LogCollectionManager: Loaded 0 collections in 0.001471 seconds
[2020.09.21-08.01.10:088][  0]LogFileCache: Scanning file cache for directory 'C:/Dev/Unreal Engine 4/CPP Tutorial/BrickBreaker/Saved/Collections/' took 0.00s
[2020.09.21-08.01.10:088][  0]LogFileCache: Scanning file cache for directory 'C:/Dev/Unreal Engine 4/CPP Tutorial/BrickBreaker/Content/Developers/Bman/Collections/' took 0.00s
[2020.09.21-08.01.10:088][  0]LogFileCache: Scanning file cache for directory 'C:/Dev/Unreal Engine 4/CPP Tutorial/BrickBreaker/Content/Collections/' took 0.00s
[2020.09.21-08.01.10:088][  0]LogContentBrowser: Native class hierarchy populated in 0.0069 seconds. Added 3431 classes and 823 folders.
[2020.09.21-08.01.10:102][  0]LogContentBrowser: Native class hierarchy updated for 'WidgetCarousel' in 0.0003 seconds. Added 0 classes and 0 folders.
[2020.09.21-08.01.10:798][  0]LogContentBrowser: Native class hierarchy updated for 'AddContentDialog' in 0.0004 seconds. Added 0 classes and 0 folders.
[2020.09.21-08.01.10:801][  0]LogContentBrowser: Native class hierarchy updated for 'SceneOutliner' in 0.0003 seconds. Added 2 classes and 0 folders.
[2020.09.21-08.01.10:861][  0]LogSlate: Took 0.000149 seconds to synchronously load lazily loaded font '../../../Engine/Content/Slate/Fonts/Roboto-Regular.ttf' (155K)
[2020.09.21-08.01.10:862][  0]LogSlate: Took 0.000198 seconds to synchronously load lazily loaded font '../../../Engine/Content/Slate/Fonts/Roboto-Bold.ttf' (160K)
[2020.09.21-08.01.10:889][  0]LogSlate: Took 0.020764 seconds to synchronously load lazily loaded font '../../../Engine/Content/Editor/Slate/Fonts/FontAwesome.ttf' (139K)
[2020.09.21-08.01.10:986][  0]LogRenderer: Reallocating scene render targets to support 776x376 Format 10 NumSamples 1 (Frame:1).
[2020.09.21-08.01.11:020][  0]LogSlate: Took 0.005030 seconds to synchronously load lazily loaded font '../../../Engine/Content/Slate/Fonts/Roboto-Light.ttf' (167K)
[2020.09.21-08.01.11:059][  0]LogContentBrowser: Native class hierarchy updated for 'HierarchicalLODOutliner' in 0.0003 seconds. Added 0 classes and 0 folders.
[2020.09.21-08.01.11:059][  0]LogLoad: (Engine Initialization) Total time: 5.44 seconds
[2020.09.21-08.01.11:059][  0]LogLoad: (Engine Initialization) Total Blueprint compile time: 0.00 seconds
[2020.09.21-08.01.11:087][  0]LogAssetRegistry: Asset discovery search completed in 3.0270 seconds
[2020.09.21-08.01.11:090][  0]LogCollectionManager: Fixed up redirectors for 0 collections in 0.000002 seconds (updated 0 objects)
[2020.09.21-08.01.11:091][  0]LogContentStreaming: Texture pool size now 1000 MB
[2020.09.21-08.01.11:171][  0]LogSlate: Took 0.013395 seconds to synchronously load lazily loaded font '../../../Engine/Content/Slate/Fonts/DroidSansMono.ttf' (77K)
[2020.09.21-08.01.13:245][241]LogSlate: Window 'Message Log' being destroyed
[2020.09.21-08.01.13:248][241]LogSlate: Window 'Message Log' being destroyed
[2020.09.21-08.01.15:919][545]LogSlate: Took 0.000122 seconds to synchronously load lazily loaded font '../../../Engine/Content/Slate/Fonts/Roboto-Light.ttf' (167K)
[2020.09.21-08.01.15:935][545]LogAssetEditorSubsystem: Opening Asset editor for Class /Script/BrickBreaker.Paddle_Player_Controller
[2020.09.21-08.07.40:361][520]LogEditorViewport: Clicking on Actor (LMB): StaticMeshActor (SM_Backdrop)
[2020.09.21-08.08.04:704][832]LogHotReload: New module detected: UE4Editor-BrickBreaker-0012.dll
[2020.09.21-08.08.06:056][837]LogHotReload: Starting Hot-Reload from IDE
[2020.09.21-08.08.06:092][837]LogContentBrowser: Native class hierarchy updated for 'BrickBreaker' in 0.0006 seconds. Added 4 classes and 2 folders.
[2020.09.21-08.08.06:094][837]Display: HotReload successful (2 functions remapped  0 scriptstructs remapped)
[2020.09.21-08.08.06:198][837]LogContentBrowser: Native class hierarchy populated in 0.0069 seconds. Added 3431 classes and 823 folders.
[2020.09.21-08.08.06:215][837]Display: HotReload took  0.2s.
[2020.09.21-08.09.17:734][442]LogTemp: Repeating last play command: Selected Viewport
[2020.09.21-08.09.17:767][442]LogPlayLevel: PlayLevel: No blueprints needed recompiling
[2020.09.21-08.09.17:777][442]PIE: New page: PIE session: Gameplay (21/09/2020, 2:09:17 pm)
[2020.09.21-08.09.17:821][442]LogOnline: OSS: Creating online subsystem instance for: NULL
[2020.09.21-08.09.17:823][442]LogOnline: OSS: TryLoadSubsystemAndSetDefault: Loaded subsystem for module [NULL]
[2020.09.21-08.09.17:825][442]LogPlayLevel: Creating play world package: /Game/Maps/UEDPIE_0_Gameplay
[2020.09.21-08.09.17:828][442]LogPlayLevel: PIE: StaticDuplicateObject took: (0.002348s)
[2020.09.21-08.09.17:830][442]LogAIModule: Creating AISystem for world Gameplay
[2020.09.21-08.09.17:830][442]LogAISub: UAISubsystem::UAISubsystem EnvQueryManager (0000017E2BD7FE00), frame # 4442
[2020.09.21-08.09.17:830][442]LogAISub: UAISubsystem::UAISubsystem AIPerceptionSystem (0000017E10ED79C0), frame # 4442
[2020.09.21-08.09.17:830][442]LogPlayLevel: PIE: World Init took: (0.002694s)
[2020.09.21-08.09.17:832][442]LogPlayLevel: PIE: Created PIE world by copying editor world from /Game/Maps/Gameplay.Gameplay to /Game/Maps/UEDPIE_0_Gameplay.Gameplay (0.006767s)
[2020.09.21-08.09.17:846][442]LogUObjectHash: Compacting FUObjectHashTables data took   0.53ms
[2020.09.21-08.09.17:849][442]LogAudioMixer: Display: Audio Mixer Platform Settings:
[2020.09.21-08.09.17:849][442]LogAudioMixer: Display: 	Sample Rate:						  48000
[2020.09.21-08.09.17:849][442]LogAudioMixer: Display: 	Callback Buffer Frame Size Requested: 1024
[2020.09.21-08.09.17:849][442]LogAudioMixer: Display: 	Callback Buffer Frame Size To Use:	  1024
[2020.09.21-08.09.17:849][442]LogAudioMixer: Display: 	Number of buffers to queue:			  2
[2020.09.21-08.09.17:849][442]LogAudioMixer: Display: 	Max Channels (voices):				  32
[2020.09.21-08.09.17:849][442]LogAudioMixer: Display: 	Number of Async Source Workers:		  0
[2020.09.21-08.09.17:849][442]LogAudio: Display: AudioDevice MaxSources: 32
[2020.09.21-08.09.17:850][442]LogAudio: Display: Using built-in audio occlusion.
[2020.09.21-08.09.17:850][442]LogAudioMixer: Display: Initializing audio mixer.
[2020.09.21-08.09.17:853][442]LogAudioMixer: Display: 0: FrontLeft
[2020.09.21-08.09.17:853][442]LogAudioMixer: Display: 1: FrontRight
[2020.09.21-08.09.17:865][442]LogAudioMixer: Display: Using Audio Device Realtek HD Audio 2nd output (Realtek(R) Audio)
[2020.09.21-08.09.17:865][442]LogAudioMixer: Display: Initializing Sound Submixes...
[2020.09.21-08.09.17:865][442]LogAudioMixer: Display: Creating Master Submix 'MasterSubmixDefault'
[2020.09.21-08.09.17:865][442]LogAudioMixer: Display: Creating Master Submix 'MasterReverbSubmixDefault'
[2020.09.21-08.09.17:866][442]LogAudioMixer: Display: Creating Master Submix 'MasterEQSubmixDefault'
[2020.09.21-08.09.17:876][442]LogInit: FAudioDevice initialized.
[2020.09.21-08.09.17:904][442]LogLinker: Warning: While loading '../../../../../../Dev/Unreal Engine 4/CPP Tutorial/BrickBreaker/Content/Meshes/SM_Paddle.uasset' failed to load '/Game/Materials/CollisionMaterial': Can't find file.
[2020.09.21-08.09.17:904][442]LogLinker: Warning: While loading '../../../../../../Dev/Unreal Engine 4/CPP Tutorial/BrickBreaker/Content/Meshes/SM_Paddle.uasset' failed to load '/Game/Materials/CollisionMaterial': Can't find file.
[2020.09.21-08.09.17:905][442]LogLinker: Warning: While loading '../../../../../../Dev/Unreal Engine 4/CPP Tutorial/BrickBreaker/Content/Meshes/SM_Paddle.uasset' failed to load '/Game/Materials/CollisionMaterial': Can't find file.
[2020.09.21-08.09.17:906][442]LogLinker: Warning: While loading '../../../../../../Dev/Unreal Engine 4/CPP Tutorial/BrickBreaker/Content/Meshes/SM_Paddle.uasset' failed to load '/Game/Materials/CollisionMaterial': Can't find file.
[2020.09.21-08.09.17:921][442]LogLinker: Warning: While loading '../../../../../../Dev/Unreal Engine 4/CPP Tutorial/BrickBreaker/Content/Meshes/SM_Paddle.uasset' failed to load '/Game/Materials/CollisionMaterial': Can't find file.
[2020.09.21-08.09.17:921][442]LogLinker: Warning: While loading '../../../../../../Dev/Unreal Engine 4/CPP Tutorial/BrickBreaker/Content/Meshes/SM_Paddle.uasset' failed to load '/Game/Materials/CollisionMaterial': Can't find file.
[2020.09.21-08.09.17:940][442]LogLoad: Game class is 'BrickBreaker_GameMode_BP_C'
[2020.09.21-08.09.17:946][442]LogWorld: Bringing World /Game/Maps/UEDPIE_0_Gameplay.Gameplay up for play (max tick rate 0) at 2020.09.21-11.09.17
[2020.09.21-08.09.17:946][442]LogWorld: Bringing up level for play took: 0.000956
[2020.09.21-08.09.17:947][442]LogOnline: OSS: Creating online subsystem instance for: :Context_3
[2020.09.21-08.09.17:978][442]LogContentBrowser: Native class hierarchy updated for 'MovieSceneCapture' in 0.0003 seconds. Added 20 classes and 0 folders.
[2020.09.21-08.09.17:989][442]PIE: Server logged in
[2020.09.21-08.09.17:990][442]PIE: Play in editor total start time 0.239 seconds.
[2020.09.21-08.09.21:805][889]LogSlate: Updating window title bar state: overlay mode, drag disabled, window buttons hidden, title bar hidden
[2020.09.21-08.09.21:805][889]LogWorld: BeginTearingDown for /Game/Maps/UEDPIE_0_Gameplay
[2020.09.21-08.09.21:805][889]LogWorld: UWorld::CleanupWorld for Gameplay, bSessionEnded=true, bCleanupResources=true
[2020.09.21-08.09.21:806][889]LogSlate: InvalidateAllWidgets triggered.  All widgets were invalidated
[2020.09.21-08.09.21:824][889]LogPlayLevel: Display: Shutting down PIE online subsystems
[2020.09.21-08.09.21:827][889]LogSlate: InvalidateAllWidgets triggered.  All widgets were invalidated
[2020.09.21-08.09.21:852][889]LogSlate: Updating window title bar state: overlay mode, drag disabled, window buttons hidden, title bar hidden
[2020.09.21-08.09.21:852][889]LogAISub: UAISubsystem::~UAISubsystem EnvQueryManager (0000017E2BD7FE00), frame # 4889
[2020.09.21-08.09.21:852][889]LogAISub: UAISubsystem::~UAISubsystem AIPerceptionSystem (0000017E10ED79C0), frame # 4889
[2020.09.21-08.09.21:853][889]LogUObjectHash: Compacting FUObjectHashTables data took   0.52ms
[2020.09.21-08.09.21:870][890]LogPlayLevel: Display: Destroying online subsystem :Context_3
[2020.09.21-08.10.59:866][970]LogAssetEditorSubsystem: Opening Asset editor for Class /Script/BrickBreaker.Ball
[2020.09.21-08.25.17:541][  0]LogHotReload: New module detected: UE4Editor-BrickBreaker-0013.dll
[2020.09.21-08.25.17:887][  2]LogHotReload: Starting Hot-Reload from IDE
[2020.09.21-08.25.17:920][  2]LogHotReload: Re-instancing Ball after hot-reload.
[2020.09.21-08.25.17:938][  2]LogContentBrowser: Native class hierarchy updated for 'BrickBreaker' in 0.0007 seconds. Added 4 classes and 2 folders.
[2020.09.21-08.25.17:941][  2]Display: HotReload successful (2 functions remapped  0 scriptstructs remapped)
[2020.09.21-08.25.17:971][  2]LogContentBrowser: Native class hierarchy populated in 0.0074 seconds. Added 3431 classes and 823 folders.
[2020.09.21-08.25.17:974][  2]Display: HotReload took  0.1s.
[2020.09.21-08.25.56:940][380]LogSlate: Window 'Pick Parent Class' being destroyed
[2020.09.21-08.26.02:093][969]LogAssetEditorSubsystem: Opening Asset editor for Blueprint /Game/Blueprints/Ball_BP.Ball_BP
[2020.09.21-08.26.02:565][969]LogContentBrowser: Native class hierarchy updated for 'BlueprintGraph' in 0.0005 seconds. Added 125 classes and 0 folders.
[2020.09.21-08.26.03:619][970]LogRenderer: Reallocating scene render targets to support 776x608 Format 10 NumSamples 1 (Frame:1).
[2020.09.21-08.26.10:026][177]LogSlate: Took 0.015919 seconds to synchronously load lazily loaded font '../../../Engine/Content/Slate/Fonts/Roboto-Italic.ttf' (157K)
[2020.09.21-08.26.13:683][518]LogLinker: Warning: While loading '../../../../../../Dev/Unreal Engine 4/CPP Tutorial/BrickBreaker/Content/Meshes/SM_Ball.uasset' failed to load '/Game/Materials/CollisionMaterial': Can't find file.
[2020.09.21-08.26.13:683][518]LogLinker: Warning: While loading '../../../../../../Dev/Unreal Engine 4/CPP Tutorial/BrickBreaker/Content/Meshes/SM_Ball.uasset' failed to load '/Game/Materials/CollisionMaterial': Can't find file.
[2020.09.21-08.26.13:683][518]LogLinker: Warning: While loading '../../../../../../Dev/Unreal Engine 4/CPP Tutorial/BrickBreaker/Content/Meshes/SM_Ball.uasset' failed to load '/Game/Materials/CollisionMaterial': Can't find file.
[2020.09.21-08.26.13:683][518]LogLinker: Warning: While loading '../../../../../../Dev/Unreal Engine 4/CPP Tutorial/BrickBreaker/Content/Meshes/SM_Ball.uasset' failed to load '/Game/Materials/CollisionMaterial': Can't find file.
[2020.09.21-08.26.13:683][518]LogLinker: Warning: While loading '../../../../../../Dev/Unreal Engine 4/CPP Tutorial/BrickBreaker/Content/Meshes/SM_Ball.uasset' failed to load '/Game/Materials/CollisionMaterial': Can't find file.
[2020.09.21-08.26.13:684][518]LogLinker: Warning: While loading '../../../../../../Dev/Unreal Engine 4/CPP Tutorial/BrickBreaker/Content/Meshes/SM_Ball.uasset' failed to load '/Game/Materials/CollisionMaterial': Can't find file.
[2020.09.21-08.26.15:926][742]BlueprintLog: New page: Compile Ball_BP
[2020.09.21-08.26.15:987][742]LogUObjectHash: Compacting FUObjectHashTables data took   2.64ms
[2020.09.21-08.26.16:946][846]Cmd: OBJ SAVEPACKAGE PACKAGE="/Game/Blueprints/Ball_BP" FILE="../../../../../../Dev/Unreal Engine 4/CPP Tutorial/BrickBreaker/Content/Blueprints/Ball_BP.uasset" SILENT=true
[2020.09.21-08.26.16:972][846]LogSavePackage: Moving '../../../../../../Dev/Unreal Engine 4/CPP Tutorial/BrickBreaker/Saved/Ball_BPFF2F497F4BD73338253C41B1719BB4D0.tmp' to '../../../../../../Dev/Unreal Engine 4/CPP Tutorial/BrickBreaker/Content/Blueprints/Ball_BP.uasset'
[2020.09.21-08.26.16:992][846]AssetCheck: New page: Asset Save: Ball_BP
[2020.09.21-08.26.16:992][846]LogContentValidation: Display: Validating Blueprint /Game/Blueprints/Ball_BP.Ball_BP
[2020.09.21-08.26.20:024][199]LogWorld: UWorld::CleanupWorld for World_3, bSessionEnded=true, bCleanupResources=true
[2020.09.21-08.26.20:024][199]LogSlate: InvalidateAllWidgets triggered.  All widgets were invalidated
[2020.09.21-08.26.40:012][541]LogAssetEditorSubsystem: Opening Asset editor for Blueprint /Game/Blueprints/Ball_BP.Ball_BP
[2020.09.21-08.26.49:317][599]BlueprintLog: New page: Compile Ball_BP
[2020.09.21-08.26.49:404][599]LogUObjectHash: Compacting FUObjectHashTables data took   2.43ms
[2020.09.21-08.26.50:204][690]Cmd: OBJ SAVEPACKAGE PACKAGE="/Game/Blueprints/Ball_BP" FILE="../../../../../../Dev/Unreal Engine 4/CPP Tutorial/BrickBreaker/Content/Blueprints/Ball_BP.uasset" SILENT=true
[2020.09.21-08.26.50:214][690]LogSavePackage: Moving '../../../../../../Dev/Unreal Engine 4/CPP Tutorial/BrickBreaker/Saved/Ball_BP7E26011C4395FDFA437DE7B4111D20C7.tmp' to '../../../../../../Dev/Unreal Engine 4/CPP Tutorial/BrickBreaker/Content/Blueprints/Ball_BP.uasset'
[2020.09.21-08.26.50:221][690]AssetCheck: New page: Asset Save: Ball_BP
[2020.09.21-08.26.50:221][690]LogContentValidation: Display: Validating Blueprint /Game/Blueprints/Ball_BP.Ball_BP
[2020.09.21-08.26.51:458][828]LogWorld: UWorld::CleanupWorld for World_5, bSessionEnded=true, bCleanupResources=true
[2020.09.21-08.26.51:458][828]LogSlate: InvalidateAllWidgets triggered.  All widgets were invalidated
[2020.09.21-08.26.55:176][250]LogTemp: Repeating last play command: Selected Viewport
[2020.09.21-08.26.55:187][250]LogPlayLevel: PlayLevel: No blueprints needed recompiling
[2020.09.21-08.26.55:187][250]PIE: New page: PIE session: Gameplay (21/09/2020, 2:26:55 pm)
[2020.09.21-08.26.55:219][250]LogPlayLevel: Creating play world package: /Game/Maps/UEDPIE_0_Gameplay
[2020.09.21-08.26.55:220][250]LogPlayLevel: PIE: StaticDuplicateObject took: (0.000996s)
[2020.09.21-08.26.55:221][250]LogAIModule: Creating AISystem for world Gameplay
[2020.09.21-08.26.55:221][250]LogAISub: UAISubsystem::UAISubsystem EnvQueryManager (0000017E10E74400), frame # 19250
[2020.09.21-08.26.55:221][250]LogAISub: UAISubsystem::UAISubsystem AIPerceptionSystem (0000017E7C666200), frame # 19250
[2020.09.21-08.26.55:221][250]LogPlayLevel: PIE: World Init took: (0.000771s)
[2020.09.21-08.26.55:221][250]LogPlayLevel: PIE: Created PIE world by copying editor world from /Game/Maps/Gameplay.Gameplay to /Game/Maps/UEDPIE_0_Gameplay.Gameplay (0.001879s)
[2020.09.21-08.26.55:254][250]LogUObjectHash: Compacting FUObjectHashTables data took   1.92ms
[2020.09.21-08.26.55:256][250]LogAudioMixer: Display: Audio Mixer Platform Settings:
[2020.09.21-08.26.55:256][250]LogAudioMixer: Display: 	Sample Rate:						  48000
[2020.09.21-08.26.55:256][250]LogAudioMixer: Display: 	Callback Buffer Frame Size Requested: 1024
[2020.09.21-08.26.55:256][250]LogAudioMixer: Display: 	Callback Buffer Frame Size To Use:	  1024
[2020.09.21-08.26.55:256][250]LogAudioMixer: Display: 	Number of buffers to queue:			  2
[2020.09.21-08.26.55:256][250]LogAudioMixer: Display: 	Max Channels (voices):				  32
[2020.09.21-08.26.55:256][250]LogAudioMixer: Display: 	Number of Async Source Workers:		  0
[2020.09.21-08.26.55:256][250]LogAudio: Display: AudioDevice MaxSources: 32
[2020.09.21-08.26.55:257][250]LogAudio: Display: Using built-in audio occlusion.
[2020.09.21-08.26.55:257][250]LogAudioMixer: Display: Initializing audio mixer.
[2020.09.21-08.26.55:259][250]LogAudioMixer: Display: 0: FrontLeft
[2020.09.21-08.26.55:259][250]LogAudioMixer: Display: 1: FrontRight
[2020.09.21-08.26.55:272][250]LogAudioMixer: Display: Using Audio Device Realtek HD Audio 2nd output (Realtek(R) Audio)
[2020.09.21-08.26.55:272][250]LogAudioMixer: Display: Initializing Sound Submixes...
[2020.09.21-08.26.55:272][250]LogAudioMixer: Display: Creating Master Submix 'MasterSubmixDefault'
[2020.09.21-08.26.55:272][250]LogAudioMixer: Display: Creating Master Submix 'MasterReverbSubmixDefault'
[2020.09.21-08.26.55:272][250]LogAudioMixer: Display: Creating Master Submix 'MasterEQSubmixDefault'
[2020.09.21-08.26.55:283][250]LogInit: FAudioDevice initialized.
[2020.09.21-08.26.55:291][250]LogLoad: Game class is 'BrickBreaker_GameMode_BP_C'
[2020.09.21-08.26.55:292][250]LogWorld: Bringing World /Game/Maps/UEDPIE_0_Gameplay.Gameplay up for play (max tick rate 0) at 2020.09.21-11.26.55
[2020.09.21-08.26.55:292][250]LogWorld: Bringing up level for play took: 0.000439
[2020.09.21-08.26.55:292][250]LogOnline: OSS: Creating online subsystem instance for: :Context_8
[2020.09.21-08.26.55:293][250]PIE: Server logged in
[2020.09.21-08.26.55:294][250]PIE: Play in editor total start time 0.109 seconds.
[2020.09.21-08.27.02:839][142]LogSlate: Updating window title bar state: overlay mode, drag disabled, window buttons hidden, title bar hidden
[2020.09.21-08.27.02:839][142]LogWorld: BeginTearingDown for /Game/Maps/UEDPIE_0_Gameplay
[2020.09.21-08.27.02:840][142]LogWorld: UWorld::CleanupWorld for Gameplay, bSessionEnded=true, bCleanupResources=true
[2020.09.21-08.27.02:840][142]LogSlate: InvalidateAllWidgets triggered.  All widgets were invalidated
[2020.09.21-08.27.02:848][142]LogPlayLevel: Display: Shutting down PIE online subsystems
[2020.09.21-08.27.02:851][142]LogSlate: InvalidateAllWidgets triggered.  All widgets were invalidated
[2020.09.21-08.27.02:876][142]LogSlate: Updating window title bar state: overlay mode, drag disabled, window buttons hidden, title bar hidden
[2020.09.21-08.27.02:876][142]LogAISub: UAISubsystem::~UAISubsystem AIPerceptionSystem (0000017E7C666200), frame # 20142
[2020.09.21-08.27.02:876][142]LogAISub: UAISubsystem::~UAISubsystem EnvQueryManager (0000017E10E74400), frame # 20142
[2020.09.21-08.27.02:878][142]LogUObjectHash: Compacting FUObjectHashTables data took   1.33ms
[2020.09.21-08.27.02:897][143]LogPlayLevel: Display: Destroying online subsystem :Context_8
[2020.09.21-08.27.04:964][388]Cmd: OBJ SAVEPACKAGE PACKAGE="/Game/Maps/Gameplay" FILE="../../../../../../Dev/Unreal Engine 4/CPP Tutorial/BrickBreaker/Content/Maps/Gameplay.umap" SILENT=true AUTOSAVING=false KEEPDIRTY=false
[2020.09.21-08.27.04:979][388]LogUObjectHash: Compacting FUObjectHashTables data took   1.28ms
[2020.09.21-08.27.04:987][388]LogSavePackage: Moving '../../../../../../Dev/Unreal Engine 4/CPP Tutorial/BrickBreaker/Saved/Gameplay889CFDC64A450CD9C3C748BD59BFCEEC.tmp' to '../../../../../../Dev/Unreal Engine 4/CPP Tutorial/BrickBreaker/Content/Maps/Gameplay.umap'
[2020.09.21-08.27.05:003][388]Cmd: OBJ SAVEPACKAGE PACKAGE="/Game/Maps/Gameplay_BuiltData" FILE="../../../../../../Dev/Unreal Engine 4/CPP Tutorial/BrickBreaker/Content/Maps/Gameplay_BuiltData.uasset" SILENT=true
[2020.09.21-08.27.05:017][388]LogSavePackage: Moving '../../../../../../Dev/Unreal Engine 4/CPP Tutorial/BrickBreaker/Saved/Gameplay_BuiltData8DF350E54521E6872E7CD18C43C63319.tmp' to '../../../../../../Dev/Unreal Engine 4/CPP Tutorial/BrickBreaker/Content/Maps/Gameplay_BuiltData.uasset'
[2020.09.21-08.27.05:027][388]AssetCheck: New page: Asset Save: multiple assets
[2020.09.21-08.27.05:027][388]LogContentValidation: Display: Validating World /Game/Maps/Gameplay.Gameplay
[2020.09.21-08.27.05:027][388]LogContentValidation: Display: Validating MapBuildDataRegistry /Game/Maps/Gameplay_BuiltData.Gameplay_BuiltData
[2020.09.21-08.27.41:246][ 94]LogAssetEditorSubsystem: Opening Asset editor for Blueprint /Game/Blueprints/Paddle_PlayerController_BP.Paddle_PlayerController_BP
[2020.09.21-08.27.45:976][625]LogWorld: UWorld::CleanupWorld for World_6, bSessionEnded=true, bCleanupResources=true
[2020.09.21-08.27.45:977][625]LogSlate: InvalidateAllWidgets triggered.  All widgets were invalidated
[2020.09.21-08.27.49:996][ 81]LogAssetEditorSubsystem: Opening Asset editor for Class /Script/BrickBreaker.Paddle_Player_Controller
[2020.09.21-08.41.32:750][631]LogHotReload: New module detected: UE4Editor-BrickBreaker-0014.dll
[2020.09.21-08.41.33:100][633]LogHotReload: Starting Hot-Reload from IDE
[2020.09.21-08.41.33:127][633]LogClass: Could not find existing class Paddle_Player_Controller in package /Script/BrickBreaker for HotReload, assuming new class
[2020.09.21-08.41.33:127][633]LogClass: Function SetupInputComponent is new.
[2020.09.21-08.41.33:133][633]LogHotReload: Re-instancing Paddle_Player_Controller after hot-reload.
[2020.09.21-08.41.33:146][633]LogContentBrowser: Native class hierarchy updated for 'BrickBreaker' in 0.0004 seconds. Added 4 classes and 2 folders.
[2020.09.21-08.41.33:150][633]Display: HotReload successful (1 functions remapped  0 scriptstructs remapped)
[2020.09.21-08.41.33:206][633]LogContentBrowser: Native class hierarchy populated in 0.0080 seconds. Added 3431 classes and 823 folders.
[2020.09.21-08.41.33:209][633]Display: HotReload took  0.1s.
[2020.09.21-08.41.39:176][802]LogTemp: Repeating last play command: Selected Viewport
[2020.09.21-08.41.39:187][802]LogPlayLevel: PlayLevel: No blueprints needed recompiling
[2020.09.21-08.41.39:187][802]PIE: New page: PIE session: Gameplay (21/09/2020, 2:41:39 pm)
[2020.09.21-08.41.39:209][802]LogPlayLevel: Creating play world package: /Game/Maps/UEDPIE_0_Gameplay
[2020.09.21-08.41.39:210][802]LogPlayLevel: PIE: StaticDuplicateObject took: (0.001018s)
[2020.09.21-08.41.39:211][802]LogAIModule: Creating AISystem for world Gameplay
[2020.09.21-08.41.39:211][802]LogAISub: UAISubsystem::UAISubsystem EnvQueryManager (0000017E11548600), frame # 28802
[2020.09.21-08.41.39:211][802]LogAISub: UAISubsystem::UAISubsystem AIPerceptionSystem (0000017E42B7FC40), frame # 28802
[2020.09.21-08.41.39:211][802]LogPlayLevel: PIE: World Init took: (0.000847s)
[2020.09.21-08.41.39:211][802]LogPlayLevel: PIE: Created PIE world by copying editor world from /Game/Maps/Gameplay.Gameplay to /Game/Maps/UEDPIE_0_Gameplay.Gameplay (0.001968s)
[2020.09.21-08.41.39:262][802]LogUObjectHash: Compacting FUObjectHashTables data took   2.39ms
[2020.09.21-08.41.39:264][802]LogAudioMixer: Display: Audio Mixer Platform Settings:
[2020.09.21-08.41.39:265][802]LogAudioMixer: Display: 	Sample Rate:						  48000
[2020.09.21-08.41.39:265][802]LogAudioMixer: Display: 	Callback Buffer Frame Size Requested: 1024
[2020.09.21-08.41.39:265][802]LogAudioMixer: Display: 	Callback Buffer Frame Size To Use:	  1024
[2020.09.21-08.41.39:265][802]LogAudioMixer: Display: 	Number of buffers to queue:			  2
[2020.09.21-08.41.39:265][802]LogAudioMixer: Display: 	Max Channels (voices):				  32
[2020.09.21-08.41.39:265][802]LogAudioMixer: Display: 	Number of Async Source Workers:		  0
[2020.09.21-08.41.39:265][802]LogAudio: Display: AudioDevice MaxSources: 32
[2020.09.21-08.41.39:265][802]LogAudio: Display: Using built-in audio occlusion.
[2020.09.21-08.41.39:265][802]LogAudioMixer: Display: Initializing audio mixer.
[2020.09.21-08.41.39:267][802]LogAudioMixer: Display: 0: FrontLeft
[2020.09.21-08.41.39:267][802]LogAudioMixer: Display: 1: FrontRight
[2020.09.21-08.41.39:280][802]LogAudioMixer: Display: Using Audio Device Realtek HD Audio 2nd output (Realtek(R) Audio)
[2020.09.21-08.41.39:280][802]LogAudioMixer: Display: Initializing Sound Submixes...
[2020.09.21-08.41.39:280][802]LogAudioMixer: Display: Creating Master Submix 'MasterSubmixDefault'
[2020.09.21-08.41.39:280][802]LogAudioMixer: Display: Creating Master Submix 'MasterReverbSubmixDefault'
[2020.09.21-08.41.39:280][802]LogAudioMixer: Display: Creating Master Submix 'MasterEQSubmixDefault'
[2020.09.21-08.41.39:290][802]LogInit: FAudioDevice initialized.
[2020.09.21-08.41.39:304][802]LogLoad: Game class is 'BrickBreaker_GameMode_BP_C'
[2020.09.21-08.41.39:305][802]LogWorld: Bringing World /Game/Maps/UEDPIE_0_Gameplay.Gameplay up for play (max tick rate 0) at 2020.09.21-11.41.39
[2020.09.21-08.41.39:305][802]LogWorld: Bringing up level for play took: 0.000449
[2020.09.21-08.41.39:305][802]LogOnline: OSS: Creating online subsystem instance for: :Context_10
[2020.09.21-08.41.39:307][802]PIE: Server logged in
[2020.09.21-08.41.39:308][802]PIE: Play in editor total start time 0.123 seconds.
[2020.09.21-08.41.48:889][946]LogSlate: Updating window title bar state: overlay mode, drag disabled, window buttons hidden, title bar hidden
[2020.09.21-08.41.48:889][946]LogWorld: BeginTearingDown for /Game/Maps/UEDPIE_0_Gameplay
[2020.09.21-08.41.48:889][946]LogWorld: UWorld::CleanupWorld for Gameplay, bSessionEnded=true, bCleanupResources=true
[2020.09.21-08.41.48:889][946]LogSlate: InvalidateAllWidgets triggered.  All widgets were invalidated
[2020.09.21-08.41.48:900][946]LogPlayLevel: Display: Shutting down PIE online subsystems
[2020.09.21-08.41.48:903][946]LogSlate: InvalidateAllWidgets triggered.  All widgets were invalidated
[2020.09.21-08.41.48:933][946]LogSlate: Updating window title bar state: overlay mode, drag disabled, window buttons hidden, title bar hidden
[2020.09.21-08.41.48:938][946]LogAISub: UAISubsystem::~UAISubsystem AIPerceptionSystem (0000017E42B7FC40), frame # 29946
[2020.09.21-08.41.48:938][946]LogAISub: UAISubsystem::~UAISubsystem EnvQueryManager (0000017E11548600), frame # 29946
[2020.09.21-08.41.48:952][946]LogUObjectHash: Compacting FUObjectHashTables data took   2.27ms
[2020.09.21-08.41.48:971][947]LogPlayLevel: Display: Destroying online subsystem :Context_10
[2020.09.21-08.50.30:478][642]LogHotReload: New module detected: UE4Editor-BrickBreaker-0015.dll
[2020.09.21-08.50.31:151][645]LogHotReload: Starting Hot-Reload from IDE
[2020.09.21-08.50.31:180][645]LogClass: Could not find existing class Paddle_Player_Controller in package /Script/BrickBreaker for HotReload, assuming new class
[2020.09.21-08.50.31:180][645]LogClass: Function SetupInputComponent is new.
[2020.09.21-08.50.31:186][645]LogHotReload: Re-instancing Paddle_Player_Controller after hot-reload.
[2020.09.21-08.50.31:196][645]LogContentBrowser: Native class hierarchy updated for 'BrickBreaker' in 0.0003 seconds. Added 4 classes and 2 folders.
[2020.09.21-08.50.31:200][645]Display: HotReload successful (1 functions remapped  0 scriptstructs remapped)
[2020.09.21-08.50.31:250][645]LogContentBrowser: Native class hierarchy populated in 0.0073 seconds. Added 3431 classes and 823 folders.
[2020.09.21-08.50.31:252][645]Display: HotReload took  0.1s.
[2020.09.21-09.09.38:091][ 64]LogHotReload: New module detected: UE4Editor-BrickBreaker-0017.dll
[2020.09.21-09.09.38:437][ 66]LogHotReload: Starting Hot-Reload from IDE
[2020.09.21-09.09.38:489][ 66]LogContentBrowser: Native class hierarchy updated for 'BrickBreaker' in 0.0010 seconds. Added 4 classes and 2 folders.
[2020.09.21-09.09.38:495][ 66]Display: HotReload successful (2 functions remapped  0 scriptstructs remapped)
[2020.09.21-09.09.38:575][ 66]LogContentBrowser: Native class hierarchy populated in 0.0085 seconds. Added 3431 classes and 823 folders.
[2020.09.21-09.09.38:578][ 66]Display: HotReload took  0.1s.
