Log file open, 09/25/20 18:17:50
LogInit: Display: Running engine for game: PacMan
LogPlatformFile: Not using cached read wrapper
LogTaskGraph: Started task graph with 5 named threads and 35 total threads with 3 sets of task threads.
LogStats: Stats thread started at 0.148597
LogD3D11RHI: Loaded GFSDK_Aftermath_Lib.x64.dll
LogICUInternationalization: ICU TimeZone Detection - Raw Offset: +2:00, Platform Override: ''
LogPluginManager: Mounting plugin Paper2D
LogPluginManager: Mounting plugin AISupport
LogPluginManager: Mounting plugin LightPropagationVolume
LogPluginManager: Mounting plugin CameraShakePreviewer
LogPluginManager: Mounting plugin ActorLayerUtilities
LogPluginManager: Mounting plugin AnimationSharing
LogPluginManager: Mounting plugin CLionSourceCodeAccess
LogPluginManager: Mounting plugin CodeLiteSourceCodeAccess
LogPluginManager: Mounting plugin GitSourceControl
LogPluginManager: Mounting plugin KDevelopSourceCodeAccess
LogPluginManager: Mounting plugin NullSourceCodeAccess
LogPluginManager: Mounting plugin PerforceSourceControl
LogPluginManager: Mounting plugin PlasticSourceControl
LogPluginManager: Mounting plugin RiderLink
LogPluginManager: Mounting plugin RiderSourceCodeAccess
LogPluginManager: Mounting plugin SubversionSourceControl
LogPluginManager: Mounting plugin UObjectPlugin
LogPluginManager: Mounting plugin VisualStudioCodeSourceCodeAccess
LogPluginManager: Mounting plugin VisualStudioSourceCodeAccess
LogPluginManager: Mounting plugin XCodeSourceCodeAccess
LogPluginManager: Mounting plugin AssetManagerEditor
LogPluginManager: Mounting plugin CryptoKeys
LogPluginManager: Mounting plugin CurveEditorTools
LogPluginManager: Mounting plugin DataValidation
LogPluginManager: Mounting plugin EditorScriptingUtilities
LogPluginManager: Mounting plugin FacialAnimation
LogPluginManager: Mounting plugin GameplayTagsEditor
LogPluginManager: Mounting plugin GeometryMode
LogPluginManager: Mounting plugin MacGraphicsSwitching
LogPluginManager: Mounting plugin MaterialAnalyzer
LogPluginManager: Mounting plugin MobileLauncherProfileWizard
LogPluginManager: Mounting plugin PluginBrowser
LogPluginManager: Mounting plugin SpeedTreeImporter
LogPluginManager: Mounting plugin DatasmithContent
LogPluginManager: Mounting plugin VariantManagerContent
LogPluginManager: Mounting plugin AlembicImporter
LogPluginManager: Mounting plugin AutomationUtils
LogPluginManager: Mounting plugin BackChannel
LogPluginManager: Mounting plugin ChaosCloth
LogPluginManager: Mounting plugin ChaosClothEditor
LogPluginManager: Mounting plugin ChaosEditor
LogPluginManager: Mounting plugin ChaosNiagara
LogPluginManager: Mounting plugin ChaosSolverPlugin
LogPluginManager: Mounting plugin CharacterAI
LogPluginManager: Mounting plugin GeometryCache
LogPluginManager: Mounting plugin GeometryCollectionPlugin
LogPluginManager: Mounting plugin GeometryProcessing
LogPluginManager: Mounting plugin PlanarCut
LogPluginManager: Mounting plugin PlatformCrypto
LogPluginManager: Mounting plugin ProxyLODPlugin
LogPluginManager: Mounting plugin SkeletalReduction
LogPluginManager: Mounting plugin Niagara
LogPluginManager: Mounting plugin MagicLeap
LogPluginManager: Mounting plugin MagicLeapLightEstimation
LogPluginManager: Mounting plugin MagicLeapMedia
LogPluginManager: Mounting plugin MagicLeapPassableWorld
LogPluginManager: Mounting plugin MLSDK
LogPluginManager: Mounting plugin AndroidMedia
LogPluginManager: Mounting plugin AvfMedia
LogPluginManager: Mounting plugin ImgMedia
LogPluginManager: Mounting plugin MediaCompositing
LogPluginManager: Mounting plugin MediaPlayerEditor
LogPluginManager: Mounting plugin WebMMedia
LogPluginManager: Mounting plugin WmfMedia
LogPluginManager: Mounting plugin MeshPainting
LogPluginManager: Mounting plugin TcpMessaging
LogPluginManager: Mounting plugin UdpMessaging
LogPluginManager: Mounting plugin ActorSequence
LogPluginManager: Mounting plugin LevelSequenceEditor
LogPluginManager: Mounting plugin MatineeToLevelSequence
LogPluginManager: Mounting plugin MovieRenderPipeline
LogPluginManager: Mounting plugin TemplateSequence
LogPluginManager: Mounting plugin NetcodeUnitTest
LogPluginManager: Mounting plugin NUTUnrealEngine4
LogPluginManager: Mounting plugin OnlineSubsystemGooglePlay
LogPluginManager: Mounting plugin OnlineSubsystemIOS
LogPluginManager: Mounting plugin OnlineSubsystem
LogPluginManager: Mounting plugin OnlineSubsystemNull
LogPluginManager: Mounting plugin OnlineSubsystemUtils
LogPluginManager: Mounting plugin LauncherChunkInstaller
LogPluginManager: Mounting plugin AndroidDeviceProfileSelector
LogPluginManager: Mounting plugin AndroidMoviePlayer
LogPluginManager: Mounting plugin AndroidPermission
LogPluginManager: Mounting plugin AppleImageUtils
LogPluginManager: Mounting plugin AppleMoviePlayer
LogPluginManager: Mounting plugin ArchVisCharacter
LogPluginManager: Mounting plugin AssetTags
LogPluginManager: Mounting plugin AudioCapture
LogPluginManager: Mounting plugin CableComponent
LogPluginManager: Mounting plugin CustomMeshComponent
LogPluginManager: Mounting plugin EditableMesh
LogPluginManager: Mounting plugin ExampleDeviceProfileSelector
LogPluginManager: Mounting plugin GoogleCloudMessaging
LogPluginManager: Mounting plugin GooglePAD
LogPluginManager: Mounting plugin IOSDeviceProfileSelector
LogPluginManager: Mounting plugin LinuxDeviceProfileSelector
LogPluginManager: Mounting plugin LocationServicesBPLibrary
LogPluginManager: Mounting plugin MobilePatchingUtils
LogPluginManager: Mounting plugin OculusVR
LogPluginManager: Mounting plugin PhysXVehicles
LogPluginManager: Mounting plugin PostSplashScreen
LogPluginManager: Mounting plugin ProceduralMeshComponent
LogPluginManager: Mounting plugin RuntimePhysXCooking
LogPluginManager: Mounting plugin SignificanceManager
LogPluginManager: Mounting plugin SoundFields
LogPluginManager: Mounting plugin SteamVR
LogPluginManager: Mounting plugin Synthesis
LogPluginManager: Mounting plugin WebMMoviePlayer
LogPluginManager: Mounting plugin WindowsMoviePlayer
LogPluginManager: Mounting plugin ScreenshotTools
LogInit: Using libcurl 7.55.1-DEV
LogInit:  - built for x86_64-pc-win32
LogInit:  - supports SSL with OpenSSL/1.1.1
LogInit:  - supports HTTP deflate (compression) using libz 1.2.8
LogInit:  - other features:
LogInit:      CURL_VERSION_SSL
LogInit:      CURL_VERSION_LIBZ
LogInit:      CURL_VERSION_IPV6
LogInit:      CURL_VERSION_ASYNCHDNS
LogInit:      CURL_VERSION_LARGEFILE
LogInit:      CURL_VERSION_IDN
LogInit:  CurlRequestOptions (configurable via config and command line):
LogInit:  - bVerifyPeer = true  - Libcurl will verify peer certificate
LogInit:  - bUseHttpProxy = false  - Libcurl will NOT use HTTP proxy
LogInit:  - bDontReuseConnections = false  - Libcurl will reuse connections
LogInit:  - MaxHostConnections = 16  - Libcurl will limit the number of connections to a host
LogInit:  - LocalHostAddr = Default
LogInit:  - BufferSize = 65536
LogOnline: OSS: Creating online subsystem instance for: NULL
LogInit: WinSock: version 1.1 (2.2), MaxSocks=32767, MaxUdp=65467
LogOnline: OSS: TryLoadSubsystemAndSetDefault: Loaded subsystem for module [NULL]
LogInit: Build: ++UE4+Release-4.25-CL-13942748
LogInit: Engine Version: 4.25.3-13942748+++UE4+Release-4.25
LogInit: Compatible Engine Version: 4.25.0-13144385+++UE4+Release-4.25
LogInit: Net CL: 13144385
LogInit: OS: Windows 10 (Release 2004) (), CPU: Intel(R) Core(TM) i5-10600K CPU @ 4.10GHz, GPU: NVIDIA GeForce RTX 2060 SUPER
LogInit: Compiled (64-bit): Jul 25 2020 02:07:48
LogInit: Compiled with Visual C++: 19.24.28315.00
LogInit: Build Configuration: Development
LogInit: Branch Name: ++UE4+Release-4.25
LogInit: Command Line: 
LogInit: Base Directory: C:/Program Files/Epic Games/UE_4.25/Engine/Binaries/Win64/
LogInit: Allocator: TBB
LogInit: Installed Engine Build: 1
LogDevObjectVersion: Number of dev versions registered: 26
LogDevObjectVersion:   Dev-Blueprints (B0D832E4-1F89-4F0D-ACCF-7EB736FD4AA2): 10
LogDevObjectVersion:   Dev-Build (E1C64328-A22C-4D53-A36C-8E866417BD8C): 0
LogDevObjectVersion:   Dev-Core (375EC13C-06E4-48FB-B500-84F0262A717E): 4
LogDevObjectVersion:   Dev-Editor (E4B068ED-F494-42E9-A231-DA0B2E46BB41): 38
LogDevObjectVersion:   Dev-Framework (CFFC743F-43B0-4480-9391-14DF171D2073): 37
LogDevObjectVersion:   Dev-Mobile (B02B49B5-BB20-44E9-A304-32B752E40360): 2
LogDevObjectVersion:   Dev-Networking (A4E4105C-59A1-49B5-A7C5-40C4547EDFEE): 0
LogDevObjectVersion:   Dev-Online (39C831C9-5AE6-47DC-9A44-9C173E1C8E7C): 0
LogDevObjectVersion:   Dev-Physics (78F01B33-EBEA-4F98-B9B4-84EACCB95AA2): 4
LogDevObjectVersion:   Dev-Platform (6631380F-2D4D-43E0-8009-CF276956A95A): 0
LogDevObjectVersion:   Dev-Rendering (12F88B9F-8875-4AFC-A67C-D90C383ABD29): 43
LogDevObjectVersion:   Dev-Sequencer (7B5AE74C-D270-4C10-A958-57980B212A5A): 12
LogDevObjectVersion:   Dev-VR (D7296918-1DD6-4BDD-9DE2-64A83CC13884): 3
LogDevObjectVersion:   Dev-LoadTimes (C2A15278-BFE7-4AFE-6C17-90FF531DF755): 1
LogDevObjectVersion:   Private-Geometry (6EACA3D4-40EC-4CC1-B786-8BED09428FC5): 3
LogDevObjectVersion:   Dev-AnimPhys (29E575DD-E0A3-4627-9D10-D276232CDCEA): 17
LogDevObjectVersion:   Dev-Anim (AF43A65D-7FD3-4947-9873-3E8ED9C1BB05): 7
LogDevObjectVersion:   Dev-ReflectionCapture (6B266CEC-1EC7-4B8F-A30B-E4D90942FC07): 1
LogDevObjectVersion:   Dev-Automation (0DF73D61-A23F-47EA-B727-89E90C41499A): 1
LogDevObjectVersion:   FortniteMain (601D1886-AC64-4F84-AA16-D3DE0DEAC7D6): 31
LogDevObjectVersion:   Dev-Enterprise (9DFFBCD6-494F-0158-E221-12823C92A888): 10
LogDevObjectVersion:   Dev-Niagara (F2AED0AC-9AFE-416F-8664-AA7FFA26D6FC): 1
LogDevObjectVersion:   Dev-Destruction (174F1F0B-B4C6-45A5-B13F-2EE8D0FB917D): 10
LogDevObjectVersion:   Dev-Physics-Ext (35F94A83-E258-406C-A318-09F59610247C): 37
LogDevObjectVersion:   Dev-PhysicsMaterial-Chaos (B68FC16E-8B1B-42E2-B453-215C058844FE): 1
LogDevObjectVersion:   Dev-CineCamera (B2E18506-4273-CFC2-A54E-F4BB758BBA07): 1
LogInit: Presizing for max 25165824 objects, including 0 objects not considered by GC, pre-allocating 0 bytes for permanent pool.
LogConfig: Applying CVar settings from Section [/Script/Engine.StreamingSettings] File [C:/Dev/Unreal Engine 4/CPP Tutorial/PacMan/Saved/Config/Windows/Engine.ini]
LogConfig: Setting CVar [[s.MinBulkDataSizeForAsyncLoading:131072]]
LogConfig: Setting CVar [[s.AsyncLoadingThreadEnabled:0]]
LogConfig: Setting CVar [[s.EventDrivenLoaderEnabled:1]]
LogConfig: Setting CVar [[s.WarnIfTimeLimitExceeded:0]]
LogConfig: Setting CVar [[s.TimeLimitExceededMultiplier:1.5]]
LogConfig: Setting CVar [[s.TimeLimitExceededMinTime:0.005]]
LogConfig: Setting CVar [[s.UseBackgroundLevelStreaming:1]]
LogConfig: Setting CVar [[s.PriorityAsyncLoadingExtraTime:15.0]]
LogConfig: Setting CVar [[s.LevelStreamingActorsUpdateTimeLimit:5.0]]
LogConfig: Setting CVar [[s.PriorityLevelStreamingActorsUpdateExtraTime:5.0]]
LogConfig: Setting CVar [[s.LevelStreamingComponentsRegistrationGranularity:10]]
LogConfig: Setting CVar [[s.UnregisterComponentsTimeLimit:1.0]]
LogConfig: Setting CVar [[s.LevelStreamingComponentsUnregistrationGranularity:5]]
LogConfig: Setting CVar [[s.FlushStreamingOnExit:1]]
LogInit: Object subsystem initialized
LogConfig: Setting CVar [[con.DebugEarlyDefault:1]]
LogConfig: Setting CVar [[r.setres:1280x720]]
[2020.09.25-15.17.50:782][  0]LogConfig: Setting CVar [[r.VSync:0]]
[2020.09.25-15.17.50:782][  0]LogConfig: Setting CVar [[r.RHICmdBypass:0]]
[2020.09.25-15.17.50:782][  0]LogConfig: Applying CVar settings from Section [/Script/Engine.RendererSettings] File [C:/Dev/Unreal Engine 4/CPP Tutorial/PacMan/Saved/Config/Windows/Engine.ini]
[2020.09.25-15.17.50:782][  0]LogConfig: Setting CVar [[r.GPUCrashDebugging:0]]
[2020.09.25-15.17.50:782][  0]LogConfig: Applying CVar settings from Section [/Script/Engine.RendererOverrideSettings] File [C:/Dev/Unreal Engine 4/CPP Tutorial/PacMan/Saved/Config/Windows/Engine.ini]
[2020.09.25-15.17.50:782][  0]LogConfig: Applying CVar settings from Section [/Script/Engine.StreamingSettings] File [C:/Dev/Unreal Engine 4/CPP Tutorial/PacMan/Saved/Config/Windows/Engine.ini]
[2020.09.25-15.17.50:782][  0]LogConfig: Setting CVar [[s.MinBulkDataSizeForAsyncLoading:131072]]
[2020.09.25-15.17.50:782][  0]LogConfig: Setting CVar [[s.AsyncLoadingThreadEnabled:0]]
[2020.09.25-15.17.50:782][  0]LogConfig: Setting CVar [[s.EventDrivenLoaderEnabled:1]]
[2020.09.25-15.17.50:782][  0]LogConfig: Setting CVar [[s.WarnIfTimeLimitExceeded:0]]
[2020.09.25-15.17.50:782][  0]LogConfig: Setting CVar [[s.TimeLimitExceededMultiplier:1.5]]
[2020.09.25-15.17.50:782][  0]LogConfig: Setting CVar [[s.TimeLimitExceededMinTime:0.005]]
[2020.09.25-15.17.50:782][  0]LogConfig: Setting CVar [[s.UseBackgroundLevelStreaming:1]]
[2020.09.25-15.17.50:782][  0]LogConfig: Setting CVar [[s.PriorityAsyncLoadingExtraTime:15.0]]
[2020.09.25-15.17.50:782][  0]LogConfig: Setting CVar [[s.LevelStreamingActorsUpdateTimeLimit:5.0]]
[2020.09.25-15.17.50:782][  0]LogConfig: Setting CVar [[s.PriorityLevelStreamingActorsUpdateExtraTime:5.0]]
[2020.09.25-15.17.50:782][  0]LogConfig: Setting CVar [[s.LevelStreamingComponentsRegistrationGranularity:10]]
[2020.09.25-15.17.50:782][  0]LogConfig: Setting CVar [[s.UnregisterComponentsTimeLimit:1.0]]
[2020.09.25-15.17.50:782][  0]LogConfig: Setting CVar [[s.LevelStreamingComponentsUnregistrationGranularity:5]]
[2020.09.25-15.17.50:782][  0]LogConfig: Setting CVar [[s.FlushStreamingOnExit:1]]
[2020.09.25-15.17.50:782][  0]LogConfig: Applying CVar settings from Section [/Script/Engine.GarbageCollectionSettings] File [C:/Dev/Unreal Engine 4/CPP Tutorial/PacMan/Saved/Config/Windows/Engine.ini]
[2020.09.25-15.17.50:782][  0]LogConfig: Setting CVar [[gc.MaxObjectsNotConsideredByGC:1]]
[2020.09.25-15.17.50:782][  0]LogConfig: Setting CVar [[gc.SizeOfPermanentObjectPool:0]]
[2020.09.25-15.17.50:782][  0]LogConfig: Setting CVar [[gc.FlushStreamingOnGC:0]]
[2020.09.25-15.17.50:782][  0]LogConfig: Setting CVar [[gc.NumRetriesBeforeForcingGC:10]]
[2020.09.25-15.17.50:782][  0]LogConfig: Setting CVar [[gc.AllowParallelGC:1]]
[2020.09.25-15.17.50:782][  0]LogConfig: Setting CVar [[gc.TimeBetweenPurgingPendingKillObjects:61.1]]
[2020.09.25-15.17.50:782][  0]LogConfig: Setting CVar [[gc.MaxObjectsInEditor:25165824]]
[2020.09.25-15.17.50:782][  0]LogConfig: Setting CVar [[gc.IncrementalBeginDestroyEnabled:1]]
[2020.09.25-15.17.50:782][  0]LogConfig: Setting CVar [[gc.CreateGCClusters:1]]
[2020.09.25-15.17.50:782][  0]LogConfig: Setting CVar [[gc.MinGCClusterSize:5]]
[2020.09.25-15.17.50:782][  0]LogConfig: Setting CVar [[gc.ActorClusteringEnabled:0]]
[2020.09.25-15.17.50:782][  0]LogConfig: Setting CVar [[gc.BlueprintClusteringEnabled:0]]
[2020.09.25-15.17.50:782][  0]LogConfig: Setting CVar [[gc.UseDisregardForGCOnDedicatedServers:0]]
[2020.09.25-15.17.50:782][  0]LogConfig: Applying CVar settings from Section [/Script/Engine.NetworkSettings] File [C:/Dev/Unreal Engine 4/CPP Tutorial/PacMan/Saved/Config/Windows/Engine.ini]
[2020.09.25-15.17.50:782][  0]LogConfig: Applying CVar settings from Section [/Script/UnrealEd.CookerSettings] File [C:/Dev/Unreal Engine 4/CPP Tutorial/PacMan/Saved/Config/Windows/Engine.ini]
[2020.09.25-15.17.50:785][  0]LogConfig: Applying CVar settings from Section [ViewDistanceQuality@3] File [C:/Dev/Unreal Engine 4/CPP Tutorial/PacMan/Saved/Config/Windows/Scalability.ini]
[2020.09.25-15.17.50:785][  0]LogConfig: Setting CVar [[r.SkeletalMeshLODBias:0]]
[2020.09.25-15.17.50:785][  0]LogConfig: Setting CVar [[r.ViewDistanceScale:1.0]]
[2020.09.25-15.17.50:785][  0]LogConfig: Applying CVar settings from Section [AntiAliasingQuality@3] File [C:/Dev/Unreal Engine 4/CPP Tutorial/PacMan/Saved/Config/Windows/Scalability.ini]
[2020.09.25-15.17.50:785][  0]LogConfig: Setting CVar [[r.PostProcessAAQuality:4]]
[2020.09.25-15.17.50:785][  0]LogConfig: Applying CVar settings from Section [ShadowQuality@3] File [C:/Dev/Unreal Engine 4/CPP Tutorial/PacMan/Saved/Config/Windows/Scalability.ini]
[2020.09.25-15.17.50:785][  0]LogConfig: Setting CVar [[r.LightFunctionQuality:1]]
[2020.09.25-15.17.50:785][  0]LogConfig: Setting CVar [[r.ShadowQuality:5]]
[2020.09.25-15.17.50:785][  0]LogConfig: Setting CVar [[r.Shadow.CSM.MaxCascades:10]]
[2020.09.25-15.17.50:785][  0]LogConfig: Setting CVar [[r.Shadow.MaxResolution:2048]]
[2020.09.25-15.17.50:785][  0]LogConfig: Setting CVar [[r.Shadow.MaxCSMResolution:2048]]
[2020.09.25-15.17.50:785][  0]LogConfig: Setting CVar [[r.Shadow.RadiusThreshold:0.01]]
[2020.09.25-15.17.50:785][  0]LogConfig: Setting CVar [[r.Shadow.DistanceScale:1.0]]
[2020.09.25-15.17.50:785][  0]LogConfig: Setting CVar [[r.Shadow.CSM.TransitionScale:1.0]]
[2020.09.25-15.17.50:785][  0]LogConfig: Setting CVar [[r.Shadow.PreShadowResolutionFactor:1.0]]
[2020.09.25-15.17.50:785][  0]LogConfig: Setting CVar [[r.DistanceFieldShadowing:1]]
[2020.09.25-15.17.50:785][  0]LogConfig: Setting CVar [[r.DistanceFieldAO:1]]
[2020.09.25-15.17.50:785][  0]LogConfig: Setting CVar [[r.AOQuality:2]]
[2020.09.25-15.17.50:785][  0]LogConfig: Setting CVar [[r.VolumetricFog:1]]
[2020.09.25-15.17.50:785][  0]LogConfig: Setting CVar [[r.VolumetricFog.GridPixelSize:8]]
[2020.09.25-15.17.50:785][  0]LogConfig: Setting CVar [[r.VolumetricFog.GridSizeZ:128]]
[2020.09.25-15.17.50:785][  0]LogConfig: Setting CVar [[r.VolumetricFog.HistoryMissSupersampleCount:4]]
[2020.09.25-15.17.50:785][  0]LogConfig: Setting CVar [[r.LightMaxDrawDistanceScale:1]]
[2020.09.25-15.17.50:785][  0]LogConfig: Setting CVar [[r.CapsuleShadows:1]]
[2020.09.25-15.17.50:785][  0]LogConfig: Applying CVar settings from Section [PostProcessQuality@3] File [C:/Dev/Unreal Engine 4/CPP Tutorial/PacMan/Saved/Config/Windows/Scalability.ini]
[2020.09.25-15.17.50:785][  0]LogConfig: Setting CVar [[r.MotionBlurQuality:4]]
[2020.09.25-15.17.50:785][  0]LogConfig: Setting CVar [[r.AmbientOcclusionMipLevelFactor:0.4]]
[2020.09.25-15.17.50:785][  0]LogConfig: Setting CVar [[r.AmbientOcclusionMaxQuality:100]]
[2020.09.25-15.17.50:785][  0]LogConfig: Setting CVar [[r.AmbientOcclusionLevels:-1]]
[2020.09.25-15.17.50:785][  0]LogConfig: Setting CVar [[r.AmbientOcclusionRadiusScale:1.0]]
[2020.09.25-15.17.50:785][  0]LogConfig: Setting CVar [[r.DepthOfFieldQuality:2]]
[2020.09.25-15.17.50:785][  0]LogConfig: Setting CVar [[r.RenderTargetPoolMin:400]]
[2020.09.25-15.17.50:785][  0]LogConfig: Setting CVar [[r.LensFlareQuality:2]]
[2020.09.25-15.17.50:785][  0]LogConfig: Setting CVar [[r.SceneColorFringeQuality:1]]
[2020.09.25-15.17.50:785][  0]LogConfig: Setting CVar [[r.EyeAdaptationQuality:2]]
[2020.09.25-15.17.50:785][  0]LogConfig: Setting CVar [[r.BloomQuality:5]]
[2020.09.25-15.17.50:785][  0]LogConfig: Setting CVar [[r.FastBlurThreshold:100]]
[2020.09.25-15.17.50:785][  0]LogConfig: Setting CVar [[r.Upscale.Quality:3]]
[2020.09.25-15.17.50:785][  0]LogConfig: Setting CVar [[r.Tonemapper.GrainQuantization:1]]
[2020.09.25-15.17.50:785][  0]LogConfig: Setting CVar [[r.LightShaftQuality:1]]
[2020.09.25-15.17.50:785][  0]LogConfig: Setting CVar [[r.Filter.SizeScale:1]]
[2020.09.25-15.17.50:785][  0]LogConfig: Setting CVar [[r.Tonemapper.Quality:5]]
[2020.09.25-15.17.50:785][  0]LogConfig: Setting CVar [[r.DOF.Gather.AccumulatorQuality:1        ; higher gathering accumulator quality]]
[2020.09.25-15.17.50:785][  0]LogConfig: Setting CVar [[r.DOF.Gather.PostfilterMethod:1          ; Median3x3 postfilering method]]
[2020.09.25-15.17.50:785][  0]LogConfig: Setting CVar [[r.DOF.Gather.EnableBokehSettings:0       ; no bokeh simulation when gathering]]
[2020.09.25-15.17.50:785][  0]LogConfig: Setting CVar [[r.DOF.Gather.RingCount:4                 ; medium number of samples when gathering]]
[2020.09.25-15.17.50:785][  0]LogConfig: Setting CVar [[r.DOF.Scatter.ForegroundCompositing:1    ; additive foreground scattering]]
[2020.09.25-15.17.50:785][  0]LogConfig: Setting CVar [[r.DOF.Scatter.BackgroundCompositing:2    ; additive background scattering]]
[2020.09.25-15.17.50:785][  0]LogConfig: Setting CVar [[r.DOF.Scatter.EnableBokehSettings:1      ; bokeh simulation when scattering]]
[2020.09.25-15.17.50:785][  0]LogConfig: Setting CVar [[r.DOF.Scatter.MaxSpriteRatio:0.1         ; only a maximum of 10% of scattered bokeh]]
[2020.09.25-15.17.50:785][  0]LogConfig: Setting CVar [[r.DOF.Recombine.Quality:1                ; cheap slight out of focus]]
[2020.09.25-15.17.50:785][  0]LogConfig: Setting CVar [[r.DOF.Recombine.EnableBokehSettings:0    ; no bokeh simulation on slight out of focus]]
[2020.09.25-15.17.50:785][  0]LogConfig: Setting CVar [[r.DOF.TemporalAAQuality:1                ; more stable temporal accumulation]]
[2020.09.25-15.17.50:785][  0]LogConfig: Setting CVar [[r.DOF.Kernel.MaxForegroundRadius:0.025]]
[2020.09.25-15.17.50:785][  0]LogConfig: Setting CVar [[r.DOF.Kernel.MaxBackgroundRadius:0.025]]
[2020.09.25-15.17.50:785][  0]LogConfig: Applying CVar settings from Section [TextureQuality@3] File [C:/Dev/Unreal Engine 4/CPP Tutorial/PacMan/Saved/Config/Windows/Scalability.ini]
[2020.09.25-15.17.50:785][  0]LogConfig: Setting CVar [[r.Streaming.MipBias:0]]
[2020.09.25-15.17.50:785][  0]LogConfig: Setting CVar [[r.Streaming.AmortizeCPUToGPUCopy:0]]
[2020.09.25-15.17.50:785][  0]LogConfig: Setting CVar [[r.Streaming.MaxNumTexturesToStreamPerFrame:0]]
[2020.09.25-15.17.50:785][  0]LogConfig: Setting CVar [[r.Streaming.Boost:1]]
[2020.09.25-15.17.50:785][  0]LogConfig: Setting CVar [[r.MaxAnisotropy:8]]
[2020.09.25-15.17.50:785][  0]LogConfig: Setting CVar [[r.VT.MaxAnisotropy:8]]
[2020.09.25-15.17.50:785][  0]LogConfig: Setting CVar [[r.Streaming.LimitPoolSizeToVRAM:0]]
[2020.09.25-15.17.50:785][  0]LogConfig: Setting CVar [[r.Streaming.PoolSize:1000]]
[2020.09.25-15.17.50:785][  0]LogConfig: Setting CVar [[r.Streaming.MaxEffectiveScreenSize:0]]
[2020.09.25-15.17.50:785][  0]LogConfig: Applying CVar settings from Section [EffectsQuality@3] File [C:/Dev/Unreal Engine 4/CPP Tutorial/PacMan/Saved/Config/Windows/Scalability.ini]
[2020.09.25-15.17.50:785][  0]LogConfig: Setting CVar [[r.TranslucencyLightingVolumeDim:64]]
[2020.09.25-15.17.50:785][  0]LogConfig: Setting CVar [[r.RefractionQuality:2]]
[2020.09.25-15.17.50:785][  0]LogConfig: Setting CVar [[r.SSR.Quality:3]]
[2020.09.25-15.17.50:785][  0]LogConfig: Setting CVar [[r.SSR.HalfResSceneColor:0]]
[2020.09.25-15.17.50:785][  0]LogConfig: Setting CVar [[r.SceneColorFormat:4]]
[2020.09.25-15.17.50:785][  0]LogConfig: Setting CVar [[r.DetailMode:2]]
[2020.09.25-15.17.50:785][  0]LogConfig: Setting CVar [[r.TranslucencyVolumeBlur:1]]
[2020.09.25-15.17.50:785][  0]LogConfig: Setting CVar [[r.MaterialQualityLevel:1 ; High quality]]
[2020.09.25-15.17.50:785][  0]LogConfig: Setting CVar [[r.SSS.Scale:1]]
[2020.09.25-15.17.50:785][  0]LogConfig: Setting CVar [[r.SSS.SampleSet:2]]
[2020.09.25-15.17.50:785][  0]LogConfig: Setting CVar [[r.SSS.Quality:1]]
[2020.09.25-15.17.50:785][  0]LogConfig: Setting CVar [[r.SSS.HalfRes:0]]
[2020.09.25-15.17.50:785][  0]LogConfig: Setting CVar [[r.SSGI.Quality:3]]
[2020.09.25-15.17.50:785][  0]LogConfig: Setting CVar [[r.EmitterSpawnRateScale:1.0]]
[2020.09.25-15.17.50:785][  0]LogConfig: Setting CVar [[r.ParticleLightQuality:2]]
[2020.09.25-15.17.50:785][  0]LogConfig: Setting CVar [[r.SkyAtmosphere.AerialPerspectiveLUT.FastApplyOnOpaque:1 ; Always have FastSkyLUT 1 in this case to avoid wrong sky]]
[2020.09.25-15.17.50:785][  0]LogConfig: Setting CVar [[r.SkyAtmosphere.AerialPerspectiveLUT.SampleCountPerSlice:1]]
[2020.09.25-15.17.50:785][  0]LogConfig: Setting CVar [[r.SkyAtmosphere.AerialPerspectiveLUT.DepthResolution:16.0]]
[2020.09.25-15.17.50:785][  0]LogConfig: Setting CVar [[r.SkyAtmosphere.FastSkyLUT:1]]
[2020.09.25-15.17.50:785][  0]LogConfig: Setting CVar [[r.SkyAtmosphere.FastSkyLUT.SampleCountMin:4.0]]
[2020.09.25-15.17.50:785][  0]LogConfig: Setting CVar [[r.SkyAtmosphere.FastSkyLUT.SampleCountMax:32.0]]
[2020.09.25-15.17.50:785][  0]LogConfig: Setting CVar [[r.SkyAtmosphere.SampleCountMin:4.0]]
[2020.09.25-15.17.50:785][  0]LogConfig: Setting CVar [[r.SkyAtmosphere.SampleCountMax:32.0]]
[2020.09.25-15.17.50:785][  0]LogConfig: Setting CVar [[r.SkyAtmosphere.TransmittanceLUT.UseSmallFormat:0]]
[2020.09.25-15.17.50:785][  0]LogConfig: Setting CVar [[r.SkyAtmosphere.TransmittanceLUT.SampleCount:10.0]]
[2020.09.25-15.17.50:785][  0]LogConfig: Setting CVar [[r.SkyAtmosphere.MultiScatteringLUT.SampleCount:15.0]]
[2020.09.25-15.17.50:785][  0]LogConfig: Applying CVar settings from Section [FoliageQuality@3] File [C:/Dev/Unreal Engine 4/CPP Tutorial/PacMan/Saved/Config/Windows/Scalability.ini]
[2020.09.25-15.17.50:785][  0]LogConfig: Setting CVar [[foliage.DensityScale:1.0]]
[2020.09.25-15.17.50:785][  0]LogConfig: Setting CVar [[grass.DensityScale:1.0]]
[2020.09.25-15.17.50:785][  0]LogConfig: Applying CVar settings from Section [ShadingQuality@3] File [C:/Dev/Unreal Engine 4/CPP Tutorial/PacMan/Saved/Config/Windows/Scalability.ini]
[2020.09.25-15.17.50:785][  0]LogConfig: Setting CVar [[r.HairStrands.SkyLighting.SampleCount:16]]
[2020.09.25-15.17.50:785][  0]LogConfig: Setting CVar [[r.HairStrands.SkyLighting.JitterIntegration:0]]
[2020.09.25-15.17.50:785][  0]LogConfig: Setting CVar [[r.HairStrands.SkyAO.SampleCount:16]]
[2020.09.25-15.17.50:785][  0]LogConfig: Setting CVar [[r.HairStrands.DeepShadow.SuperSampling:0]]
[2020.09.25-15.17.50:785][  0]LogConfig: Setting CVar [[r.HairStrands.VisibilityPPLL:0]]
[2020.09.25-15.17.50:785][  0]LogConfig: Setting CVar [[r.HairStrands.RasterizationScale:0.5]]
[2020.09.25-15.17.50:785][  0]LogConfig: Setting CVar [[r.HairStrands.VelocityRasterizationScale:1]]
[2020.09.25-15.17.50:785][  0]LogInit: Selected Device Profile: [Windows]
[2020.09.25-15.17.50:785][  0]LogInit: Applying CVar settings loaded from the selected device profile: [Windows]
[2020.09.25-15.17.50:786][  0]LogHAL: Display: Platform has ~ 16 GB [17096294400 / 17179869184 / 16], which maps to Larger [LargestMinGB=32, LargerMinGB=12, DefaultMinGB=8, SmallerMinGB=6, SmallestMinGB=0)
[2020.09.25-15.17.50:786][  0]LogInit: Going up to parent DeviceProfile []
[2020.09.25-15.17.50:786][  0]LogConfig: Applying CVar settings from Section [ViewDistanceQuality@3] File [C:/Dev/Unreal Engine 4/CPP Tutorial/PacMan/Saved/Config/Windows/Scalability.ini]
[2020.09.25-15.17.50:786][  0]LogConfig: Setting CVar [[r.SkeletalMeshLODBias:0]]
[2020.09.25-15.17.50:786][  0]LogConfig: Setting CVar [[r.ViewDistanceScale:1.0]]
[2020.09.25-15.17.50:786][  0]LogConfig: Applying CVar settings from Section [AntiAliasingQuality@3] File [C:/Dev/Unreal Engine 4/CPP Tutorial/PacMan/Saved/Config/Windows/Scalability.ini]
[2020.09.25-15.17.50:786][  0]LogConfig: Setting CVar [[r.PostProcessAAQuality:4]]
[2020.09.25-15.17.50:786][  0]LogConfig: Applying CVar settings from Section [ShadowQuality@3] File [C:/Dev/Unreal Engine 4/CPP Tutorial/PacMan/Saved/Config/Windows/Scalability.ini]
[2020.09.25-15.17.50:786][  0]LogConfig: Setting CVar [[r.LightFunctionQuality:1]]
[2020.09.25-15.17.50:786][  0]LogConfig: Setting CVar [[r.ShadowQuality:5]]
[2020.09.25-15.17.50:786][  0]LogConfig: Setting CVar [[r.Shadow.CSM.MaxCascades:10]]
[2020.09.25-15.17.50:786][  0]LogConfig: Setting CVar [[r.Shadow.MaxResolution:2048]]
[2020.09.25-15.17.50:786][  0]LogConfig: Setting CVar [[r.Shadow.MaxCSMResolution:2048]]
[2020.09.25-15.17.50:786][  0]LogConfig: Setting CVar [[r.Shadow.RadiusThreshold:0.01]]
[2020.09.25-15.17.50:786][  0]LogConfig: Setting CVar [[r.Shadow.DistanceScale:1.0]]
[2020.09.25-15.17.50:786][  0]LogConfig: Setting CVar [[r.Shadow.CSM.TransitionScale:1.0]]
[2020.09.25-15.17.50:786][  0]LogConfig: Setting CVar [[r.Shadow.PreShadowResolutionFactor:1.0]]
[2020.09.25-15.17.50:786][  0]LogConfig: Setting CVar [[r.DistanceFieldShadowing:1]]
[2020.09.25-15.17.50:786][  0]LogConfig: Setting CVar [[r.DistanceFieldAO:1]]
[2020.09.25-15.17.50:786][  0]LogConfig: Setting CVar [[r.AOQuality:2]]
[2020.09.25-15.17.50:786][  0]LogConfig: Setting CVar [[r.VolumetricFog:1]]
[2020.09.25-15.17.50:786][  0]LogConfig: Setting CVar [[r.VolumetricFog.GridPixelSize:8]]
[2020.09.25-15.17.50:786][  0]LogConfig: Setting CVar [[r.VolumetricFog.GridSizeZ:128]]
[2020.09.25-15.17.50:786][  0]LogConfig: Setting CVar [[r.VolumetricFog.HistoryMissSupersampleCount:4]]
[2020.09.25-15.17.50:786][  0]LogConfig: Setting CVar [[r.LightMaxDrawDistanceScale:1]]
[2020.09.25-15.17.50:786][  0]LogConfig: Setting CVar [[r.CapsuleShadows:1]]
[2020.09.25-15.17.50:786][  0]LogConfig: Applying CVar settings from Section [PostProcessQuality@3] File [C:/Dev/Unreal Engine 4/CPP Tutorial/PacMan/Saved/Config/Windows/Scalability.ini]
[2020.09.25-15.17.50:786][  0]LogConfig: Setting CVar [[r.MotionBlurQuality:4]]
[2020.09.25-15.17.50:786][  0]LogConfig: Setting CVar [[r.AmbientOcclusionMipLevelFactor:0.4]]
[2020.09.25-15.17.50:786][  0]LogConfig: Setting CVar [[r.AmbientOcclusionMaxQuality:100]]
[2020.09.25-15.17.50:786][  0]LogConfig: Setting CVar [[r.AmbientOcclusionLevels:-1]]
[2020.09.25-15.17.50:786][  0]LogConfig: Setting CVar [[r.AmbientOcclusionRadiusScale:1.0]]
[2020.09.25-15.17.50:786][  0]LogConfig: Setting CVar [[r.DepthOfFieldQuality:2]]
[2020.09.25-15.17.50:786][  0]LogConfig: Setting CVar [[r.RenderTargetPoolMin:400]]
[2020.09.25-15.17.50:786][  0]LogConfig: Setting CVar [[r.LensFlareQuality:2]]
[2020.09.25-15.17.50:786][  0]LogConfig: Setting CVar [[r.SceneColorFringeQuality:1]]
[2020.09.25-15.17.50:786][  0]LogConfig: Setting CVar [[r.EyeAdaptationQuality:2]]
[2020.09.25-15.17.50:786][  0]LogConfig: Setting CVar [[r.BloomQuality:5]]
[2020.09.25-15.17.50:786][  0]LogConfig: Setting CVar [[r.FastBlurThreshold:100]]
[2020.09.25-15.17.50:786][  0]LogConfig: Setting CVar [[r.Upscale.Quality:3]]
[2020.09.25-15.17.50:786][  0]LogConfig: Setting CVar [[r.Tonemapper.GrainQuantization:1]]
[2020.09.25-15.17.50:786][  0]LogConfig: Setting CVar [[r.LightShaftQuality:1]]
[2020.09.25-15.17.50:786][  0]LogConfig: Setting CVar [[r.Filter.SizeScale:1]]
[2020.09.25-15.17.50:786][  0]LogConfig: Setting CVar [[r.Tonemapper.Quality:5]]
[2020.09.25-15.17.50:786][  0]LogConfig: Setting CVar [[r.DOF.Gather.AccumulatorQuality:1        ; higher gathering accumulator quality]]
[2020.09.25-15.17.50:786][  0]LogConfig: Setting CVar [[r.DOF.Gather.PostfilterMethod:1          ; Median3x3 postfilering method]]
[2020.09.25-15.17.50:786][  0]LogConfig: Setting CVar [[r.DOF.Gather.EnableBokehSettings:0       ; no bokeh simulation when gathering]]
[2020.09.25-15.17.50:786][  0]LogConfig: Setting CVar [[r.DOF.Gather.RingCount:4                 ; medium number of samples when gathering]]
[2020.09.25-15.17.50:786][  0]LogConfig: Setting CVar [[r.DOF.Scatter.ForegroundCompositing:1    ; additive foreground scattering]]
[2020.09.25-15.17.50:786][  0]LogConfig: Setting CVar [[r.DOF.Scatter.BackgroundCompositing:2    ; additive background scattering]]
[2020.09.25-15.17.50:786][  0]LogConfig: Setting CVar [[r.DOF.Scatter.EnableBokehSettings:1      ; bokeh simulation when scattering]]
[2020.09.25-15.17.50:786][  0]LogConfig: Setting CVar [[r.DOF.Scatter.MaxSpriteRatio:0.1         ; only a maximum of 10% of scattered bokeh]]
[2020.09.25-15.17.50:786][  0]LogConfig: Setting CVar [[r.DOF.Recombine.Quality:1                ; cheap slight out of focus]]
[2020.09.25-15.17.50:786][  0]LogConfig: Setting CVar [[r.DOF.Recombine.EnableBokehSettings:0    ; no bokeh simulation on slight out of focus]]
[2020.09.25-15.17.50:786][  0]LogConfig: Setting CVar [[r.DOF.TemporalAAQuality:1                ; more stable temporal accumulation]]
[2020.09.25-15.17.50:786][  0]LogConfig: Setting CVar [[r.DOF.Kernel.MaxForegroundRadius:0.025]]
[2020.09.25-15.17.50:786][  0]LogConfig: Setting CVar [[r.DOF.Kernel.MaxBackgroundRadius:0.025]]
[2020.09.25-15.17.50:786][  0]LogConfig: Applying CVar settings from Section [TextureQuality@3] File [C:/Dev/Unreal Engine 4/CPP Tutorial/PacMan/Saved/Config/Windows/Scalability.ini]
[2020.09.25-15.17.50:786][  0]LogConfig: Setting CVar [[r.Streaming.MipBias:0]]
[2020.09.25-15.17.50:786][  0]LogConfig: Setting CVar [[r.Streaming.AmortizeCPUToGPUCopy:0]]
[2020.09.25-15.17.50:786][  0]LogConfig: Setting CVar [[r.Streaming.MaxNumTexturesToStreamPerFrame:0]]
[2020.09.25-15.17.50:786][  0]LogConfig: Setting CVar [[r.Streaming.Boost:1]]
[2020.09.25-15.17.50:786][  0]LogConfig: Setting CVar [[r.MaxAnisotropy:8]]
[2020.09.25-15.17.50:786][  0]LogConfig: Setting CVar [[r.VT.MaxAnisotropy:8]]
[2020.09.25-15.17.50:786][  0]LogConfig: Setting CVar [[r.Streaming.LimitPoolSizeToVRAM:0]]
[2020.09.25-15.17.50:786][  0]LogConfig: Setting CVar [[r.Streaming.PoolSize:1000]]
[2020.09.25-15.17.50:786][  0]LogConfig: Setting CVar [[r.Streaming.MaxEffectiveScreenSize:0]]
[2020.09.25-15.17.50:786][  0]LogConfig: Applying CVar settings from Section [EffectsQuality@3] File [C:/Dev/Unreal Engine 4/CPP Tutorial/PacMan/Saved/Config/Windows/Scalability.ini]
[2020.09.25-15.17.50:786][  0]LogConfig: Setting CVar [[r.TranslucencyLightingVolumeDim:64]]
[2020.09.25-15.17.50:786][  0]LogConfig: Setting CVar [[r.RefractionQuality:2]]
[2020.09.25-15.17.50:786][  0]LogConfig: Setting CVar [[r.SSR.Quality:3]]
[2020.09.25-15.17.50:786][  0]LogConfig: Setting CVar [[r.SSR.HalfResSceneColor:0]]
[2020.09.25-15.17.50:786][  0]LogConfig: Setting CVar [[r.SceneColorFormat:4]]
[2020.09.25-15.17.50:786][  0]LogConfig: Setting CVar [[r.DetailMode:2]]
[2020.09.25-15.17.50:786][  0]LogConfig: Setting CVar [[r.TranslucencyVolumeBlur:1]]
[2020.09.25-15.17.50:786][  0]LogConfig: Setting CVar [[r.MaterialQualityLevel:1 ; High quality]]
[2020.09.25-15.17.50:786][  0]LogConfig: Setting CVar [[r.SSS.Scale:1]]
[2020.09.25-15.17.50:786][  0]LogConfig: Setting CVar [[r.SSS.SampleSet:2]]
[2020.09.25-15.17.50:786][  0]LogConfig: Setting CVar [[r.SSS.Quality:1]]
[2020.09.25-15.17.50:786][  0]LogConfig: Setting CVar [[r.SSS.HalfRes:0]]
[2020.09.25-15.17.50:786][  0]LogConfig: Setting CVar [[r.SSGI.Quality:3]]
[2020.09.25-15.17.50:786][  0]LogConfig: Setting CVar [[r.EmitterSpawnRateScale:1.0]]
[2020.09.25-15.17.50:786][  0]LogConfig: Setting CVar [[r.ParticleLightQuality:2]]
[2020.09.25-15.17.50:786][  0]LogConfig: Setting CVar [[r.SkyAtmosphere.AerialPerspectiveLUT.FastApplyOnOpaque:1 ; Always have FastSkyLUT 1 in this case to avoid wrong sky]]
[2020.09.25-15.17.50:786][  0]LogConfig: Setting CVar [[r.SkyAtmosphere.AerialPerspectiveLUT.SampleCountPerSlice:1]]
[2020.09.25-15.17.50:786][  0]LogConfig: Setting CVar [[r.SkyAtmosphere.AerialPerspectiveLUT.DepthResolution:16.0]]
[2020.09.25-15.17.50:786][  0]LogConfig: Setting CVar [[r.SkyAtmosphere.FastSkyLUT:1]]
[2020.09.25-15.17.50:786][  0]LogConfig: Setting CVar [[r.SkyAtmosphere.FastSkyLUT.SampleCountMin:4.0]]
[2020.09.25-15.17.50:786][  0]LogConfig: Setting CVar [[r.SkyAtmosphere.FastSkyLUT.SampleCountMax:32.0]]
[2020.09.25-15.17.50:786][  0]LogConfig: Setting CVar [[r.SkyAtmosphere.SampleCountMin:4.0]]
[2020.09.25-15.17.50:786][  0]LogConfig: Setting CVar [[r.SkyAtmosphere.SampleCountMax:32.0]]
[2020.09.25-15.17.50:786][  0]LogConfig: Setting CVar [[r.SkyAtmosphere.TransmittanceLUT.UseSmallFormat:0]]
[2020.09.25-15.17.50:786][  0]LogConfig: Setting CVar [[r.SkyAtmosphere.TransmittanceLUT.SampleCount:10.0]]
[2020.09.25-15.17.50:786][  0]LogConfig: Setting CVar [[r.SkyAtmosphere.MultiScatteringLUT.SampleCount:15.0]]
[2020.09.25-15.17.50:786][  0]LogConfig: Applying CVar settings from Section [FoliageQuality@3] File [C:/Dev/Unreal Engine 4/CPP Tutorial/PacMan/Saved/Config/Windows/Scalability.ini]
[2020.09.25-15.17.50:786][  0]LogConfig: Setting CVar [[foliage.DensityScale:1.0]]
[2020.09.25-15.17.50:786][  0]LogConfig: Setting CVar [[grass.DensityScale:1.0]]
[2020.09.25-15.17.50:786][  0]LogConfig: Applying CVar settings from Section [ShadingQuality@3] File [C:/Dev/Unreal Engine 4/CPP Tutorial/PacMan/Saved/Config/Windows/Scalability.ini]
[2020.09.25-15.17.50:786][  0]LogConfig: Setting CVar [[r.HairStrands.SkyLighting.SampleCount:16]]
[2020.09.25-15.17.50:786][  0]LogConfig: Setting CVar [[r.HairStrands.SkyLighting.JitterIntegration:0]]
[2020.09.25-15.17.50:786][  0]LogConfig: Setting CVar [[r.HairStrands.SkyAO.SampleCount:16]]
[2020.09.25-15.17.50:786][  0]LogConfig: Setting CVar [[r.HairStrands.DeepShadow.SuperSampling:0]]
[2020.09.25-15.17.50:786][  0]LogConfig: Setting CVar [[r.HairStrands.VisibilityPPLL:0]]
[2020.09.25-15.17.50:786][  0]LogConfig: Setting CVar [[r.HairStrands.RasterizationScale:0.5]]
[2020.09.25-15.17.50:786][  0]LogConfig: Setting CVar [[r.HairStrands.VelocityRasterizationScale:1]]
[2020.09.25-15.17.50:786][  0]LogConfig: Applying CVar settings from Section [Startup] File [../../../Engine/Config/ConsoleVariables.ini]
[2020.09.25-15.17.50:787][  0]LogConfig: Setting CVar [[net.UseAdaptiveNetUpdateFrequency:0]]
[2020.09.25-15.17.50:787][  0]LogConfig: Setting CVar [[p.chaos.AllowCreatePhysxBodies:1]]
[2020.09.25-15.17.50:787][  0]LogConfig: Setting CVar [[fx.SkipVectorVMBackendOptimizations:1]]
[2020.09.25-15.17.50:787][  0]LogConfig: Applying CVar settings from Section [ConsoleVariables] File [C:/Dev/Unreal Engine 4/CPP Tutorial/PacMan/Saved/Config/Windows/Engine.ini]
[2020.09.25-15.17.50:787][  0]LogInit: Computer: DESKTOP-VTQU2OB
[2020.09.25-15.17.50:787][  0]LogInit: User: Bman
[2020.09.25-15.17.50:787][  0]LogInit: CPU Page size=4096, Cores=6
[2020.09.25-15.17.50:787][  0]LogInit: High frequency timer resolution =10.000000 MHz
[2020.09.25-15.17.50:787][  0]LogMemory: Memory total: Physical=15.9GB (16GB approx)
[2020.09.25-15.17.50:787][  0]LogMemory: Platform Memory Stats for Windows
[2020.09.25-15.17.50:787][  0]LogMemory: Process Physical Memory: 116.20 MB used, 116.21 MB peak
[2020.09.25-15.17.50:787][  0]LogMemory: Process Virtual Memory: 100.16 MB used, 100.16 MB peak
[2020.09.25-15.17.50:787][  0]LogMemory: Physical Memory: 7417.05 MB used,  8887.25 MB free, 16304.30 MB total
[2020.09.25-15.17.50:787][  0]LogMemory: Virtual Memory: 5169.65 MB used,  134212560.00 MB free, 134217728.00 MB total
[2020.09.25-15.17.50:790][  0]LogWindows: WindowsPlatformFeatures enabled
[2020.09.25-15.17.50:818][  0]LogInit: Physics initialised using underlying interface: PhysX
[2020.09.25-15.17.50:819][  0]LogInit: Using OS detected language (en-US).
[2020.09.25-15.17.50:819][  0]LogInit: Using OS detected locale (en-NZ).
[2020.09.25-15.17.50:823][  0]LogTextLocalizationManager: No specific localization for 'en-US' exists, so the 'en' localization will be used.
[2020.09.25-15.17.50:943][  0]LogInit: Setting process to per monitor DPI aware
[2020.09.25-15.17.50:967][  0]LogSlate: New Slate User Created.  User Index 0, Is Virtual User: 0
[2020.09.25-15.17.50:967][  0]LogSlate: Slate User Registered.  User Index 0, Is Virtual User: 0
[2020.09.25-15.17.51:056][  0]LogHMD: Failed to initialize OpenVR with code 110
[2020.09.25-15.17.51:056][  0]LogD3D11RHI: D3D11 min allowed feature level: 11_0
[2020.09.25-15.17.51:056][  0]LogD3D11RHI: D3D11 max allowed feature level: 11_0
[2020.09.25-15.17.51:056][  0]LogD3D11RHI: D3D11 adapters:
[2020.09.25-15.17.51:119][  0]LogD3D11RHI:    0. 'NVIDIA GeForce RTX 2060 SUPER' (Feature Level 11_0)
[2020.09.25-15.17.51:119][  0]LogD3D11RHI:       8031/0/8152 MB DedicatedVideo/DedicatedSystem/SharedSystem, Outputs:2, VendorId:0x10de
[2020.09.25-15.17.51:120][  0]LogD3D11RHI:    1. 'Microsoft Basic Render Driver' (Feature Level 11_0)
[2020.09.25-15.17.51:120][  0]LogD3D11RHI:       0/0/8152 MB DedicatedVideo/DedicatedSystem/SharedSystem, Outputs:0, VendorId:0x1414
[2020.09.25-15.17.51:120][  0]LogD3D11RHI: Chosen D3D11 Adapter: 0
[2020.09.25-15.17.51:124][  0]LogD3D11RHI: Creating new Direct3DDevice
[2020.09.25-15.17.51:124][  0]LogD3D11RHI:     GPU DeviceId: 0x1f06 (for the marketing name, search the web for "GPU Device Id")
[2020.09.25-15.17.51:124][  0]LogWindows: EnumDisplayDevices:
[2020.09.25-15.17.51:124][  0]LogWindows:    0. 'NVIDIA GeForce RTX 2060 SUPER' (P:1 D:1)
[2020.09.25-15.17.51:124][  0]LogWindows:    1. 'NVIDIA GeForce RTX 2060 SUPER' (P:0 D:1)
[2020.09.25-15.17.51:124][  0]LogWindows:    2. 'NVIDIA GeForce RTX 2060 SUPER' (P:0 D:0)
[2020.09.25-15.17.51:124][  0]LogWindows:    3. 'NVIDIA GeForce RTX 2060 SUPER' (P:0 D:0)
[2020.09.25-15.17.51:125][  0]LogWindows: DebugString: FoundDriverCount:4 
[2020.09.25-15.17.51:125][  0]LogD3D11RHI:     Adapter Name: NVIDIA GeForce RTX 2060 SUPER
[2020.09.25-15.17.51:125][  0]LogD3D11RHI:   Driver Version: 456.38 (internal:27.21.14.5638, unified:456.38)
[2020.09.25-15.17.51:125][  0]LogD3D11RHI:      Driver Date: 9-14-2020
[2020.09.25-15.17.51:125][  0]LogRHI: Texture pool is 5621 MB (70% of 8031 MB)
[2020.09.25-15.17.51:167][  0]LogD3D11RHI: RHI has support for 64 bit atomics
[2020.09.25-15.17.51:169][  0]LogD3D11RHI: [Aftermath] Enabled and primed
[2020.09.25-15.17.51:169][  0]LogD3D11RHI: Async texture creation enabled
[2020.09.25-15.17.51:169][  0]LogD3D11RHI: Array index from any shader is supported
[2020.09.25-15.17.51:198][  0]LogD3D11RHI: GPU Timing Frequency: 1000.000000 (Debug: 2 2)
[2020.09.25-15.17.51:383][  0]LogTargetPlatformManager: Display: Loaded TargetPlatform 'AllDesktop'
[2020.09.25-15.17.51:398][  0]LogTargetPlatformManager: Display: Loaded TargetPlatform 'Android'
[2020.09.25-15.17.51:398][  0]LogTargetPlatformManager: Display: Loaded TargetPlatform 'Android_ASTC'
[2020.09.25-15.17.51:398][  0]LogTargetPlatformManager: Display: Loaded TargetPlatform 'Android_DXT'
[2020.09.25-15.17.51:398][  0]LogTargetPlatformManager: Display: Loaded TargetPlatform 'Android_ETC2'
[2020.09.25-15.17.51:398][  0]LogTargetPlatformManager: Display: Loaded TargetPlatform 'AndroidClient'
[2020.09.25-15.17.51:398][  0]LogTargetPlatformManager: Display: Loaded TargetPlatform 'Android_ASTCClient'
[2020.09.25-15.17.51:398][  0]LogTargetPlatformManager: Display: Loaded TargetPlatform 'Android_DXTClient'
[2020.09.25-15.17.51:398][  0]LogTargetPlatformManager: Display: Loaded TargetPlatform 'Android_ETC2Client'
[2020.09.25-15.17.51:398][  0]LogTargetPlatformManager: Display: Loaded TargetPlatform 'Android_Multi'
[2020.09.25-15.17.51:398][  0]LogTargetPlatformManager: Display: Loaded TargetPlatform 'Android_MultiClient'
[2020.09.25-15.17.51:413][  0]LogTargetPlatformManager: Display: Loaded TargetPlatform 'IOSClient'
[2020.09.25-15.17.51:413][  0]LogTargetPlatformManager: Display: Loaded TargetPlatform 'IOS'
[2020.09.25-15.17.51:421][  0]LogTargetPlatformManager: Display: Loaded TargetPlatform 'Linux'
[2020.09.25-15.17.51:427][  0]LogTargetPlatformManager: Display: Loaded TargetPlatform 'LinuxNoEditor'
[2020.09.25-15.17.51:433][  0]LogTargetPlatformManager: Display: Loaded TargetPlatform 'LinuxClient'
[2020.09.25-15.17.51:439][  0]LogTargetPlatformManager: Display: Loaded TargetPlatform 'LinuxServer'
[2020.09.25-15.17.51:446][  0]LogTargetPlatformManager: Display: Loaded TargetPlatform 'LinuxAArch64NoEditor'
[2020.09.25-15.17.51:452][  0]LogTargetPlatformManager: Display: Loaded TargetPlatform 'LinuxAArch64Client'
[2020.09.25-15.17.51:458][  0]LogTargetPlatformManager: Display: Loaded TargetPlatform 'LinuxAArch64Server'
[2020.09.25-15.17.51:477][  0]LogTargetPlatformManager: Display: Loaded TargetPlatform 'Lumin'
[2020.09.25-15.17.51:477][  0]LogTargetPlatformManager: Display: Loaded TargetPlatform 'LuminClient'
[2020.09.25-15.17.51:488][  0]LogTargetPlatformManager: Display: Loaded TargetPlatform 'TVOSClient'
[2020.09.25-15.17.51:488][  0]LogTargetPlatformManager: Display: Loaded TargetPlatform 'TVOS'
[2020.09.25-15.17.51:495][  0]LogTargetPlatformManager: Display: Loaded TargetPlatform 'WindowsNoEditor'
[2020.09.25-15.17.51:501][  0]LogTargetPlatformManager: Display: Loaded TargetPlatform 'Windows'
[2020.09.25-15.17.51:507][  0]LogTargetPlatformManager: Display: Loaded TargetPlatform 'WindowsClient'
[2020.09.25-15.17.51:514][  0]LogTargetPlatformManager: Display: Loaded TargetPlatform 'WindowsServer'
[2020.09.25-15.17.51:514][  0]LogTargetPlatformManager: Display: Building Assets For Windows
[2020.09.25-15.17.51:518][  0]LogAudioDebug: Display: Lib vorbis DLL was dynamically loaded.
[2020.09.25-15.17.51:557][  0]LogShaderCompilers: Guid format shader working directory is -13 characters bigger than the processId version (../../../../../../Dev/Unreal Engine 4/CPP Tutorial/PacMan/Intermediate/Shaders/WorkingDirectory/13232/).
[2020.09.25-15.17.51:557][  0]LogShaderCompilers: Cleaned the shader compiler working directory 'C:/Users/Bman/AppData/Local/Temp/UnrealShaderWorkingDir/7D208D9C4147E7AAC06F61BAAA565175/'.
[2020.09.25-15.17.51:557][  0]LogXGEController: Cannot use XGE Controller as Incredibuild is not installed on this machine.
[2020.09.25-15.17.51:557][  0]LogShaderCompilers: Cannot use XGE Shader Compiler as Incredibuild is not installed on this machine.
[2020.09.25-15.17.51:557][  0]LogShaderCompilers: Display: Using Local Shader Compiler.
[2020.09.25-15.17.52:119][  0]LogDerivedDataCache: Display: Max Cache Size: 512 MB
[2020.09.25-15.17.52:165][  0]LogDerivedDataCache: Loaded boot cache 0.05s 75MB C:/Users/Bman/AppData/Local/UnrealEngine/4.25/DerivedDataCache/Boot.ddc.
[2020.09.25-15.17.52:165][  0]LogDerivedDataCache: Display: Loaded Boot cache: C:/Users/Bman/AppData/Local/UnrealEngine/4.25/DerivedDataCache/Boot.ddc
[2020.09.25-15.17.52:165][  0]LogDerivedDataCache: FDerivedDataBackendGraph:  Pak pak cache file ../../../../../../Dev/Unreal Engine 4/CPP Tutorial/PacMan/DerivedDataCache/DDC.ddp not found, will not use a pak cache.
[2020.09.25-15.17.52:165][  0]LogDerivedDataCache: Unable to find inner node Pak for hierarchical cache Hierarchy.
[2020.09.25-15.17.52:166][  0]LogDerivedDataCache: FDerivedDataBackendGraph:  CompressedPak pak cache file ../../../../../../Dev/Unreal Engine 4/CPP Tutorial/PacMan/DerivedDataCache/Compressed.ddp not found, will not use a pak cache.
[2020.09.25-15.17.52:166][  0]LogDerivedDataCache: Unable to find inner node CompressedPak for hierarchical cache Hierarchy.
[2020.09.25-15.17.52:173][  0]LogDerivedDataCache: Display: Pak cache opened for reading ../../../Engine/DerivedDataCache/Compressed.ddp.
[2020.09.25-15.17.52:173][  0]LogDerivedDataCache: FDerivedDataBackendGraph:  EnterprisePak pak cache file ../../../Enterprise/DerivedDataCache/Compressed.ddp not found, will not use a pak cache.
[2020.09.25-15.17.52:173][  0]LogDerivedDataCache: Unable to find inner node EnterprisePak for hierarchical cache Hierarchy.
[2020.09.25-15.17.52:175][  0]LogDerivedDataCache: Using Local data cache path C:/Users/Bman/AppData/Local/UnrealEngine/Common/DerivedDataCache: Writable
[2020.09.25-15.17.52:175][  0]LogDerivedDataCache: Shared data cache path not found in *engine.ini, will not use an Shared cache.
[2020.09.25-15.17.52:175][  0]LogDerivedDataCache: Unable to find inner node Shared for hierarchical cache Hierarchy.
[2020.09.25-15.17.52:213][  0]LogSlate: Using FreeType 2.10.0
[2020.09.25-15.17.52:213][  0]LogSlate: SlateFontServices - WITH_FREETYPE: 1, WITH_HARFBUZZ: 1
[2020.09.25-15.17.52:231][  0]LogAssetRegistry: FAssetRegistry took 0.0018 seconds to start up
[2020.09.25-15.17.52:393][  0]LogInit: Selected Device Profile: [Windows]
[2020.09.25-15.17.52:472][  0]LogMeshReduction: Using QuadricMeshReduction for automatic static mesh reduction
[2020.09.25-15.17.52:472][  0]LogMeshReduction: Using SimplygonMeshReduction for automatic skeletal mesh reduction
[2020.09.25-15.17.52:472][  0]LogMeshReduction: Using ProxyLODMeshReduction for automatic mesh merging
[2020.09.25-15.17.52:472][  0]LogMeshReduction: No distributed automatic mesh merging module available
[2020.09.25-15.17.52:472][  0]LogMeshMerging: No distributed automatic mesh merging module available
[2020.09.25-15.17.52:483][  0]LogNetVersion: PacMan 1.0.0, NetCL: 13144385, EngineNetVer: 14, GameNetVer: 0 (Checksum: 3719311490)
[2020.09.25-15.17.52:768][  0]LogAISub: UAISubsystem::UAISubsystem AISubsystem (0000019942698340), frame # 0
[2020.09.25-15.17.52:768][  0]LogAISub: UAISubsystem::UAISubsystem AIPerceptionSystem (00000199425D6AC0), frame # 0
[2020.09.25-15.17.52:769][  0]LogAISub: UAISubsystem::UAISubsystem EnvQueryManager (0000019942625E00), frame # 0
[2020.09.25-15.17.52:808][  0]LogPackageLocalizationCache: Processed 19 localized package path(s) for 1 prioritized culture(s) in 0.035545 seconds
[2020.09.25-15.17.52:812][  0]LogUObjectArray: 15917 objects as part of root set at end of initial load.
[2020.09.25-15.17.52:812][  0]LogUObjectAllocator: 3965568 out of 0 bytes used by permanent object pool.
[2020.09.25-15.17.52:812][  0]LogUObjectArray: CloseDisregardForGC: 0/0 objects in disregard for GC pool
[2020.09.25-15.17.53:036][  0]LogTcpMessaging: Initializing TcpMessaging bridge
[2020.09.25-15.17.53:038][  0]LogUdpMessaging: Initializing bridge on interface 0.0.0.0:0 to multicast group 230.0.0.1:6666.
[2020.09.25-15.17.53:089][  0]SourceControl: Source control is disabled
[2020.09.25-15.17.53:089][  0]SourceControl: Source control is disabled
[2020.09.25-15.17.53:091][  0]SourceControl: Source control is disabled
[2020.09.25-15.17.53:093][  0]SourceControl: Source control is disabled
[2020.09.25-15.17.53:099][  0]SourceControl: Source control is disabled
[2020.09.25-15.17.53:249][  0]LogAndroidPermission: UAndroidPermissionCallbackProxy::GetInstance
[2020.09.25-15.17.53:260][  0]LogAudioCaptureCore: Display: No Audio Capture implementations found. Audio input will be silent.
[2020.09.25-15.17.53:260][  0]LogAudioCaptureCore: Display: No Audio Capture implementations found. Audio input will be silent.
[2020.09.25-15.17.53:291][  0]LogOcInput: OculusInput pre-init called
[2020.09.25-15.17.53:299][  0]LogWindows: Failed to load 'OVRPlugin.dll' (GetLastError=126)
[2020.09.25-15.17.53:299][  0]LogWindows: File 'OVRPlugin.dll' does not exist
[2020.09.25-15.17.53:339][  0]LogEngine: Initializing Engine...
[2020.09.25-15.17.53:340][  0]LogHMD: Failed to initialize OpenVR with code 110
[2020.09.25-15.17.53:340][  0]LogMagicLeap: Warning: VR disabled because ZI is not enabled.  To enable, in the editor, Edit -> Project Settings -> Plugins -> Magic Leap Plugin -> Enable Zero Iteration
[2020.09.25-15.17.53:341][  0]LogStats: UGameplayTagsManager::InitializeManager -  0.000 s
[2020.09.25-15.17.53:434][  0]LogInit: Initializing FReadOnlyCVARCache
[2020.09.25-15.17.53:439][  0]LogAIModule: Creating AISystem for world Untitled
[2020.09.25-15.17.53:439][  0]LogAISub: UAISubsystem::UAISubsystem EnvQueryManager (0000019944EB7C00), frame # 0
[2020.09.25-15.17.53:439][  0]LogAISub: UAISubsystem::UAISubsystem AIPerceptionSystem (0000019944F14B80), frame # 0
[2020.09.25-15.17.53:453][  0]LogAudioMixer: Display: Audio Mixer Platform Settings:
[2020.09.25-15.17.53:453][  0]LogAudioMixer: Display: 	Sample Rate:						  48000
[2020.09.25-15.17.53:453][  0]LogAudioMixer: Display: 	Callback Buffer Frame Size Requested: 1024
[2020.09.25-15.17.53:453][  0]LogAudioMixer: Display: 	Callback Buffer Frame Size To Use:	  1024
[2020.09.25-15.17.53:453][  0]LogAudioMixer: Display: 	Number of buffers to queue:			  2
[2020.09.25-15.17.53:453][  0]LogAudioMixer: Display: 	Max Channels (voices):				  32
[2020.09.25-15.17.53:453][  0]LogAudioMixer: Display: 	Number of Async Source Workers:		  0
[2020.09.25-15.17.53:453][  0]LogAudio: Display: AudioDevice MaxSources: 32
[2020.09.25-15.17.53:453][  0]LogAudio: Display: Using built-in audio occlusion.
[2020.09.25-15.17.53:453][  0]LogAudioMixer: Display: Initializing audio mixer.
[2020.09.25-15.17.53:460][  0]LogAudioMixer: Display: 0: FrontLeft
[2020.09.25-15.17.53:460][  0]LogAudioMixer: Display: 1: FrontRight
[2020.09.25-15.17.53:483][  0]LogAudioMixer: Display: Using Audio Device Realtek HD Audio 2nd output (Realtek(R) Audio)
[2020.09.25-15.17.53:488][  0]LogAudioMixer: Display: Initializing Sound Submixes...
[2020.09.25-15.17.53:489][  0]LogAudioMixer: Display: Creating Master Submix 'MasterSubmixDefault'
[2020.09.25-15.17.53:489][  0]LogAudioMixer: Display: Creating Master Submix 'MasterReverbSubmixDefault'
[2020.09.25-15.17.53:490][  0]LogAudioMixer: Display: Creating Master Submix 'MasterEQSubmixDefault'
[2020.09.25-15.17.53:491][  0]LogInit: FAudioDevice initialized.
[2020.09.25-15.17.53:491][  0]LogNetVersion: Set ProjectVersion to 1.0.0.0. Version Checksum will be recalculated on next use.
[2020.09.25-15.17.53:571][  0]LogDerivedDataCache: Saved boot cache 0.08s 75MB C:/Users/Bman/AppData/Local/UnrealEngine/4.25/DerivedDataCache/Boot.ddc.
[2020.09.25-15.17.53:575][  0]LogInit: Texture streaming: Enabled
[2020.09.25-15.17.53:585][  0]LogEngineSessionManager: EngineSessionManager initialized
[2020.09.25-15.17.53:585][  0]LogEditorSessionSummary: Verbose: Initializing EditorSessionSummaryWriter for editor session tracking
[2020.09.25-15.17.53:586][  0]LogEditorSessionSummary: EditorSessionSummaryWriter initialized
[2020.09.25-15.17.53:627][  0]LogInit: Transaction tracking system initialized
[2020.09.25-15.17.53:640][  0]BlueprintLog: New page: Editor Load
[2020.09.25-15.17.53:681][  0]LocalizationService: Localization service is disabled
[2020.09.25-15.17.53:778][  0]LogCook: Display: Max memory allowance for cook 16384mb min free memory 0mb
[2020.09.25-15.17.53:778][  0]LogCook: Display: Mobile HDR setting 1
[2020.09.25-15.17.53:867][  0]LogFileCache: Scanning file cache for directory 'C:/Dev/Unreal Engine 4/CPP Tutorial/PacMan/Content/' took 0.00s
[2020.09.25-15.17.53:999][  0]SourceControl: Source control is disabled
[2020.09.25-15.17.53:999][  0]LogUnrealEdMisc: Loading editor; pre map load, took 4.220
[2020.09.25-15.17.53:999][  0]Cmd: MAP LOAD FILE="../../../Engine/Content/Maps/Templates/Template_Default.umap" TEMPLATE=1 SHOWPROGRESS=1 FEATURELEVEL=3
[2020.09.25-15.17.53:999][  0]LightingResults: New page: Lighting Build
[2020.09.25-15.17.54:000][  0]LogWorld: UWorld::CleanupWorld for Untitled, bSessionEnded=true, bCleanupResources=true
[2020.09.25-15.17.54:000][  0]LogSlate: InvalidateAllWidgets triggered.  All widgets were invalidated
[2020.09.25-15.17.54:000][  0]MapCheck: New page: Map Check
[2020.09.25-15.17.54:000][  0]LightingResults: New page: Lighting Build
[2020.09.25-15.17.54:008][  0]LogAISub: UAISubsystem::~UAISubsystem EnvQueryManager (0000019944EB7C00), frame # 0
[2020.09.25-15.17.54:008][  0]LogAISub: UAISubsystem::~UAISubsystem AIPerceptionSystem (0000019944F14B80), frame # 0
[2020.09.25-15.17.54:009][  0]LogUObjectHash: Compacting FUObjectHashTables data took   0.54ms
[2020.09.25-15.17.54:056][  0]LogAIModule: Creating AISystem for world Untitled_1
[2020.09.25-15.17.54:056][  0]LogAISub: UAISubsystem::UAISubsystem EnvQueryManager (00000199352A1000), frame # 0
[2020.09.25-15.17.54:056][  0]LogAISub: UAISubsystem::UAISubsystem AIPerceptionSystem (0000019941BAE5C0), frame # 0
[2020.09.25-15.17.54:058][  0]LogEditorServer: Finished looking for orphan Actors (0.000 secs)
[2020.09.25-15.17.54:068][  0]LogUObjectHash: Compacting FUObjectHashTables data took   0.61ms
[2020.09.25-15.17.54:068][  0]Cmd: MAP CHECKDEP NOCLEARLOG
[2020.09.25-15.17.54:068][  0]MapCheck: Map check complete: 0 Error(s), 0 Warning(s), took 0.142ms to complete.
[2020.09.25-15.17.54:068][  0]LogFileHelpers: Loading map 'Template_Default' took 0.069
[2020.09.25-15.17.54:069][  0]LogUnrealEdMisc: Total Editor Startup Time, took 4.291
[2020.09.25-15.17.54:189][  0]LogSlate: Updating window title bar state: overlay mode, drag disabled, window buttons hidden, title bar hidden
[2020.09.25-15.17.54:194][  0]LogSlate: Updating window title bar state: overlay mode, drag disabled, window buttons hidden, title bar hidden
[2020.09.25-15.17.54:199][  0]LogSlate: Updating window title bar state: overlay mode, drag disabled, window buttons hidden, title bar hidden
[2020.09.25-15.17.54:203][  0]LogSlate: Updating window title bar state: overlay mode, drag disabled, window buttons hidden, title bar hidden
[2020.09.25-15.17.54:208][  0]LogCollectionManager: Loaded 0 collections in 0.001627 seconds
[2020.09.25-15.17.54:218][  0]LogFileCache: Scanning file cache for directory 'C:/Dev/Unreal Engine 4/CPP Tutorial/PacMan/Saved/Collections/' took 0.00s
[2020.09.25-15.17.54:218][  0]LogFileCache: Scanning file cache for directory 'C:/Dev/Unreal Engine 4/CPP Tutorial/PacMan/Content/Developers/Bman/Collections/' took 0.00s
[2020.09.25-15.17.54:218][  0]LogFileCache: Scanning file cache for directory 'C:/Dev/Unreal Engine 4/CPP Tutorial/PacMan/Content/Collections/' took 0.00s
[2020.09.25-15.17.54:218][  0]LogContentBrowser: Native class hierarchy populated in 0.0067 seconds. Added 3429 classes and 823 folders.
[2020.09.25-15.17.54:221][  0]LogContentBrowser: Native class hierarchy updated for 'WidgetCarousel' in 0.0002 seconds. Added 0 classes and 0 folders.
[2020.09.25-15.17.54:256][  0]LogContentBrowser: Native class hierarchy updated for 'AddContentDialog' in 0.0003 seconds. Added 0 classes and 0 folders.
[2020.09.25-15.17.54:258][  0]LogContentBrowser: Native class hierarchy updated for 'SceneOutliner' in 0.0003 seconds. Added 2 classes and 0 folders.
[2020.09.25-15.17.54:281][  0]LogSlate: Took 0.000115 seconds to synchronously load lazily loaded font '../../../Engine/Content/Slate/Fonts/Roboto-Regular.ttf' (155K)
[2020.09.25-15.17.54:709][  0]LogSlate: Took 0.000125 seconds to synchronously load lazily loaded font '../../../Engine/Content/Slate/Fonts/Roboto-Bold.ttf' (160K)
[2020.09.25-15.17.54:713][  0]LogSlate: Took 0.000100 seconds to synchronously load lazily loaded font '../../../Engine/Content/Editor/Slate/Fonts/FontAwesome.ttf' (139K)
[2020.09.25-15.17.54:737][  0]LogRenderer: Reallocating scene render targets to support 776x340 Format 10 NumSamples 1 (Frame:1).
[2020.09.25-15.17.54:768][  0]LogSlate: Took 0.000130 seconds to synchronously load lazily loaded font '../../../Engine/Content/Slate/Fonts/Roboto-Light.ttf' (167K)
[2020.09.25-15.17.54:806][  0]LogContentBrowser: Native class hierarchy updated for 'HierarchicalLODOutliner' in 0.0003 seconds. Added 0 classes and 0 folders.
[2020.09.25-15.17.54:806][  0]LogLoad: (Engine Initialization) Total time: 5.03 seconds
[2020.09.25-15.17.54:806][  0]LogLoad: (Engine Initialization) Total Blueprint compile time: 0.00 seconds
[2020.09.25-15.17.54:837][  0]LogAssetRegistry: Asset discovery search completed in 2.6069 seconds
[2020.09.25-15.17.54:841][  0]LogCollectionManager: Fixed up redirectors for 0 collections in 0.000002 seconds (updated 0 objects)
[2020.09.25-15.17.54:842][  0]LogContentStreaming: Texture pool size now 1000 MB
[2020.09.25-15.17.54:867][  1]LogFileCache: Retrieving MD5 hashes for directory 'C:/Dev/Unreal Engine 4/CPP Tutorial/PacMan/Content/' took 0.05s
[2020.09.25-15.17.57:839][341]LogSlate: Took 0.000128 seconds to synchronously load lazily loaded font '../../../Engine/Content/Slate/Fonts/Roboto-Light.ttf' (167K)
[2020.09.25-15.18.05:582][224]AssetReimport: New page: Outstanding source content changes 9:18:05 pm
[2020.09.25-15.18.05:589][224]LogStaticMesh: Building static mesh SM_Enemy_Dead...
[2020.09.25-15.18.05:605][224]LogStaticMesh: Built static mesh [0.02s] /Game/Pacman/Meshes/SM_Enemy_Dead.SM_Enemy_Dead
[2020.09.25-15.18.05:696][224]LogEditorFactories: Performing atomic reimport of [C:/Dev/Unreal Engine 4/CPP Tutorial/PacMan/Content/Pacman/Meshes/SM_Enemy_Dead.fbx]
[2020.09.25-15.18.05:771][224]LogFbx: Loading FBX Scene from C:/Dev/Unreal Engine 4/CPP Tutorial/PacMan/Content/Pacman/Meshes/SM_Enemy_Dead.fbx
[2020.09.25-15.18.05:807][224]LogFbx: FBX Scene Loaded Succesfully
[2020.09.25-15.18.05:843][224]LogStaticMesh: Building static mesh SM_Enemy_Dead...
[2020.09.25-15.18.05:848][224]LogStaticMesh: Built static mesh [0.01s] /Engine/Transient.SM_Enemy_Dead
[2020.09.25-15.18.06:189][224]LogStaticMesh: Building static mesh SM_Enemy_Dead...
[2020.09.25-15.18.06:195][224]LogStaticMesh: Built static mesh [0.01s] /Game/Pacman/Meshes/SM_Enemy_Dead.SM_Enemy_Dead
[2020.09.25-15.18.06:200][224]LogEditorFactories: -- imported successfully
[2020.09.25-15.18.06:354][225]LogStaticMesh: Building static mesh SM_Enemy_Default...
[2020.09.25-15.18.06:361][225]LogStaticMesh: Built static mesh [0.01s] /Game/Pacman/Meshes/SM_Enemy_Default.SM_Enemy_Default
[2020.09.25-15.18.06:364][225]LogEditorFactories: Performing atomic reimport of [C:/Dev/Unreal Engine 4/CPP Tutorial/PacMan/Content/Pacman/Meshes/SM_Enemy_Default.fbx]
[2020.09.25-15.18.06:373][225]LogFbx: Loading FBX Scene from C:/Dev/Unreal Engine 4/CPP Tutorial/PacMan/Content/Pacman/Meshes/SM_Enemy_Default.fbx
[2020.09.25-15.18.06:381][225]LogFbx: FBX Scene Loaded Succesfully
[2020.09.25-15.18.06:386][225]LogStaticMesh: Building static mesh SM_Enemy_Default...
[2020.09.25-15.18.06:393][225]LogStaticMesh: Built static mesh [0.01s] /Engine/Transient.SM_Enemy_Default
[2020.09.25-15.18.06:436][225]LogStaticMesh: Building static mesh SM_Enemy_Default...
[2020.09.25-15.18.06:440][225]LogStaticMesh: Built static mesh [0.00s] /Game/Pacman/Meshes/SM_Enemy_Default.SM_Enemy_Default
[2020.09.25-15.18.06:442][225]LogEditorFactories: -- imported successfully
[2020.09.25-15.18.06:502][225]LogShaderCompilers: Display: Worker (7/9): shaders left to compile 61
[2020.09.25-15.18.06:555][226]LogStaticMesh: Building static mesh SM_Enemy_Vulnerable...
[2020.09.25-15.18.06:562][226]LogStaticMesh: Built static mesh [0.01s] /Game/Pacman/Meshes/SM_Enemy_Vulnerable.SM_Enemy_Vulnerable
[2020.09.25-15.18.06:566][226]LogEditorFactories: Performing atomic reimport of [C:/Dev/Unreal Engine 4/CPP Tutorial/PacMan/Content/Pacman/Meshes/SM_Enemy_Vulnerable.fbx]
[2020.09.25-15.18.06:576][226]LogFbx: Loading FBX Scene from C:/Dev/Unreal Engine 4/CPP Tutorial/PacMan/Content/Pacman/Meshes/SM_Enemy_Vulnerable.fbx
[2020.09.25-15.18.06:584][226]LogFbx: FBX Scene Loaded Succesfully
[2020.09.25-15.18.06:589][226]LogStaticMesh: Building static mesh SM_Enemy_Vulnerable...
[2020.09.25-15.18.06:597][226]LogStaticMesh: Built static mesh [0.01s] /Engine/Transient.SM_Enemy_Vulnerable
[2020.09.25-15.18.06:643][226]LogStaticMesh: Building static mesh SM_Enemy_Vulnerable...
[2020.09.25-15.18.06:650][226]LogStaticMesh: Built static mesh [0.01s] /Game/Pacman/Meshes/SM_Enemy_Vulnerable.SM_Enemy_Vulnerable
[2020.09.25-15.18.06:652][226]LogEditorFactories: -- imported successfully
[2020.09.25-15.18.06:705][227]LogStaticMesh: Building static mesh SM_FruitCherry...
[2020.09.25-15.18.06:738][227]LogStaticMesh: Built static mesh [0.03s] /Game/Pacman/Meshes/SM_FruitCherry.SM_FruitCherry
[2020.09.25-15.18.06:747][227]LogEditorFactories: Performing atomic reimport of [C:/Dev/Unreal Engine 4/CPP Tutorial/PacMan/Content/Pacman/Meshes/SM_Fruit_Cherry.fbx]
[2020.09.25-15.18.06:757][227]LogFbx: Loading FBX Scene from C:/Dev/Unreal Engine 4/CPP Tutorial/PacMan/Content/Pacman/Meshes/SM_Fruit_Cherry.fbx
[2020.09.25-15.18.06:765][227]LogFbx: FBX Scene Loaded Succesfully
[2020.09.25-15.18.06:784][227]LogStaticMesh: Building static mesh SM_FruitCherry...
[2020.09.25-15.18.06:828][227]LogStaticMesh: Built static mesh [0.04s] /Engine/Transient.SM_FruitCherry
[2020.09.25-15.18.06:963][227]LogStaticMesh: Building static mesh SM_FruitCherry...
[2020.09.25-15.18.07:004][227]LogStaticMesh: Built static mesh [0.04s] /Game/Pacman/Meshes/SM_FruitCherry.SM_FruitCherry
[2020.09.25-15.18.07:012][227]LogEditorFactories: -- imported successfully
[2020.09.25-15.18.07:099][228]LogStaticMesh: Building static mesh SM_FruitOrange...
[2020.09.25-15.18.07:145][228]LogStaticMesh: Built static mesh [0.05s] /Game/Pacman/Meshes/SM_FruitOrange.SM_FruitOrange
[2020.09.25-15.18.07:154][228]LogEditorFactories: Performing atomic reimport of [C:/Dev/Unreal Engine 4/CPP Tutorial/PacMan/Content/Pacman/Meshes/SM_Fruit_Orange.fbx]
[2020.09.25-15.18.07:164][228]LogFbx: Loading FBX Scene from C:/Dev/Unreal Engine 4/CPP Tutorial/PacMan/Content/Pacman/Meshes/SM_Fruit_Orange.fbx
[2020.09.25-15.18.07:170][228]LogFbx: FBX Scene Loaded Succesfully
[2020.09.25-15.18.07:185][228]LogStaticMesh: Building static mesh SM_FruitOrange...
[2020.09.25-15.18.07:221][228]LogStaticMesh: Built static mesh [0.04s] /Engine/Transient.SM_FruitOrange
[2020.09.25-15.18.07:342][228]LogStaticMesh: Building static mesh SM_FruitOrange...
[2020.09.25-15.18.07:391][228]LogStaticMesh: Built static mesh [0.05s] /Game/Pacman/Meshes/SM_FruitOrange.SM_FruitOrange
[2020.09.25-15.18.07:401][228]LogEditorFactories: -- imported successfully
[2020.09.25-15.18.07:442][229]LogStaticMesh: Building static mesh SM_FruitPear...
[2020.09.25-15.18.07:455][229]LogStaticMesh: Built static mesh [0.01s] /Game/Pacman/Meshes/SM_FruitPear.SM_FruitPear
[2020.09.25-15.18.07:459][229]LogEditorFactories: Performing atomic reimport of [C:/Dev/Unreal Engine 4/CPP Tutorial/PacMan/Content/Pacman/Meshes/SM_Fruit_Pear.fbx]
[2020.09.25-15.18.07:469][229]LogFbx: Loading FBX Scene from C:/Dev/Unreal Engine 4/CPP Tutorial/PacMan/Content/Pacman/Meshes/SM_Fruit_Pear.fbx
[2020.09.25-15.18.07:476][229]LogFbx: FBX Scene Loaded Succesfully
[2020.09.25-15.18.07:484][229]LogStaticMesh: Building static mesh SM_FruitPear...
[2020.09.25-15.18.07:497][229]LogStaticMesh: Built static mesh [0.01s] /Engine/Transient.SM_FruitPear
[2020.09.25-15.18.07:550][229]LogStaticMesh: Building static mesh SM_FruitPear...
[2020.09.25-15.18.07:562][229]LogStaticMesh: Built static mesh [0.01s] /Game/Pacman/Meshes/SM_FruitPear.SM_FruitPear
[2020.09.25-15.18.07:566][229]LogEditorFactories: -- imported successfully
[2020.09.25-15.18.07:607][230]LogStaticMesh: Building static mesh SM_PacmanClosed...
[2020.09.25-15.18.07:610][230]LogStaticMesh: Built static mesh [0.00s] /Game/Pacman/Meshes/SM_PacmanClosed.SM_PacmanClosed
[2020.09.25-15.18.07:614][230]LogEditorFactories: Performing atomic reimport of [C:/Dev/Unreal Engine 4/CPP Tutorial/PacMan/Content/Pacman/Meshes/SM_Pacman_Closed.fbx]
[2020.09.25-15.18.07:623][230]LogFbx: Loading FBX Scene from C:/Dev/Unreal Engine 4/CPP Tutorial/PacMan/Content/Pacman/Meshes/SM_Pacman_Closed.fbx
[2020.09.25-15.18.07:629][230]LogFbx: FBX Scene Loaded Succesfully
[2020.09.25-15.18.07:633][230]LogStaticMesh: Building static mesh SM_PacmanClosed...
[2020.09.25-15.18.07:635][230]LogStaticMesh: Built static mesh [0.00s] /Engine/Transient.SM_PacmanClosed
[2020.09.25-15.18.07:657][230]LogStaticMesh: Building static mesh SM_PacmanClosed...
[2020.09.25-15.18.07:660][230]LogStaticMesh: Built static mesh [0.00s] /Game/Pacman/Meshes/SM_PacmanClosed.SM_PacmanClosed
[2020.09.25-15.18.07:662][230]LogEditorFactories: -- imported successfully
[2020.09.25-15.18.07:738][231]LogStaticMesh: Building static mesh SM_PacmanOpen...
[2020.09.25-15.18.07:741][231]LogStaticMesh: Built static mesh [0.00s] /Game/Pacman/Meshes/SM_PacmanOpen.SM_PacmanOpen
[2020.09.25-15.18.07:745][231]LogEditorFactories: Performing atomic reimport of [C:/Dev/Unreal Engine 4/CPP Tutorial/PacMan/Content/Pacman/Meshes/SM_Pacman_Open.fbx]
[2020.09.25-15.18.07:754][231]LogFbx: Loading FBX Scene from C:/Dev/Unreal Engine 4/CPP Tutorial/PacMan/Content/Pacman/Meshes/SM_Pacman_Open.fbx
[2020.09.25-15.18.07:762][231]LogFbx: FBX Scene Loaded Succesfully
[2020.09.25-15.18.07:765][231]LogStaticMesh: Building static mesh SM_PacmanOpen...
[2020.09.25-15.18.07:768][231]LogStaticMesh: Built static mesh [0.00s] /Engine/Transient.SM_PacmanOpen
[2020.09.25-15.18.07:793][231]LogStaticMesh: Building static mesh SM_PacmanOpen...
[2020.09.25-15.18.07:795][231]LogStaticMesh: Built static mesh [0.00s] /Game/Pacman/Meshes/SM_PacmanOpen.SM_PacmanOpen
[2020.09.25-15.18.07:797][231]LogEditorFactories: -- imported successfully
[2020.09.25-15.18.08:155][232]Cmd: OBJ SAVEPACKAGE PACKAGE="/Game/Pacman/Meshes/SM_Enemy_Dead" FILE="../../../../../../Dev/Unreal Engine 4/CPP Tutorial/PacMan/Content/Pacman/Meshes/SM_Enemy_Dead.uasset" SILENT=true
[2020.09.25-15.18.08:200][232]LogSavePackage: Moving '../../../../../../Dev/Unreal Engine 4/CPP Tutorial/PacMan/Saved/SM_Enemy_DeadF0D05B664CA0A3AB0987AFBD1FDC4EEE.tmp' to '../../../../../../Dev/Unreal Engine 4/CPP Tutorial/PacMan/Content/Pacman/Meshes/SM_Enemy_Dead.uasset'
[2020.09.25-15.18.08:231][232]Cmd: OBJ SAVEPACKAGE PACKAGE="/Game/Pacman/Meshes/SM_Enemy_Default" FILE="../../../../../../Dev/Unreal Engine 4/CPP Tutorial/PacMan/Content/Pacman/Meshes/SM_Enemy_Default.uasset" SILENT=true
[2020.09.25-15.18.08:337][232]LogSavePackage: Moving '../../../../../../Dev/Unreal Engine 4/CPP Tutorial/PacMan/Saved/SM_Enemy_DefaultCFA7733C40386F5FB7134B8B8276A43B.tmp' to '../../../../../../Dev/Unreal Engine 4/CPP Tutorial/PacMan/Content/Pacman/Meshes/SM_Enemy_Default.uasset'
[2020.09.25-15.18.08:354][232]Cmd: OBJ SAVEPACKAGE PACKAGE="/Game/Pacman/Meshes/SM_Enemy_Vulnerable" FILE="../../../../../../Dev/Unreal Engine 4/CPP Tutorial/PacMan/Content/Pacman/Meshes/SM_Enemy_Vulnerable.uasset" SILENT=true
[2020.09.25-15.18.08:387][232]LogSavePackage: Moving '../../../../../../Dev/Unreal Engine 4/CPP Tutorial/PacMan/Saved/SM_Enemy_Vulnerable9634FDE849AA32589E4562BF099934C0.tmp' to '../../../../../../Dev/Unreal Engine 4/CPP Tutorial/PacMan/Content/Pacman/Meshes/SM_Enemy_Vulnerable.uasset'
[2020.09.25-15.18.08:404][232]Cmd: OBJ SAVEPACKAGE PACKAGE="/Game/Pacman/Meshes/SM_FruitCherry" FILE="../../../../../../Dev/Unreal Engine 4/CPP Tutorial/PacMan/Content/Pacman/Meshes/SM_FruitCherry.uasset" SILENT=true
[2020.09.25-15.18.08:452][232]LogSavePackage: Moving '../../../../../../Dev/Unreal Engine 4/CPP Tutorial/PacMan/Saved/SM_FruitCherryDBB3EC60471807C5C9AD0282CCCE710B.tmp' to '../../../../../../Dev/Unreal Engine 4/CPP Tutorial/PacMan/Content/Pacman/Meshes/SM_FruitCherry.uasset'
[2020.09.25-15.18.08:475][232]Cmd: OBJ SAVEPACKAGE PACKAGE="/Game/Pacman/Meshes/SM_FruitOrange" FILE="../../../../../../Dev/Unreal Engine 4/CPP Tutorial/PacMan/Content/Pacman/Meshes/SM_FruitOrange.uasset" SILENT=true
[2020.09.25-15.18.08:518][232]LogSavePackage: Moving '../../../../../../Dev/Unreal Engine 4/CPP Tutorial/PacMan/Saved/SM_FruitOrange10B3A9884FE0A9E23A4DB8899A25AF6B.tmp' to '../../../../../../Dev/Unreal Engine 4/CPP Tutorial/PacMan/Content/Pacman/Meshes/SM_FruitOrange.uasset'
[2020.09.25-15.18.08:535][232]Cmd: OBJ SAVEPACKAGE PACKAGE="/Game/Pacman/Meshes/SM_FruitPear" FILE="../../../../../../Dev/Unreal Engine 4/CPP Tutorial/PacMan/Content/Pacman/Meshes/SM_FruitPear.uasset" SILENT=true
[2020.09.25-15.18.08:572][232]LogSavePackage: Moving '../../../../../../Dev/Unreal Engine 4/CPP Tutorial/PacMan/Saved/SM_FruitPear3121595C45D3A6D74032B1A7BC408A23.tmp' to '../../../../../../Dev/Unreal Engine 4/CPP Tutorial/PacMan/Content/Pacman/Meshes/SM_FruitPear.uasset'
[2020.09.25-15.18.08:594][232]Cmd: OBJ SAVEPACKAGE PACKAGE="/Game/Pacman/Meshes/SM_PacmanClosed" FILE="../../../../../../Dev/Unreal Engine 4/CPP Tutorial/PacMan/Content/Pacman/Meshes/SM_PacmanClosed.uasset" SILENT=true
[2020.09.25-15.18.08:635][232]LogSavePackage: Moving '../../../../../../Dev/Unreal Engine 4/CPP Tutorial/PacMan/Saved/SM_PacmanClosedE6366E8E4C339BB6EBA1FCBD02394B0C.tmp' to '../../../../../../Dev/Unreal Engine 4/CPP Tutorial/PacMan/Content/Pacman/Meshes/SM_PacmanClosed.uasset'
[2020.09.25-15.18.08:658][232]Cmd: OBJ SAVEPACKAGE PACKAGE="/Game/Pacman/Meshes/SM_PacmanOpen" FILE="../../../../../../Dev/Unreal Engine 4/CPP Tutorial/PacMan/Content/Pacman/Meshes/SM_PacmanOpen.uasset" SILENT=true
[2020.09.25-15.18.08:716][232]LogSavePackage: Moving '../../../../../../Dev/Unreal Engine 4/CPP Tutorial/PacMan/Saved/SM_PacmanOpen31CFF9FF464887F7B2B995902FFA4187.tmp' to '../../../../../../Dev/Unreal Engine 4/CPP Tutorial/PacMan/Content/Pacman/Meshes/SM_PacmanOpen.uasset'
[2020.09.25-15.18.08:862][233]AssetCheck: New page: Asset Save: multiple assets
[2020.09.25-15.18.08:862][233]LogContentValidation: Display: Validating StaticMesh /Game/Pacman/Meshes/SM_Enemy_Dead.SM_Enemy_Dead
[2020.09.25-15.18.08:862][233]LogContentValidation: Display: Validating StaticMesh /Game/Pacman/Meshes/SM_Enemy_Default.SM_Enemy_Default
[2020.09.25-15.18.08:862][233]LogContentValidation: Display: Validating StaticMesh /Game/Pacman/Meshes/SM_Enemy_Vulnerable.SM_Enemy_Vulnerable
[2020.09.25-15.18.08:862][233]LogContentValidation: Display: Validating StaticMesh /Game/Pacman/Meshes/SM_FruitCherry.SM_FruitCherry
[2020.09.25-15.18.08:862][233]LogContentValidation: Display: Validating StaticMesh /Game/Pacman/Meshes/SM_FruitOrange.SM_FruitOrange
[2020.09.25-15.18.08:862][233]LogContentValidation: Display: Validating StaticMesh /Game/Pacman/Meshes/SM_FruitPear.SM_FruitPear
[2020.09.25-15.18.08:862][233]LogContentValidation: Display: Validating StaticMesh /Game/Pacman/Meshes/SM_PacmanClosed.SM_PacmanClosed
[2020.09.25-15.18.08:862][233]LogContentValidation: Display: Validating StaticMesh /Game/Pacman/Meshes/SM_PacmanOpen.SM_PacmanOpen
[2020.09.25-15.18.11:748][409]AssetReimport: Reimported asset SM_Enemy_Dead from C:/Dev/Unreal Engine 4/CPP Tutorial/PacMan/Content/Pacman/Meshes/SM_Enemy_Dead.fbx.
[2020.09.25-15.18.11:748][409]AssetReimport: Reimported asset SM_Enemy_Default from C:/Dev/Unreal Engine 4/CPP Tutorial/PacMan/Content/Pacman/Meshes/SM_Enemy_Default.fbx.
[2020.09.25-15.18.11:748][409]AssetReimport: Reimported asset SM_Enemy_Vulnerable from C:/Dev/Unreal Engine 4/CPP Tutorial/PacMan/Content/Pacman/Meshes/SM_Enemy_Vulnerable.fbx.
[2020.09.25-15.18.11:748][409]AssetReimport: Reimported asset SM_FruitCherry from C:/Dev/Unreal Engine 4/CPP Tutorial/PacMan/Content/Pacman/Meshes/SM_Fruit_Cherry.fbx.
[2020.09.25-15.18.11:748][409]AssetReimport: Reimported asset SM_FruitOrange from C:/Dev/Unreal Engine 4/CPP Tutorial/PacMan/Content/Pacman/Meshes/SM_Fruit_Orange.fbx.
[2020.09.25-15.18.11:748][409]AssetReimport: Reimported asset SM_FruitPear from C:/Dev/Unreal Engine 4/CPP Tutorial/PacMan/Content/Pacman/Meshes/SM_Fruit_Pear.fbx.
[2020.09.25-15.18.11:748][409]AssetReimport: Reimported asset SM_PacmanClosed from C:/Dev/Unreal Engine 4/CPP Tutorial/PacMan/Content/Pacman/Meshes/SM_Pacman_Closed.fbx.
[2020.09.25-15.18.11:748][409]AssetReimport: Reimported asset SM_PacmanOpen from C:/Dev/Unreal Engine 4/CPP Tutorial/PacMan/Content/Pacman/Meshes/SM_Pacman_Open.fbx.
[2020.09.25-15.18.12:074][428]LogShaderCompilers: Display: Worker (1/9): shaders left to compile 163
[2020.09.25-15.18.12:320][443]LogShaderCompilers: Display: Worker (4/9): shaders left to compile 153
[2020.09.25-15.18.12:625][464]LogShaderCompilers: Display: Worker (7/9): shaders left to compile 143
[2020.09.25-15.18.12:748][470]LogShaderCompilers: Display: Worker (6/9): shaders left to compile 133
[2020.09.25-15.18.12:936][481]LogShaderCompilers: Display: Worker (3/9): shaders left to compile 123
[2020.09.25-15.18.12:992][484]LogShaderCompilers: Display: Worker (5/9): shaders left to compile 113
[2020.09.25-15.18.14:033][546]LogShaderCompilers: Display: Worker (2/9): shaders left to compile 103
[2020.09.25-15.18.14:826][596]LogShaderCompilers: Display: Worker (8/9): shaders left to compile 93
[2020.09.25-15.18.17:933][780]LogShaderCompilers: Display: Worker (1/9): shaders left to compile 83
[2020.09.25-15.18.18:901][842]LogShaderCompilers: Display: Worker (3/9): shaders left to compile 73
[2020.09.25-15.18.19:432][873]LogShaderCompilers: Display: Worker (7/9): shaders left to compile 63
[2020.09.25-15.18.19:854][902]LogShaderCompilers: Display: Worker (6/9): shaders left to compile 55
[2020.09.25-15.18.20:253][925]LogShaderCompilers: Display: Worker (5/9): shaders left to compile 48
[2020.09.25-15.18.20:316][929]LogShaderCompilers: Display: Worker (8/9): shaders left to compile 41
[2020.09.25-15.18.20:649][949]LogShaderCompilers: Display: Worker (4/9): shaders left to compile 35
[2020.09.25-15.18.20:923][967]LogShaderCompilers: Display: Worker (2/9): shaders left to compile 30
[2020.09.25-15.18.22:984][ 99]LogShaderCompilers: Display: Worker (2/9): shaders left to compile 26
[2020.09.25-15.18.23:286][119]LogShaderCompilers: Display: Worker (8/9): shaders left to compile 22
[2020.09.25-15.18.23:307][120]LogShaderCompilers: Display: Worker (1/9): shaders left to compile 19
[2020.09.25-15.18.23:446][127]LogShaderCompilers: Display: Worker (4/9): shaders left to compile 16
[2020.09.25-15.18.24:017][167]LogShaderCompilers: Display: Worker (3/9): shaders left to compile 13
[2020.09.25-15.18.24:719][214]LogShaderCompilers: Display: Worker (5/9): shaders left to compile 11
[2020.09.25-15.18.24:867][228]LogShaderCompilers: Display: Worker (8/9): shaders left to compile 9
[2020.09.25-15.18.24:926][232]LogShaderCompilers: Display: Worker (1/9): shaders left to compile 7
[2020.09.25-15.18.25:204][250]LogShaderCompilers: Display: Worker (2/9): shaders left to compile 6
[2020.09.25-15.18.25:300][257]LogShaderCompilers: Display: Worker (4/9): shaders left to compile 5
[2020.09.25-15.18.25:468][266]LogShaderCompilers: Display: Worker (3/9): shaders left to compile 4
[2020.09.25-15.18.25:658][275]LogShaderCompilers: Display: Worker (6/9): shaders left to compile 3
[2020.09.25-15.18.25:712][277]LogShaderCompilers: Display: Worker (7/9): shaders left to compile 2
[2020.09.25-15.18.25:893][284]LogShaderCompilers: Display: Worker (6/9): shaders left to compile 1
[2020.09.25-15.18.32:684][974]LogAssetEditorSubsystem: Opening Asset editor for Class /Script/PacMan.PacmanPawn
[2020.09.25-15.18.45:337][390]LogSlate: Window 'Editor Preferences' being destroyed
[2020.09.25-15.18.45:338][390]LogSlate: Window 'Editor Preferences' being destroyed
